12.7594 	EXP 	Created window1 = Window(allowGUI=False, allowStencil=False, autoLog=True, bitsMode=UNKNOWN, blendMode='avg', color=array([ 0.,  0.,  0.]), colorSpace='rgb', fullscr=UNKNOWN, gamma=None, lms=UNKNOWN, monitor=<psychopy.monitors.calibTools.Monitor object at 0x112e0ca50>, multiSample=False, name='window1', numSamples=2, pos=[0, 0], screen=0, size=(1440, 900), stereo=False, units=u'norm', useFBO=True, useRetina=True, viewOri=0.0, viewPos=None, viewScale=None, waitBlanking=True, winType='pyglet')
12.7594 	EXP 	window1: recordFrameIntervals = False
12.9257 	EXP 	window1: recordFrameIntervals = True
13.1098 	EXP 	window1: recordFrameIntervals = False
13.1297 	EXP 	Created dots = DotStim(autoLog=True, coherence=1.0, color=array([ 1.,  1.,  1.]), colorSpace='rgb', contrast=1.0, depth=-1.0, dir=1.0, dotLife=10, dotSize=2, element=None, fieldPos=array([ 0.,  0.]), fieldShape='circle', fieldSize=array([ 400.,  400.]), nDots=500, name='dots', noiseDots='direction', opacity=1.0, rgb=array([ 1.,  1.,  1.]), signalDots='same', speed=2, units='pix', win=Window(...))
13.1373 	EXP 	<method-wrapper '__getattribute__' of attributeSetter object at 0x10f649b10>: vertices = array([[-5.,  5.],
       [ 5.,  5.],
       [ 5., -5.],
       [-5., -5.]])
13.1389 	EXP 	Created fixation = Rect(autoDraw=False, autoLog=True, closeShape=True, contrast=1.0, depth=-3.0, fillColor=array([ 1.,  1.,  1.]), fillColorSpace='rgb', fillRGB=array([ 1.,  1.,  1.]), interpolate=True, lineColor=array([ 1.,  1.,  1.]), lineColorSpace='rgb', lineRGB=array([ 1.,  1.,  1.]), lineWidth=1, name='fixation', opacity=1.0, ori=array(0.0), pos=array([ 0.,  0.]), size=array([ 1.,  1.]), units='pix', vertices=ndarray(...), win=Window(...))
13.1389 	WARNING 	Increasing number of minimum required reversals to the number of step sizes, (4).
13.1471 	EXP 	dots: coherence = 0.5
13.1471 	EXP 	dots: dir = 90.0
13.1471 	EXP 	fixation: autoDraw = True
13.6619 	EXP 	dots: autoDraw = True
14.3138 	DATA 	Keypress: up
14.3316 	EXP 	dots: autoDraw = False
14.3316 	EXP 	fixation: autoDraw = False
14.3316 	EXP 	dots: coherence = 0.19905358527674863
14.3316 	EXP 	dots: dir = 90.0
14.3316 	EXP 	fixation: autoDraw = True
14.8477 	EXP 	dots: autoDraw = True
15.5085 	DATA 	Keypress: up
15.5325 	EXP 	dots: autoDraw = False
15.5325 	EXP 	fixation: autoDraw = False
15.5325 	EXP 	dots: coherence = 0.079244659623055672
15.5325 	EXP 	dots: dir = -90.0
15.5325 	EXP 	fixation: autoDraw = True
16.0347 	EXP 	dots: autoDraw = True
16.7315 	DATA 	Keypress: down
16.7526 	EXP 	dots: autoDraw = False
16.7526 	EXP 	fixation: autoDraw = False
16.7526 	EXP 	dots: coherence = 0.031547867224009658
16.7526 	EXP 	dots: dir = -90.0
16.7526 	EXP 	fixation: autoDraw = True
17.2710 	EXP 	dots: autoDraw = True
17.9532 	DATA 	Keypress: up
17.9725 	EXP 	dots: autoDraw = False
17.9725 	EXP 	fixation: autoDraw = False
17.9725 	EXP 	dots: coherence = 0.049999999999999996
17.9725 	EXP 	dots: dir = 90.0
17.9725 	EXP 	fixation: autoDraw = True
18.4889 	EXP 	dots: autoDraw = True
19.2069 	DATA 	Keypress: up
19.2259 	EXP 	dots: autoDraw = False
19.2259 	EXP 	fixation: autoDraw = False
19.2259 	EXP 	dots: coherence = 0.049999999999999996
19.2259 	EXP 	dots: dir = -90.0
19.2259 	EXP 	fixation: autoDraw = True
19.7449 	EXP 	dots: autoDraw = True
20.5039 	DATA 	Keypress: up
20.5285 	EXP 	dots: autoDraw = False
20.5285 	EXP 	fixation: autoDraw = False
20.5285 	EXP 	dots: coherence = 0.079244659623055672
20.5285 	EXP 	dots: dir = -90.0
20.5285 	EXP 	fixation: autoDraw = True
21.0319 	EXP 	dots: autoDraw = True
21.7810 	DATA 	Keypress: up
21.7991 	EXP 	dots: autoDraw = False
21.7991 	EXP 	fixation: autoDraw = False
21.7991 	EXP 	dots: coherence = 0.12559432157547901
21.7991 	EXP 	dots: dir = -90.0
21.7991 	EXP 	fixation: autoDraw = True
22.3199 	EXP 	dots: autoDraw = True
23.3036 	EXP 	dots: autoDraw = False
23.3224 	DATA 	Keypress: up
23.3370 	EXP 	dots: autoDraw = False
23.3370 	EXP 	fixation: autoDraw = False
23.3370 	EXP 	dots: coherence = 0.19905358527674863
23.3370 	EXP 	dots: dir = 90.0
23.3370 	EXP 	fixation: autoDraw = True
23.8552 	EXP 	dots: autoDraw = True
24.7068 	DATA 	Keypress: up
24.7253 	EXP 	dots: autoDraw = False
24.7253 	EXP 	fixation: autoDraw = False
24.7253 	EXP 	dots: coherence = 0.19905358527674863
24.7253 	EXP 	dots: dir = -90.0
24.7253 	EXP 	fixation: autoDraw = True
25.2422 	EXP 	dots: autoDraw = True
25.9926 	DATA 	Keypress: down
26.0108 	EXP 	dots: autoDraw = False
26.0108 	EXP 	fixation: autoDraw = False
26.0108 	EXP 	dots: coherence = 0.19905358527674863
26.0108 	EXP 	dots: dir = -90.0
26.0108 	EXP 	fixation: autoDraw = True
26.5299 	EXP 	dots: autoDraw = True
27.5148 	EXP 	dots: autoDraw = False
27.5342 	DATA 	Keypress: up
27.5478 	EXP 	dots: autoDraw = False
27.5478 	EXP 	fixation: autoDraw = False
27.5478 	EXP 	dots: coherence = 0.31547867224009668
27.5478 	EXP 	dots: dir = -90.0
27.5478 	EXP 	fixation: autoDraw = True
28.0663 	EXP 	dots: autoDraw = True
28.7485 	DATA 	Keypress: down
28.7684 	EXP 	dots: autoDraw = False
28.7684 	EXP 	fixation: autoDraw = False
28.7684 	EXP 	dots: coherence = 0.31547867224009668
28.7684 	EXP 	dots: dir = 90.0
28.7684 	EXP 	fixation: autoDraw = True
29.2868 	EXP 	dots: autoDraw = True
30.0251 	DATA 	Keypress: up
30.0384 	EXP 	dots: autoDraw = False
30.0384 	EXP 	fixation: autoDraw = False
30.0384 	EXP 	dots: coherence = 0.31547867224009668
30.0384 	EXP 	dots: dir = 90.0
30.0384 	EXP 	fixation: autoDraw = True
30.5606 	EXP 	dots: autoDraw = True
31.2707 	DATA 	Keypress: up
31.2918 	EXP 	dots: autoDraw = False
31.2918 	EXP 	fixation: autoDraw = False
31.2918 	EXP 	dots: coherence = 0.19905358527674866
31.2918 	EXP 	dots: dir = -90.0
31.2918 	EXP 	fixation: autoDraw = True
31.8109 	EXP 	dots: autoDraw = True
32.6922 	DATA 	Keypress: down
32.7122 	EXP 	dots: autoDraw = False
32.7122 	EXP 	fixation: autoDraw = False
32.7122 	EXP 	dots: coherence = 0.19905358527674866
32.7122 	EXP 	dots: dir = 90.0
32.7122 	EXP 	fixation: autoDraw = True
33.2304 	EXP 	dots: autoDraw = True
33.9508 	DATA 	Keypress: up
33.9657 	EXP 	dots: autoDraw = False
33.9657 	EXP 	fixation: autoDraw = False
33.9657 	EXP 	dots: coherence = 0.19905358527674866
33.9657 	EXP 	dots: dir = 90.0
33.9657 	EXP 	fixation: autoDraw = True
34.4850 	EXP 	dots: autoDraw = True
35.2459 	DATA 	Keypress: up
35.2693 	EXP 	dots: autoDraw = False
35.2693 	EXP 	fixation: autoDraw = False
35.2693 	EXP 	dots: coherence = 0.12559432157547901
35.2693 	EXP 	dots: dir = -90.0
35.2693 	EXP 	fixation: autoDraw = True
35.7709 	EXP 	dots: autoDraw = True
36.7355 	DATA 	Keypress: up
36.7556 	EXP 	dots: autoDraw = False
36.7556 	EXP 	dots: autoDraw = False
36.7556 	EXP 	fixation: autoDraw = False
36.7556 	EXP 	dots: coherence = 0.15811388300841897
36.7556 	EXP 	dots: dir = 90.0
36.7556 	EXP 	fixation: autoDraw = True
37.2745 	EXP 	dots: autoDraw = True
38.0226 	DATA 	Keypress: up
38.0427 	EXP 	dots: autoDraw = False
38.0427 	EXP 	fixation: autoDraw = False
38.0427 	EXP 	dots: coherence = 0.15811388300841897
38.0427 	EXP 	dots: dir = 90.0
38.0427 	EXP 	fixation: autoDraw = True
38.5615 	EXP 	dots: autoDraw = True
39.4047 	DATA 	Keypress: up
39.4304 	EXP 	dots: autoDraw = False
39.4304 	EXP 	fixation: autoDraw = False
39.4304 	EXP 	dots: coherence = 0.15811388300841897
39.4304 	EXP 	dots: dir = 90.0
39.4304 	EXP 	fixation: autoDraw = True
39.9330 	EXP 	dots: autoDraw = True
40.7144 	DATA 	Keypress: up
40.7340 	EXP 	dots: autoDraw = False
40.7340 	EXP 	fixation: autoDraw = False
40.7340 	EXP 	dots: coherence = 0.12559432157547901
40.7340 	EXP 	dots: dir = 90.0
40.7340 	EXP 	fixation: autoDraw = True
41.2529 	EXP 	dots: autoDraw = True
42.0901 	DATA 	Keypress: up
42.1044 	EXP 	dots: autoDraw = False
42.1044 	EXP 	fixation: autoDraw = False
42.1044 	EXP 	dots: coherence = 0.12559432157547901
42.1044 	EXP 	dots: dir = -90.0
42.1044 	EXP 	fixation: autoDraw = True
42.6238 	EXP 	dots: autoDraw = True
43.6084 	EXP 	dots: autoDraw = False
43.7610 	DATA 	Keypress: down
43.7749 	EXP 	dots: autoDraw = False
43.7749 	EXP 	fixation: autoDraw = False
43.7749 	EXP 	dots: coherence = 0.12559432157547901
43.7749 	EXP 	dots: dir = 90.0
43.7749 	EXP 	fixation: autoDraw = True
44.2945 	EXP 	dots: autoDraw = True
45.1906 	DATA 	Keypress: up
45.2126 	EXP 	dots: autoDraw = False
45.2126 	EXP 	fixation: autoDraw = False
45.2126 	EXP 	dots: coherence = 0.099763115748443973
45.2126 	EXP 	dots: dir = -90.0
45.2126 	EXP 	fixation: autoDraw = True
45.7150 	EXP 	dots: autoDraw = True
46.6008 	DATA 	Keypress: down
46.6165 	EXP 	dots: autoDraw = False
46.6165 	EXP 	fixation: autoDraw = False
46.6165 	EXP 	dots: coherence = 0.099763115748443973
46.6165 	EXP 	dots: dir = -90.0
46.6165 	EXP 	fixation: autoDraw = True
47.1188 	EXP 	dots: autoDraw = True
47.9169 	DATA 	Keypress: down
47.9367 	EXP 	dots: autoDraw = False
47.9367 	EXP 	fixation: autoDraw = False
47.9367 	EXP 	dots: coherence = 0.099763115748443973
47.9367 	EXP 	dots: dir = -90.0
47.9367 	EXP 	fixation: autoDraw = True
48.4560 	EXP 	dots: autoDraw = True
49.3343 	DATA 	Keypress: up
49.3572 	EXP 	dots: autoDraw = False
49.3572 	EXP 	fixation: autoDraw = False
49.3572 	EXP 	dots: coherence = 0.12559432157547901
49.3572 	EXP 	dots: dir = 90.0
49.3572 	EXP 	fixation: autoDraw = True
49.8596 	EXP 	dots: autoDraw = True
50.7385 	DATA 	Keypress: up
50.7610 	EXP 	dots: autoDraw = False
50.7610 	EXP 	fixation: autoDraw = False
50.7610 	EXP 	dots: coherence = 0.12559432157547901
50.7610 	EXP 	dots: dir = -90.0
50.7610 	EXP 	fixation: autoDraw = True
51.2635 	EXP 	dots: autoDraw = True
51.9779 	DATA 	Keypress: down
51.9977 	EXP 	dots: autoDraw = False
51.9977 	EXP 	fixation: autoDraw = False
51.9977 	EXP 	dots: coherence = 0.12559432157547901
51.9977 	EXP 	dots: dir = -90.0
51.9977 	EXP 	fixation: autoDraw = True
52.5165 	EXP 	dots: autoDraw = True
53.3159 	DATA 	Keypress: down
53.3346 	EXP 	dots: autoDraw = False
53.3346 	EXP 	fixation: autoDraw = False
53.3346 	EXP 	dots: coherence = 0.099763115748443973
53.3346 	EXP 	dots: dir = -90.0
53.3346 	EXP 	fixation: autoDraw = True
53.8536 	EXP 	dots: autoDraw = True
54.6651 	DATA 	Keypress: down
54.6883 	EXP 	dots: autoDraw = False
54.6883 	EXP 	fixation: autoDraw = False
54.6883 	EXP 	dots: coherence = 0.099763115748443973
54.6883 	EXP 	dots: dir = 90.0
54.6883 	EXP 	fixation: autoDraw = True
55.1904 	EXP 	dots: autoDraw = True
55.9714 	DATA 	Keypress: up
55.9918 	EXP 	dots: autoDraw = False
55.9918 	EXP 	fixation: autoDraw = False
55.9918 	EXP 	dots: coherence = 0.099763115748443973
55.9918 	EXP 	dots: dir = 90.0
55.9918 	EXP 	fixation: autoDraw = True
56.5110 	EXP 	dots: autoDraw = True
57.1298 	DATA 	Keypress: up
57.1478 	EXP 	dots: autoDraw = False
57.1478 	EXP 	fixation: autoDraw = False
57.1478 	EXP 	dots: coherence = 0.079244659623055658
57.1478 	EXP 	dots: dir = -90.0
57.1478 	EXP 	fixation: autoDraw = True
57.6620 	EXP 	dots: autoDraw = True
58.4136 	DATA 	Keypress: down
58.4316 	EXP 	dots: autoDraw = False
58.4316 	EXP 	fixation: autoDraw = False
58.4316 	EXP 	dots: coherence = 0.079244659623055658
58.4316 	EXP 	dots: dir = 90.0
58.4316 	EXP 	fixation: autoDraw = True
58.9507 	EXP 	dots: autoDraw = True
59.7208 	DATA 	Keypress: up
59.7353 	EXP 	dots: autoDraw = False
59.7353 	EXP 	fixation: autoDraw = False
59.7353 	EXP 	dots: coherence = 0.079244659623055658
59.7353 	EXP 	dots: dir = 90.0
59.7353 	EXP 	fixation: autoDraw = True
60.2544 	EXP 	dots: autoDraw = True
60.9998 	DATA 	Keypress: up
61.0221 	EXP 	dots: autoDraw = False
61.0221 	EXP 	fixation: autoDraw = False
61.0221 	EXP 	dots: coherence = 0.06294627058970835
61.0221 	EXP 	dots: dir = 90.0
61.0221 	EXP 	fixation: autoDraw = True
61.5244 	EXP 	dots: autoDraw = True
62.3230 	DATA 	Keypress: up
62.3421 	EXP 	dots: autoDraw = False
62.3421 	EXP 	fixation: autoDraw = False
62.3421 	EXP 	dots: coherence = 0.06294627058970835
62.3421 	EXP 	dots: dir = -90.0
62.3421 	EXP 	fixation: autoDraw = True
62.8622 	EXP 	dots: autoDraw = True
63.8464 	EXP 	dots: autoDraw = False
64.0153 	DATA 	Keypress: up
64.0302 	EXP 	dots: autoDraw = False
64.0302 	EXP 	fixation: autoDraw = False
64.0302 	EXP 	dots: coherence = 0.079244659623055672
64.0302 	EXP 	dots: dir = -90.0
64.0302 	EXP 	fixation: autoDraw = True
64.5494 	EXP 	dots: autoDraw = True
65.5342 	EXP 	dots: autoDraw = False
65.6696 	DATA 	Keypress: up
65.6847 	EXP 	dots: autoDraw = False
65.6847 	EXP 	fixation: autoDraw = False
65.6847 	EXP 	dots: coherence = 0.099763115748443987
65.6847 	EXP 	dots: dir = 90.0
65.6847 	EXP 	fixation: autoDraw = True
66.2032 	EXP 	dots: autoDraw = True
66.9004 	DATA 	Keypress: up
66.9213 	EXP 	dots: autoDraw = False
66.9213 	EXP 	fixation: autoDraw = False
66.9213 	EXP 	dots: coherence = 0.099763115748443987
66.9213 	EXP 	dots: dir = 90.0
66.9213 	EXP 	fixation: autoDraw = True
67.4403 	EXP 	dots: autoDraw = True
68.2221 	DATA 	Keypress: up
68.2415 	EXP 	dots: autoDraw = False
68.2415 	EXP 	fixation: autoDraw = False
68.2415 	EXP 	dots: coherence = 0.099763115748443987
68.2415 	EXP 	dots: dir = -90.0
68.2415 	EXP 	fixation: autoDraw = True
68.7608 	EXP 	dots: autoDraw = True
69.3156 	DATA 	Keypress: down
69.3277 	EXP 	dots: autoDraw = False
69.3277 	EXP 	fixation: autoDraw = False
69.3277 	EXP 	dots: coherence = 0.079244659623055672
69.3277 	EXP 	dots: dir = -90.0
69.3277 	EXP 	fixation: autoDraw = True
69.8470 	EXP 	dots: autoDraw = True
70.8314 	EXP 	dots: autoDraw = False
70.8340 	DATA 	Keypress: down
70.8485 	EXP 	dots: autoDraw = False
70.8485 	EXP 	fixation: autoDraw = False
70.8485 	EXP 	dots: coherence = 0.079244659623055672
70.8485 	EXP 	dots: dir = -90.0
70.8485 	EXP 	fixation: autoDraw = True
71.3677 	EXP 	dots: autoDraw = True
72.1674 	DATA 	Keypress: down
72.1859 	EXP 	dots: autoDraw = False
72.1859 	EXP 	fixation: autoDraw = False
72.1859 	EXP 	dots: coherence = 0.079244659623055672
72.1859 	EXP 	dots: dir = -90.0
72.1859 	EXP 	fixation: autoDraw = True
72.7046 	EXP 	dots: autoDraw = True
73.3083 	DATA 	Keypress: down
73.3220 	EXP 	dots: autoDraw = False
73.3220 	EXP 	fixation: autoDraw = False
73.3220 	EXP 	dots: coherence = 0.06294627058970835
73.3220 	EXP 	dots: dir = 90.0
73.3220 	EXP 	fixation: autoDraw = True
73.8411 	EXP 	dots: autoDraw = True
74.1449 	DATA 	Keypress: escape
