2.9569 	WARNING 	We strongly recommend you activate the PTB sound engine in PsychoPy prefs as the preferred audio engine. Its timing is vastly superior. Your prefs are currently set to use ['sounddevice', 'PTB', 'pyo', 'pygame'] (in that order).
5.8170 	WARNING 	User requested fullscreen with size [1024  768], but screen is actually [1920, 1200]. Using actual size
7.5111 	EXP 	Created window1 = Window(allowGUI=False, allowStencil=False, autoLog=True, backendConf=UNKNOWN, bitsMode=UNKNOWN, blendMode='avg', bpc=(8, 8, 8), color=array([0, 0, 0]), colorSpace='rgb', depthBits=8, fullscr=<method-wrapper '__getattribute__' of attributeSetter object at 0x00000168413D5710>, gamma=None, gammaErrorPolicy='raise', lms=UNKNOWN, monitor=<psychopy.monitors.calibTools.Monitor object at 0x00000168413FAC50>, multiSample=False, name='window1', numSamples=2, pos=[0.0, 0.0], screen=0, size=array([1920, 1200]), stencilBits=0, stereo=False, units='height', useFBO=True, useRetina=False, viewOri=0.0, viewPos=None, viewScale=None, waitBlanking=True, winType='pyglet')
7.5125 	EXP 	window1: mouseVisible = True
7.5126 	EXP 	window1: recordFrameIntervals = False
7.6774 	EXP 	window1: recordFrameIntervals = True
7.8612 	EXP 	window1: recordFrameIntervals = False
8.0208 	EXP 	Created text = TextStim(__class__=<class 'psychopy.visual.text.TextStim'>, alignHoriz=method-wrapper(...), alignText='center', alignVert=method-wrapper(...), anchorHoriz='center', anchorVert='center', antialias=True, autoLog=True, bold=False, color=array([1, 1, 1]), colorSpace='rgb', contrast=1.0, depth=0.0, flipHoriz=False, flipVert=False, font='Open Sans', fontFiles=[], height=0.1, italic=False, languageStyle='LTR', name='text', opacity=1, ori=0.0, pos=array([0., 0.]), rgb=UNKNOWN, text='', units='height', win=Window(...), wrapWidth=1)
8.0270 	EXP 	Imported word-list.xlsx as conditions, 10 conditions, 2 params
8.0273 	EXP 	Created sequence: sequential, trialTypes=10, nReps=1, seed=None
8.0275 	EXP 	New trial (rep=0, index=0): {'Word': 'cat', 'Fixed': 0}
8.0514 	EXP 	New trial (rep=0, index=1): {'Word': 'dog', 'Fixed': 0}
8.0534 	EXP 	New trial (rep=0, index=2): {'Word': 'fish', 'Fixed': 1}
8.0554 	EXP 	New trial (rep=0, index=3): {'Word': 'tree', 'Fixed': 0}
8.0575 	EXP 	New trial (rep=0, index=4): {'Word': 'house', 'Fixed': 0}
8.0594 	EXP 	New trial (rep=0, index=5): {'Word': 'grass', 'Fixed': 1}
8.0613 	EXP 	New trial (rep=0, index=6): {'Word': 'food', 'Fixed': 0}
8.0632 	EXP 	New trial (rep=0, index=7): {'Word': 'drink', 'Fixed': 0}
8.0652 	EXP 	New trial (rep=0, index=8): {'Word': 'chair', 'Fixed': 1}
8.0672 	EXP 	New trial (rep=0, index=9): {'Word': 'table', 'Fixed': 0}
8.0695 	EXP 	Created sequence: random, trialTypes=1, nReps=10, seed=None
8.0696 	EXP 	New trial (rep=0, index=0): None
8.1487 	EXP 	text: text = 'dog'
8.1487 	EXP 	text: autoDraw = True
8.5793 	EXP 	New trial (rep=1, index=0): None
8.5946 	EXP 	text: autoDraw = False
8.5946 	EXP 	text: text = 'cat'
8.5946 	EXP 	text: autoDraw = True
9.0795 	EXP 	New trial (rep=2, index=0): None
9.0951 	EXP 	text: autoDraw = False
9.0951 	EXP 	text: text = 'fish'
9.0951 	EXP 	text: autoDraw = True
9.5818 	EXP 	New trial (rep=3, index=0): None
9.5971 	EXP 	text: autoDraw = False
9.5971 	EXP 	text: text = 'tree'
9.5971 	EXP 	text: autoDraw = True
10.0808 	EXP 	New trial (rep=4, index=0): None
10.0966 	EXP 	text: autoDraw = False
10.0966 	EXP 	text: text = 'house'
10.0966 	EXP 	text: autoDraw = True
10.5807 	EXP 	New trial (rep=5, index=0): None
10.5963 	EXP 	text: autoDraw = False
10.5963 	EXP 	text: text = 'grass'
10.5963 	EXP 	text: autoDraw = True
11.0807 	EXP 	New trial (rep=6, index=0): None
11.0967 	EXP 	text: autoDraw = False
11.0967 	EXP 	text: text = 'table'
11.0967 	EXP 	text: autoDraw = True
11.5814 	EXP 	New trial (rep=7, index=0): None
11.5971 	EXP 	text: autoDraw = False
11.5971 	EXP 	text: text = 'drink'
11.5971 	EXP 	text: autoDraw = True
12.0815 	EXP 	New trial (rep=8, index=0): None
12.0982 	EXP 	text: autoDraw = False
12.0982 	EXP 	text: text = 'chair'
12.0982 	EXP 	text: autoDraw = True
12.5821 	EXP 	New trial (rep=9, index=0): None
12.5979 	EXP 	text: autoDraw = False
12.5979 	EXP 	text: text = 'food'
12.5979 	EXP 	text: autoDraw = True
13.0986 	EXP 	text: autoDraw = False
13.1966 	EXP 	window1: mouseVisible = True
