3.0574 	WARNING 	We strongly recommend you activate the PTB sound engine in PsychoPy prefs as the preferred audio engine. Its timing is vastly superior. Your prefs are currently set to use ['sounddevice', 'PTB', 'pyo', 'pygame'] (in that order).
5.6398 	WARNING 	User requested fullscreen with size [1024  768], but screen is actually [1920, 1200]. Using actual size
7.3992 	EXP 	Created window1 = Window(allowGUI=False, allowStencil=False, autoLog=True, backendConf=UNKNOWN, bitsMode=UNKNOWN, blendMode='avg', bpc=(8, 8, 8), color=array([0, 0, 0]), colorSpace='rgb', depthBits=8, fullscr=<method-wrapper '__getattribute__' of attributeSetter object at 0x000001886C274710>, gamma=None, gammaErrorPolicy='raise', lms=UNKNOWN, monitor=<psychopy.monitors.calibTools.Monitor object at 0x000001886C29AC88>, multiSample=False, name='window1', numSamples=2, pos=[0.0, 0.0], screen=0, size=array([1920, 1200]), stencilBits=0, stereo=False, units='height', useFBO=True, useRetina=False, viewOri=0.0, viewPos=None, viewScale=None, waitBlanking=True, winType='pyglet')
7.4009 	EXP 	window1: mouseVisible = True
7.4010 	EXP 	window1: recordFrameIntervals = False
7.5656 	EXP 	window1: recordFrameIntervals = True
7.7493 	EXP 	window1: recordFrameIntervals = False
7.9041 	EXP 	Created text = TextStim(__class__=<class 'psychopy.visual.text.TextStim'>, alignHoriz=method-wrapper(...), alignText='center', alignVert=method-wrapper(...), anchorHoriz='center', anchorVert='center', antialias=True, autoLog=True, bold=False, color=array([1, 1, 1]), colorSpace='rgb', contrast=1.0, depth=0.0, flipHoriz=False, flipVert=False, font='Open Sans', fontFiles=[], height=0.1, italic=False, languageStyle='LTR', name='text', opacity=1, ori=0.0, pos=array([0., 0.]), rgb=UNKNOWN, text='', units='height', win=Window(...), wrapWidth=1)
7.9098 	EXP 	Imported word-list.xlsx as conditions, 10 conditions, 2 params
7.9100 	EXP 	Created sequence: sequential, trialTypes=10, nReps=1, seed=None
7.9103 	EXP 	New trial (rep=0, index=0): {'word': 'cat', 'fixed': 0}
8.1069 	EXP 	window1: mouseVisible = True
2.9713 	WARNING 	We strongly recommend you activate the PTB sound engine in PsychoPy prefs as the preferred audio engine. Its timing is vastly superior. Your prefs are currently set to use ['sounddevice', 'PTB', 'pyo', 'pygame'] (in that order).
5.5310 	WARNING 	User requested fullscreen with size [1024  768], but screen is actually [1920, 1200]. Using actual size
7.2962 	EXP 	Created window1 = Window(allowGUI=False, allowStencil=False, autoLog=True, backendConf=UNKNOWN, bitsMode=UNKNOWN, blendMode='avg', bpc=(8, 8, 8), color=array([0, 0, 0]), colorSpace='rgb', depthBits=8, fullscr=<method-wrapper '__getattribute__' of attributeSetter object at 0x00000282E54B46A0>, gamma=None, gammaErrorPolicy='raise', lms=UNKNOWN, monitor=<psychopy.monitors.calibTools.Monitor object at 0x00000282E54DAC18>, multiSample=False, name='window1', numSamples=2, pos=[0.0, 0.0], screen=0, size=array([1920, 1200]), stencilBits=0, stereo=False, units='height', useFBO=True, useRetina=False, viewOri=0.0, viewPos=None, viewScale=None, waitBlanking=True, winType='pyglet')
7.2976 	EXP 	window1: mouseVisible = True
7.2978 	EXP 	window1: recordFrameIntervals = False
7.4623 	EXP 	window1: recordFrameIntervals = True
7.6459 	EXP 	window1: recordFrameIntervals = False
7.8122 	EXP 	Created text = TextStim(__class__=<class 'psychopy.visual.text.TextStim'>, alignHoriz=method-wrapper(...), alignText='center', alignVert=method-wrapper(...), anchorHoriz='center', anchorVert='center', antialias=True, autoLog=True, bold=False, color=array([1, 1, 1]), colorSpace='rgb', contrast=1.0, depth=0.0, flipHoriz=False, flipVert=False, font='Open Sans', fontFiles=[], height=0.1, italic=False, languageStyle='LTR', name='text', opacity=1, ori=0.0, pos=array([0., 0.]), rgb=UNKNOWN, text='', units='height', win=Window(...), wrapWidth=1)
7.8181 	EXP 	Imported word-list.xlsx as conditions, 10 conditions, 2 params
7.8184 	EXP 	Created sequence: sequential, trialTypes=10, nReps=1, seed=None
7.8186 	EXP 	New trial (rep=0, index=0): {'word': 'cat', 'fixed': 0}
7.8438 	EXP 	New trial (rep=0, index=1): {'word': 'dog', 'fixed': 0}
7.8460 	EXP 	New trial (rep=0, index=2): {'word': 'fish', 'fixed': 1}
7.8480 	EXP 	New trial (rep=0, index=3): {'word': 'tree', 'fixed': 0}
7.8500 	EXP 	New trial (rep=0, index=4): {'word': 'house', 'fixed': 0}
7.8520 	EXP 	New trial (rep=0, index=5): {'word': 'grass', 'fixed': 1}
7.8540 	EXP 	New trial (rep=0, index=6): {'word': 'food', 'fixed': 0}
7.8559 	EXP 	New trial (rep=0, index=7): {'word': 'drink', 'fixed': 0}
7.8579 	EXP 	New trial (rep=0, index=8): {'word': 'chair', 'fixed': 1}
7.8599 	EXP 	New trial (rep=0, index=9): {'word': 'table', 'fixed': 0}
7.8622 	EXP 	Created sequence: random, trialTypes=1, nReps=10, seed=None
7.8626 	EXP 	New trial (rep=0, index=0): None
7.9608 	EXP 	text: text = {'word': 'house', 'fixed': 0}
7.9608 	EXP 	text: autoDraw = True
8.3661 	EXP 	New trial (rep=1, index=0): None
8.3801 	EXP 	text: autoDraw = False
8.3801 	EXP 	text: text = {'word': 'dog', 'fixed': 0}
8.3801 	EXP 	text: autoDraw = True
8.8638 	EXP 	New trial (rep=2, index=0): None
8.8798 	EXP 	text: autoDraw = False
8.8798 	EXP 	text: text = {'word': 'fish', 'fixed': 1}
8.8798 	EXP 	text: autoDraw = True
9.3647 	EXP 	New trial (rep=3, index=0): None
9.3856 	EXP 	text: autoDraw = False
9.3856 	EXP 	text: text = {'word': 'table', 'fixed': 0}
9.3856 	EXP 	text: autoDraw = True
9.8647 	EXP 	New trial (rep=4, index=0): None
9.8806 	EXP 	text: autoDraw = False
9.8806 	EXP 	text: text = {'word': 'food', 'fixed': 0}
9.8806 	EXP 	text: autoDraw = True
10.3656 	EXP 	New trial (rep=5, index=0): None
10.3810 	EXP 	text: autoDraw = False
10.3810 	EXP 	text: text = {'word': 'grass', 'fixed': 1}
10.3810 	EXP 	text: autoDraw = True
10.8653 	EXP 	New trial (rep=6, index=0): None
10.8814 	EXP 	text: autoDraw = False
10.8814 	EXP 	text: text = {'word': 'drink', 'fixed': 0}
10.8814 	EXP 	text: autoDraw = True
11.3658 	EXP 	New trial (rep=7, index=0): None
11.3819 	EXP 	text: autoDraw = False
11.3819 	EXP 	text: text = {'word': 'tree', 'fixed': 0}
11.3819 	EXP 	text: autoDraw = True
11.8667 	EXP 	New trial (rep=8, index=0): None
11.8823 	EXP 	text: autoDraw = False
11.8823 	EXP 	text: text = {'word': 'chair', 'fixed': 1}
11.8823 	EXP 	text: autoDraw = True
12.3665 	EXP 	New trial (rep=9, index=0): None
12.3826 	EXP 	text: autoDraw = False
12.3826 	EXP 	text: text = {'word': 'cat', 'fixed': 0}
12.3826 	EXP 	text: autoDraw = True
12.8833 	EXP 	text: autoDraw = False
12.9846 	EXP 	window1: mouseVisible = True
