5.3792 	WARNING 	Couldn't measure a consistent frame rate.
  - Is your graphics card set to sync to vertical blank?
  - Are you running other processes on your computer?

5.3798 	EXP 	Created window1 = Window(allowGUI=False, allowStencil=False, args=UNKNOWN, autoLog=True, bitsMode=UNKNOWN, blendMode='avg', color=array([0., 0., 0.]), colorSpace='rgb', fullscr=<method-wrapper '__getattribute__' of attributeSetter object at 0x10c6bfc90>, gamma=None, kwargs=UNKNOWN, lms=UNKNOWN, monitor=<psychopy.monitors.calibTools.Monitor object at 0x10e6f8bd0>, multiSample=False, name='window1', numSamples=2, pos=[0, 0], screen=0, size=array([1440,  900]), stereo=False, units=u'norm', useFBO=True, useRetina=False, viewOri=0.0, viewPos=None, viewScale=None, waitBlanking=True, winType=u'pyglet')
5.3798 	EXP 	window1: recordFrameIntervals = False
5.6300 	EXP 	window1: recordFrameIntervals = True
5.6972 	WARNING 	t of last frame was 32.87ms (=1/30)
5.7296 	WARNING 	t of last frame was 32.45ms (=1/30)
5.8312 	WARNING 	t of last frame was 32.76ms (=1/30)
5.8651 	WARNING 	t of last frame was 33.92ms (=1/29)
5.8981 	WARNING 	Multiple dropped frames have occurred - I'll stop bothering you about them!
7.9711 	WARNING 	Couldn't measure a consistent frame rate.
  - Is your graphics card set to sync to vertical blank?
  - Are you running other processes on your computer?

7.9855 	EXP 	Created face = ImageStim(autoLog=True, color=array([1., 1., 1.]), colorSpace='rgb', contrast=1.0, depth=0.0, flipHoriz=False, flipVert=False, image='sin', interpolate=True, mask=None, maskParams=None, name='face', opacity=1.0, ori=1.0, pos=array([0., 0.]), size=array([1., 1.]), texRes=128, units='pix', win=Window(...))
8.0122 	EXP 	Imported faceConditions.csv as conditions, 3 conditions, 1 params
8.0140 	EXP 	Created sequence: random, trialTypes=3, nReps=5, seed=None
8.0147 	EXP 	New trial (rep=0, index=0): OrderedDict([('imageFile', u'faces/face01.jpg')])
8.1370 	EXP 	face: image = u'faces/face01.jpg'
8.1370 	EXP 	face: autoDraw = True
11.9898 	DATA 	Keypress: space
13.2205 	DATA 	Keypress: right
17.9980 	EXP 	New trial (rep=0, index=1): OrderedDict([('imageFile', u'faces/face03.jpg')])
18.1766 	DATA 	Keypress: escape
18.4691 	EXP 	window1: mouseVisible = True
