8.0030 	EXP 	Created window1 = Window(allowGUI=False, allowStencil=False, autoLog=True, bitsMode=UNKNOWN, blendMode='avg', color=array([ 0.,  0.,  0.]), colorSpace='rgb', fullscr=UNKNOWN, gamma=None, lms=UNKNOWN, monitor=<psychopy.monitors.calibTools.Monitor object at 0x11380c8d0>, multiSample=False, name='window1', numSamples=2, pos=[0, 0], screen=0, size=(1440, 900), stereo=False, units=u'norm', useFBO=True, useRetina=True, viewOri=0.0, viewPos=None, viewScale=None, waitBlanking=True, winType='pyglet')
8.0031 	EXP 	window1: recordFrameIntervals = False
8.1693 	EXP 	window1: recordFrameIntervals = True
8.3532 	EXP 	window1: recordFrameIntervals = False
8.3613 	EXP 	Created dots = NewRDK(autoLog=True, coherence=1.0, color=array([ 1.,  1.,  1.]), colorSpace='rgb', contrast=1.0, depth=-2.0, dir=1.0, dotLife=10, dotSize=2, element=None, fieldPos=array([ 0.,  0.]), fieldShape='circle', fieldSize=array([ 400.,  400.]), nDots=500, name='dots', noiseDots='direction', opacity=1.0, rgb=array([ 1.,  1.,  1.]), signalDots='same', speed=2, units='pix', win=Window(...))
8.3679 	EXP 	<method-wrapper '__getattribute__' of attributeSetter object at 0x10ef2db10>: vertices = array([[-5.,  5.],
       [ 5.,  5.],
       [ 5., -5.],
       [-5., -5.]])
8.3695 	EXP 	Created fixation = Rect(autoDraw=False, autoLog=True, closeShape=True, contrast=1.0, depth=-4.0, fillColor=array([ 1.,  1.,  1.]), fillColorSpace='rgb', fillRGB=array([ 1.,  1.,  1.]), interpolate=True, lineColor=array([ 1.,  1.,  1.]), lineColorSpace='rgb', lineRGB=array([ 1.,  1.,  1.]), lineWidth=1, name='fixation', opacity=1.0, ori=array(0.0), pos=array([ 0.,  0.]), size=array([ 1.,  1.]), units='pix', vertices=ndarray(...), win=Window(...))
8.3696 	WARNING 	Increasing number of minimum required reversals to the number of step sizes, (4).
8.3776 	EXP 	dots: coherence = 0.5
8.3776 	EXP 	dots: dir = 90.0
8.3776 	EXP 	fixation: autoDraw = True
8.8890 	EXP 	dots: autoDraw = True
9.8747 	EXP 	dots: autoDraw = False
11.2481 	DATA 	Keypress: escape
7.9015 	EXP 	Created window1 = Window(allowGUI=False, allowStencil=False, autoLog=True, bitsMode=UNKNOWN, blendMode='avg', color=array([ 0.,  0.,  0.]), colorSpace='rgb', fullscr=UNKNOWN, gamma=None, lms=UNKNOWN, monitor=<psychopy.monitors.calibTools.Monitor object at 0x11274c8d0>, multiSample=False, name='window1', numSamples=2, pos=[0, 0], screen=0, size=(1440, 900), stereo=False, units=u'norm', useFBO=True, useRetina=True, viewOri=0.0, viewPos=None, viewScale=None, waitBlanking=True, winType='pyglet')
7.9016 	EXP 	window1: recordFrameIntervals = False
8.0672 	EXP 	window1: recordFrameIntervals = True
8.2515 	EXP 	window1: recordFrameIntervals = False
8.2637 	EXP 	Created dots = NewRDK(autoLog=True, coherence=1.0, color=array([ 1.,  1.,  1.]), colorSpace='rgb', contrast=1.0, depth=-2.0, dir=1.0, dotLife=10, dotSize=2, element=None, fieldPos=array([ 0.,  0.]), fieldShape='circle', fieldSize=array([ 400.,  400.]), nDots=500, name='dots', noiseDots='direction', opacity=1.0, rgb=array([ 1.,  1.,  1.]), signalDots='same', speed=2, units='pix', win=Window(...))
8.2702 	EXP 	<method-wrapper '__getattribute__' of attributeSetter object at 0x110e39b10>: vertices = array([[-5.,  5.],
       [ 5.,  5.],
       [ 5., -5.],
       [-5., -5.]])
8.2717 	EXP 	Created fixation = Rect(autoDraw=False, autoLog=True, closeShape=True, contrast=1.0, depth=-4.0, fillColor=array([ 1.,  1.,  1.]), fillColorSpace='rgb', fillRGB=array([ 1.,  1.,  1.]), interpolate=True, lineColor=array([ 1.,  1.,  1.]), lineColorSpace='rgb', lineRGB=array([ 1.,  1.,  1.]), lineWidth=1, name='fixation', opacity=1.0, ori=array(0.0), pos=array([ 0.,  0.]), size=array([ 1.,  1.]), units='pix', vertices=ndarray(...), win=Window(...))
8.2718 	WARNING 	Increasing number of minimum required reversals to the number of step sizes, (4).
8.2793 	EXP 	dots: coherence = 0.5
8.2793 	EXP 	dots: dir = 90.0
8.2793 	EXP 	fixation: autoDraw = True
8.8025 	EXP 	dots: autoDraw = True
9.7888 	EXP 	dots: autoDraw = False
11.7317 	DATA 	Keypress: escape
