13.5788 	EXP 	Created window1 = Window(allowGUI=False, allowStencil=False, autoLog=True, bitsMode=UNKNOWN, blendMode='avg', color=array([ 0.,  0.,  0.]), colorSpace='rgb', fullscr=UNKNOWN, gamma=None, lms=UNKNOWN, monitor=<psychopy.monitors.calibTools.Monitor object at 0x112fcc8d0>, multiSample=False, name='window1', numSamples=2, pos=[0, 0], screen=0, size=(1440, 900), stereo=False, units=u'norm', useFBO=True, useRetina=True, viewOri=0.0, viewPos=None, viewScale=None, waitBlanking=True, winType='pyglet')
13.5788 	EXP 	window1: recordFrameIntervals = False
13.7448 	EXP 	window1: recordFrameIntervals = True
13.9303 	EXP 	window1: recordFrameIntervals = False
13.9532 	EXP 	Created dots = DotStim(autoLog=True, coherence=1.0, color=array([ 1.,  1.,  1.]), colorSpace='rgb', contrast=1.0, depth=-2.0, dir=1.0, dotLife=10, dotSize=2, element=None, fieldPos=array([ 0.,  0.]), fieldShape='circle', fieldSize=array([ 400.,  400.]), nDots=500, name='dots', noiseDots='direction', opacity=1.0, rgb=array([ 1.,  1.,  1.]), signalDots='same', speed=2, units='pix', win=Window(...))
13.9624 	EXP 	<method-wrapper '__getattribute__' of attributeSetter object at 0x10f121b10>: vertices = array([[-5.,  5.],
       [ 5.,  5.],
       [ 5., -5.],
       [-5., -5.]])
13.9642 	EXP 	Created fixation = Rect(autoDraw=False, autoLog=True, closeShape=True, contrast=1.0, depth=-4.0, fillColor=array([ 1.,  1.,  1.]), fillColorSpace='rgb', fillRGB=array([ 1.,  1.,  1.]), interpolate=True, lineColor=array([ 1.,  1.,  1.]), lineColorSpace='rgb', lineRGB=array([ 1.,  1.,  1.]), lineWidth=1, name='fixation', opacity=1.0, ori=array(0.0), pos=array([ 0.,  0.]), size=array([ 1.,  1.]), units='pix', vertices=ndarray(...), win=Window(...))
13.9642 	WARNING 	Increasing number of minimum required reversals to the number of step sizes, (4).
13.9747 	EXP 	dots: coherence = 0.5
13.9747 	EXP 	dots: dir = 90.0
13.9747 	EXP 	fixation: autoDraw = True
14.4976 	EXP 	dots: autoDraw = True
15.0932 	DATA 	Keypress: space
15.4828 	EXP 	dots: autoDraw = False
16.0543 	DATA 	Keypress: up
16.0849 	EXP 	dots: autoDraw = False
16.0849 	EXP 	fixation: autoDraw = False
16.0849 	EXP 	dots: coherence = 0.19905358527674863
16.0849 	EXP 	dots: dir = -90.0
16.0849 	EXP 	fixation: autoDraw = True
16.5863 	EXP 	dots: autoDraw = True
16.9797 	DATA 	Keypress: down
17.0041 	EXP 	dots: autoDraw = False
17.0041 	EXP 	fixation: autoDraw = False
17.0041 	EXP 	dots: coherence = 0.079244659623055672
17.0041 	EXP 	dots: dir = 90.0
17.0041 	EXP 	fixation: autoDraw = True
17.5055 	EXP 	dots: autoDraw = True
17.7679 	DATA 	Keypress: escape
