8.2843 	EXP 	Created window1 = Window(allowGUI=False, allowStencil=False, autoLog=True, bitsMode=UNKNOWN, blendMode='avg', color=array([ 0.,  0.,  0.]), colorSpace='rgb', fullscr=UNKNOWN, gamma=None, lms=UNKNOWN, monitor=<psychopy.monitors.calibTools.Monitor object at 0x1127528d0>, multiSample=False, name='window1', numSamples=2, pos=[0, 0], screen=0, size=(1440, 900), stereo=False, units=u'norm', useFBO=True, useRetina=True, viewOri=0.0, viewPos=None, viewScale=None, waitBlanking=True, winType='pyglet')
8.2844 	EXP 	window1: recordFrameIntervals = False
8.4503 	EXP 	window1: recordFrameIntervals = True
8.6353 	EXP 	window1: recordFrameIntervals = False
8.6494 	EXP 	Created dots = NewRDK(autoLog=True, coherence=1.0, color=array([ 1.,  1.,  1.]), colorSpace='rgb', contrast=1.0, depth=-2.0, dir=1.0, dotLife=10, dotSize=2, element=None, fieldPos=array([ 0.,  0.]), fieldShape='circle', fieldSize=array([ 400.,  400.]), nDots=500, name='dots', noiseDots='direction', opacity=1.0, rgb=array([ 1.,  1.,  1.]), signalDots='same', speed=2, units='pix', win=Window(...))
8.6619 	EXP 	<method-wrapper '__getattribute__' of attributeSetter object at 0x111679b10>: vertices = array([[-5.,  5.],
       [ 5.,  5.],
       [ 5., -5.],
       [-5., -5.]])
8.6653 	EXP 	Created fixation = Rect(autoDraw=False, autoLog=True, closeShape=True, contrast=1.0, depth=-4.0, fillColor=array([ 1.,  1.,  1.]), fillColorSpace='rgb', fillRGB=array([ 1.,  1.,  1.]), interpolate=True, lineColor=array([ 1.,  1.,  1.]), lineColorSpace='rgb', lineRGB=array([ 1.,  1.,  1.]), lineWidth=1, name='fixation', opacity=1.0, ori=array(0.0), pos=array([ 0.,  0.]), size=array([ 1.,  1.]), units='pix', vertices=ndarray(...), win=Window(...))
8.6654 	WARNING 	Increasing number of minimum required reversals to the number of step sizes, (4).
8.6764 	EXP 	dots: coherence = 0.5
8.6764 	EXP 	dots: dir = 90.0
8.6764 	EXP 	fixation: autoDraw = True
9.1862 	EXP 	dots: autoDraw = True
10.1730 	EXP 	dots: autoDraw = False
11.9291 	DATA 	Keypress: return
13.5685 	DATA 	Keypress: right
14.0542 	DATA 	Keypress: up
14.0829 	EXP 	dots: autoDraw = False
14.0829 	EXP 	fixation: autoDraw = False
14.0829 	EXP 	dots: coherence = 0.19905358527674863
14.0829 	EXP 	dots: dir = 90.0
14.0829 	EXP 	fixation: autoDraw = True
14.5839 	EXP 	dots: autoDraw = True
15.5868 	EXP 	dots: autoDraw = False
16.1262 	DATA 	Keypress: escape
