8.9767 	EXP 	Created window1 = Window(allowGUI=False, allowStencil=False, autoLog=True, bitsMode=UNKNOWN, blendMode='avg', color=array([ 0.,  0.,  0.]), colorSpace='rgb', fullscr=UNKNOWN, gamma=None, lms=UNKNOWN, monitor=<psychopy.monitors.calibTools.Monitor object at 0x111b828d0>, multiSample=False, name='window1', numSamples=2, pos=[0, 0], screen=0, size=(1440, 900), stereo=False, units=u'norm', useFBO=True, useRetina=True, viewOri=0.0, viewPos=None, viewScale=None, waitBlanking=True, winType='pyglet')
8.9768 	EXP 	window1: recordFrameIntervals = False
9.1437 	EXP 	window1: recordFrameIntervals = True
9.3276 	EXP 	window1: recordFrameIntervals = False
9.3503 	EXP 	Created dots = DotStim(autoLog=True, coherence=1.0, color=array([ 1.,  1.,  1.]), colorSpace='rgb', contrast=1.0, depth=-2.0, dir=1.0, dotLife=10, dotSize=2, element=None, fieldPos=array([ 0.,  0.]), fieldShape='circle', fieldSize=array([ 400.,  400.]), nDots=500, name='dots', noiseDots='direction', opacity=1.0, rgb=array([ 1.,  1.,  1.]), signalDots='same', speed=2, units='pix', win=Window(...))
9.3615 	EXP 	<method-wrapper '__getattribute__' of attributeSetter object at 0x10f74cb10>: vertices = array([[-5.,  5.],
       [ 5.,  5.],
       [ 5., -5.],
       [-5., -5.]])
9.3638 	EXP 	Created fixation = Rect(autoDraw=False, autoLog=True, closeShape=True, contrast=1.0, depth=-4.0, fillColor=array([ 1.,  1.,  1.]), fillColorSpace='rgb', fillRGB=array([ 1.,  1.,  1.]), interpolate=True, lineColor=array([ 1.,  1.,  1.]), lineColorSpace='rgb', lineRGB=array([ 1.,  1.,  1.]), lineWidth=1, name='fixation', opacity=1.0, ori=array(0.0), pos=array([ 0.,  0.]), size=array([ 1.,  1.]), units='pix', vertices=ndarray(...), win=Window(...))
9.3639 	WARNING 	Increasing number of minimum required reversals to the number of step sizes, (4).
9.3738 	EXP 	dots: coherence = 0.5
9.3738 	EXP 	dots: dir = -90.0
9.3738 	EXP 	fixation: autoDraw = True
9.8969 	EXP 	dots: autoDraw = True
10.8820 	EXP 	dots: autoDraw = False
11.1204 	DATA 	Keypress: down
11.1315 	EXP 	dots: autoDraw = False
11.1315 	EXP 	fixation: autoDraw = False
11.1315 	EXP 	dots: coherence = 0.19905358527674863
11.1315 	EXP 	dots: dir = -90.0
11.1315 	EXP 	fixation: autoDraw = True
11.6507 	EXP 	dots: autoDraw = True
12.2428 	DATA 	Keypress: escape
