4.3936 	WARNING 	User requested fullscreen with size [1920 1080], but screen is actually [2560, 1440]. Using actual size
5.3258 	EXP 	Created window1 = Window(allowGUI=True, allowStencil=False, args=UNKNOWN, autoLog=True, bitsMode=UNKNOWN, blendMode='avg', color='white', colorSpace='named', fullscr=<method-wrapper '__getattribute__' of attributeSetter object at 0x137f3ef98>, gamma=None, gammaErrorPolicy='raise', kwargs=UNKNOWN, lms=UNKNOWN, monitor=<psychopy.monitors.calibTools.Monitor object at 0x13807d208>, multiSample=False, name='window1', numSamples=2, pos=[640.0, 360.0], screen=0, size=array([5120, 2880]), stereo=False, units='height', useFBO=True, useRetina=True, viewOri=0.0, viewPos=None, viewScale=None, waitBlanking=True, winType='pyglet')
5.3258 	EXP 	window1: recordFrameIntervals = False
5.4923 	EXP 	window1: recordFrameIntervals = True
5.6755 	EXP 	window1: recordFrameIntervals = False
6.0479 	EXP 	Created instructFirst = TextStim(__class__=<class 'psychopy.visual.text.TextStim'>, alignHoriz='center', alignVert='center', antialias=True, autoLog=True, bold=False, color='black', colorSpace='named', contrast=1.0, depth=0.0, flipHoriz=False, flipVert=False, font='Arial', fontFiles=[], height=0.05, italic=False, languageStyle='LTR', name='instructFirst', opacity=1.0, ori=0, pos=array([0. , 0.3]), rgb=array([0., 0., 0.]), text=str(...), units='height', win=Window(...), wrapWidth=1)
6.3163 	EXP 	Created imageStimulus = ImageStim(__class__=<class 'psychopy.visual.image.ImageStim'>, autoLog=True, color=array([1., 1., 1.]), colorSpace='rgb', contrast=1.0, depth=0.0, flipHoriz=False, flipVert=False, image='images/7751351978_d87ea5d14e_k.jpg', interpolate=True, mask=None, maskParams=None, name='imageStimulus', opacity=1.0, ori=0.0, pos=array([0., 0.]), size=array([2., 2.]), texRes=128, units='norm', win=Window(...))
6.3373 	EXP 	Created imageAperture = ImageStim(__class__=<class 'psychopy.visual.image.ImageStim'>, autoLog=True, color=array([1., 1., 1.]), colorSpace='rgb', contrast=1.0, depth=-1.0, flipHoriz=False, flipVert=False, image='images/plainWhite.png', interpolate=True, mask='images/circleMask.png', maskParams=None, name='imageAperture', opacity=1.0, ori=0.0, pos=array([0., 0.]), size=array([4., 4.]), texRes=512, units='height', win=Window(...))
6.3687 	EXP 	Created instruct2 = TextStim(__class__=<class 'psychopy.visual.text.TextStim'>, alignHoriz='center', alignVert='center', antialias=True, autoLog=True, bold=False, color='black', colorSpace='named', contrast=1.0, depth=0.0, flipHoriz=False, flipVert=False, font='Arial', fontFiles=[], height=0.05, italic=False, languageStyle='LTR', name='instruct2', opacity=1.0, ori=0, pos=array([0. , 0.3]), rgb=array([0., 0., 0.]), text=str(...), units='height', win=Window(...), wrapWidth=1)
6.3712 	EXP 	Created imageStimulus_2 = ImageStim(__class__=<class 'psychopy.visual.image.ImageStim'>, autoLog=True, color=array([1., 1., 1.]), colorSpace='rgb', contrast=1.0, depth=0.0, flipHoriz=False, flipVert=False, image='sin', interpolate=True, mask=None, maskParams=None, name='imageStimulus_2', opacity=1.0, ori=0.0, pos=array([0., 0.]), size=array([2., 2.]), texRes=128, units='norm', win=Window(...))
6.3877 	EXP 	Created imageAperture_2 = ImageStim(__class__=<class 'psychopy.visual.image.ImageStim'>, autoLog=True, color=array([1., 1., 1.]), colorSpace='rgb', contrast=1.0, depth=-1.0, flipHoriz=False, flipVert=False, image='images/plainWhite.png', interpolate=True, mask='images/circleMask.png', maskParams=None, name='imageAperture_2', opacity=1.0, ori=0.0, pos=array([0., 0.]), size=array([1., 1.]), texRes=512, units='height', win=Window(...))
6.4157 	EXP 	Created text = TextStim(__class__=<class 'psychopy.visual.text.TextStim'>, alignHoriz='center', alignVert='center', antialias=True, autoLog=True, bold=False, color='white', colorSpace='named', contrast=1.0, depth=0.0, flipHoriz=False, flipVert=False, font='Arial', fontFiles=[], height=0.1, italic=False, languageStyle='LTR', name='text', opacity=1.0, ori=0, pos=array([0., 0.]), rgb=array([255., 255., 255.]), text="That's all there is to it.\n\nBye!", units='height', win=Window(...), wrapWidth=1)
6.4431 	EXP 	instructFirst: autoDraw = True
7.3957 	DATA 	Mouse: Left button down, pos=(710,549)
7.4205 	EXP 	Imported conditions.xlsx as conditions, 3 conditions, 1 params
7.4208 	EXP 	Created sequence: random, trialTypes=3, nReps=1, seed=None
7.4211 	EXP 	New trial (rep=0, index=0): OrderedDict([('imageFile', 'images/7751347612_d058a3e8b3_k.jpg')])
7.4505 	EXP 	instructFirst: autoDraw = False
7.4505 	EXP 	imageStimulus: autoDraw = True
7.4505 	EXP 	imageAperture: autoDraw = True
7.5028 	DATA 	Mouse:  Left button up, pos=(710,549)
9.6153 	DATA 	Mouse: Left button down, pos=(1189,554)
9.6179 	EXP 	New trial (rep=0, index=1): OrderedDict([('imageFile', 'images/7751351978_d87ea5d14e_k.jpg')])
9.6438 	EXP 	imageStimulus: autoDraw = False
9.6438 	EXP 	imageAperture: autoDraw = False
9.6438 	EXP 	imageStimulus: autoDraw = True
9.6438 	EXP 	imageAperture: autoDraw = True
9.6709 	DATA 	Mouse:  Left button up, pos=(1189,554)
13.4471 	DATA 	Mouse: Left button down, pos=(1183,528)
13.4489 	EXP 	New trial (rep=0, index=2): OrderedDict([('imageFile', 'images/7751357630_520971b5f6_k.jpg')])
13.4747 	EXP 	imageStimulus: autoDraw = False
13.4747 	EXP 	imageAperture: autoDraw = False
13.4747 	EXP 	imageStimulus: autoDraw = True
13.4747 	EXP 	imageAperture: autoDraw = True
13.5290 	DATA 	Mouse:  Left button up, pos=(1183,528)
15.9074 	DATA 	Mouse: Left button down, pos=(1195,520)
15.9287 	EXP 	imageStimulus: autoDraw = False
15.9287 	EXP 	imageAperture: autoDraw = False
15.9287 	EXP 	instruct2: autoDraw = True
15.9630 	DATA 	Mouse:  Left button up, pos=(1195,520)
17.5438 	DATA 	Keypress: escape
17.9297 	EXP 	window1: mouseVisible = True
