7.5134 	EXP 	Created window1 = Window(allowGUI=True, allowStencil=False, args=UNKNOWN, autoLog=True, bitsMode=UNKNOWN, blendMode='avg', color=array([0., 0., 0.]), colorSpace='rgb', fullscr=<method-wrapper '__getattribute__' of attributeSetter object at 0x10edf4850>, gamma=None, kwargs=UNKNOWN, lms=UNKNOWN, monitor=<psychopy.monitors.calibTools.Monitor object at 0x114f76610>, multiSample=False, name='window1', numSamples=2, pos=[0, 0], screen=0, size=array([1440,  900]), stereo=False, units=u'norm', useFBO=True, useRetina=False, viewOri=0.0, viewPos=None, viewScale=None, waitBlanking=True, winType=u'pyglet')
7.5135 	EXP 	window1: recordFrameIntervals = False
7.6793 	EXP 	window1: recordFrameIntervals = True
7.8639 	EXP 	window1: recordFrameIntervals = False
8.1135 	EXP 	Created text = TextStim(alignHoriz='center', alignVert='center', antialias=True, autoLog=True, bold=False, color='white', colorSpace='named', contrast=1.0, depth=0.0, flipHoriz=False, flipVert=False, font='Arial', fontFiles=[], height=0.1, italic=False, languageStyle='LTR', name='text', opacity=1.0, ori=0, pos=array([0., 0.]), rgb=array([255., 255., 255.]), text='Choose your pill (with the mouse)', units=u'norm', win=Window(...), wrapWidth=1)
8.1299 	EXP 	Created redPill = Polygon(autoDraw=False, autoLog=True, closeShape=True, color=method-wrapper(...), colorSpace=None, contrast=1.0, depth=0.0, fillColor='red', fillColorSpace='named', fillRGB=array([255.,   0.,   0.]), interpolate=True, lineColor='red', lineColorSpace='named', lineRGB=array([255.,   0.,   0.]), lineWidth=1, name='redPill', opacity=1.0, ori=array(0.), pos=array([0., 0.]), size=array([0.2, 0.1]), units='height', vertices=ndarray(...), win=Window(...))
8.1337 	EXP 	Created bluePill = Polygon(autoDraw=False, autoLog=True, closeShape=True, color=method-wrapper(...), colorSpace=None, contrast=1.0, depth=-1.0, fillColor='blue', fillColorSpace='named', fillRGB=array([  0.,   0., 255.]), interpolate=True, lineColor='blue', lineColorSpace='named', lineRGB=array([  0.,   0., 255.]), lineWidth=1, name='bluePill', opacity=1.0, ori=array(0.), pos=array([0., 0.]), size=array([0.1, 0.2]), units='height', vertices=ndarray(...), win=Window(...))
8.1593 	EXP 	Created feedbackText = TextStim(alignHoriz='center', alignVert='center', antialias=True, autoLog=True, bold=False, color=u'white', colorSpace='named', contrast=1.0, depth=0.0, flipHoriz=False, flipVert=False, font=u'Arial', fontFiles=[], height=0.1, italic=False, languageStyle='LTR', name='feedbackText', opacity=1.0, ori=0, pos=array([0., 0.]), rgb=array([255., 255., 255.]), text='default text', units=u'norm', win=Window(...), wrapWidth=1)
8.1802 	EXP 	text: autoDraw = True
8.9521 	DATA 	Mouse: Left button down, pos=(597,487)
8.9667 	DATA 	Mouse:  Left button up, pos=(597,487)
9.1503 	EXP 	Created sequence: random, trialTypes=1, nReps=5, seed=None
9.1506 	EXP 	New trial (rep=0, index=0): None
9.1663 	EXP 	text: autoDraw = False
9.1663 	EXP 	text: autoDraw = False
9.1663 	EXP 	redPill: autoDraw = True
9.1663 	EXP 	bluePill: autoDraw = True
11.3430 	DATA 	Mouse: Left button down, pos=(267,625)
11.3440 	DATA 	Mouse:  Left button up, pos=(267,625)
12.0276 	DATA 	Mouse: Left button down, pos=(267,625)
12.0749 	EXP 	redPill: autoDraw = False
12.0749 	EXP 	bluePill: autoDraw = False
12.0749 	EXP 	feedbackText: text = 'You selected the blue pill'
12.0749 	EXP 	feedbackText: autoDraw = True
12.1441 	DATA 	Mouse:  Left button up, pos=(267,625)
14.0340 	EXP 	New trial (rep=1, index=0): None
14.0459 	EXP 	feedbackText: autoDraw = False
14.0459 	EXP 	feedbackText: autoDraw = False
14.0459 	EXP 	redPill: autoDraw = True
14.0459 	EXP 	bluePill: autoDraw = True
14.8190 	DATA 	Mouse: Left button down, pos=(1152,466)
14.8667 	EXP 	redPill: autoDraw = False
14.8667 	EXP 	bluePill: autoDraw = False
14.8667 	EXP 	feedbackText: text = 'You selected the red pill'
14.8667 	EXP 	feedbackText: autoDraw = True
14.9180 	DATA 	Mouse:  Left button up, pos=(1152,466)
16.8232 	EXP 	New trial (rep=2, index=0): None
16.8386 	EXP 	feedbackText: autoDraw = False
16.8386 	EXP 	feedbackText: autoDraw = False
16.8386 	EXP 	redPill: autoDraw = True
16.8386 	EXP 	bluePill: autoDraw = True
17.4090 	DATA 	Mouse: Left button down, pos=(1152,466)
17.4242 	EXP 	redPill: autoDraw = False
17.4242 	EXP 	bluePill: autoDraw = False
17.4242 	EXP 	feedbackText: text = 'You selected the red pill'
17.4242 	EXP 	feedbackText: autoDraw = True
17.4907 	DATA 	Mouse:  Left button up, pos=(1152,466)
19.4130 	EXP 	New trial (rep=3, index=0): None
19.4276 	EXP 	feedbackText: autoDraw = False
19.4276 	EXP 	feedbackText: autoDraw = False
19.4276 	EXP 	redPill: autoDraw = True
19.4276 	EXP 	bluePill: autoDraw = True
19.9823 	DATA 	Mouse: Left button down, pos=(233,538)
20.0307 	EXP 	redPill: autoDraw = False
20.0307 	EXP 	bluePill: autoDraw = False
20.0307 	EXP 	feedbackText: text = 'You selected the blue pill'
20.0307 	EXP 	feedbackText: autoDraw = True
20.0661 	DATA 	Mouse:  Left button up, pos=(233,538)
21.1566 	DATA 	Keypress: escape
21.1688 	EXP 	window1: mouseVisible = True
