12.2589 	EXP 	Created window1 = Window(allowGUI=True, allowStencil=False, args=UNKNOWN, autoLog=True, bitsMode=UNKNOWN, blendMode='avg', color=array([0., 0., 0.]), colorSpace='rgb', fullscr=<method-wrapper '__getattribute__' of attributeSetter object at 0x10e5f4850>, gamma=None, kwargs=UNKNOWN, lms=UNKNOWN, monitor=<psychopy.monitors.calibTools.Monitor object at 0x113e3e610>, multiSample=False, name='window1', numSamples=2, pos=[0, 0], screen=0, size=array([1440,  900]), stereo=False, units=u'norm', useFBO=True, useRetina=False, viewOri=0.0, viewPos=None, viewScale=None, waitBlanking=True, winType=u'pyglet')
12.2589 	EXP 	window1: recordFrameIntervals = False
12.4225 	EXP 	window1: recordFrameIntervals = True
12.6062 	EXP 	window1: recordFrameIntervals = False
12.8625 	EXP 	Created text = TextStim(alignHoriz='center', alignVert='center', antialias=True, autoLog=True, bold=False, color='white', colorSpace='named', contrast=1.0, depth=0.0, flipHoriz=False, flipVert=False, font='Arial', fontFiles=[], height=0.1, italic=False, languageStyle='LTR', name='text', opacity=1.0, ori=0, pos=array([0., 0.]), rgb=array([255., 255., 255.]), text='Choose your pill (with the mouse)', units=u'norm', win=Window(...), wrapWidth=1)
12.9223 	EXP 	Created redPill = Polygon(autoDraw=False, autoLog=True, closeShape=True, color=method-wrapper(...), colorSpace=None, contrast=1.0, depth=0.0, fillColor='red', fillColorSpace='named', fillRGB=array([255.,   0.,   0.]), interpolate=True, lineColor='red', lineColorSpace='named', lineRGB=array([255.,   0.,   0.]), lineWidth=1, name='redPill', opacity=1.0, ori=array(0.), pos=array([0., 0.]), size=array([0.2, 0.1]), units='height', vertices=ndarray(...), win=Window(...))
12.9272 	EXP 	Created bluePill = Polygon(autoDraw=False, autoLog=True, closeShape=True, color=method-wrapper(...), colorSpace=None, contrast=1.0, depth=-1.0, fillColor='blue', fillColorSpace='named', fillRGB=array([  0.,   0., 255.]), interpolate=True, lineColor='blue', lineColorSpace='named', lineRGB=array([  0.,   0., 255.]), lineWidth=1, name='bluePill', opacity=1.0, ori=array(0.), pos=array([0., 0.]), size=array([0.1, 0.2]), units='height', vertices=ndarray(...), win=Window(...))
12.9507 	EXP 	Created feedbackText = TextStim(alignHoriz='center', alignVert='center', antialias=True, autoLog=True, bold=False, color='white', colorSpace='named', contrast=1.0, depth=0.0, flipHoriz=False, flipVert=False, font='Arial', fontFiles=[], height=0.1, italic=False, languageStyle='LTR', name='feedbackText', opacity=1.0, ori=0, pos=array([0., 0.]), rgb=array([255., 255., 255.]), text='default text', units=u'norm', win=Window(...), wrapWidth=1)
12.9734 	EXP 	text: autoDraw = True
13.9477 	EXP 	Created sequence: random, trialTypes=1, nReps=5, seed=None
13.9487 	EXP 	New trial (rep=0, index=0): None
13.9761 	EXP 	text: autoDraw = False
13.9761 	EXP 	text: autoDraw = False
13.9761 	EXP 	redPill: autoDraw = True
13.9761 	EXP 	bluePill: autoDraw = True
20.8638 	DATA 	Keypress: lcommand
28.9870 	DATA 	Mouse: Left button down, pos=(278,265)
29.0515 	EXP 	redPill: autoDraw = False
29.0515 	EXP 	bluePill: autoDraw = False
29.0515 	EXP 	feedbackText: text = "You selected the ['blue', 'blue'] pill"
29.0515 	EXP 	feedbackText: autoDraw = True
29.0702 	DATA 	Mouse:  Left button up, pos=(278,265)
30.9918 	EXP 	New trial (rep=1, index=0): None
31.0068 	EXP 	feedbackText: autoDraw = False
31.0068 	EXP 	feedbackText: autoDraw = False
31.0068 	EXP 	redPill: autoDraw = True
31.0068 	EXP 	bluePill: autoDraw = True
31.6610 	DATA 	Mouse: Left button down, pos=(1172,471)
31.7082 	EXP 	redPill: autoDraw = False
31.7082 	EXP 	bluePill: autoDraw = False
31.7082 	EXP 	feedbackText: text = "You selected the ['red', 'red'] pill"
31.7082 	EXP 	feedbackText: autoDraw = True
31.7768 	DATA 	Mouse:  Left button up, pos=(1172,471)
33.6652 	EXP 	New trial (rep=2, index=0): None
33.6810 	EXP 	feedbackText: autoDraw = False
33.6810 	EXP 	feedbackText: autoDraw = False
33.6810 	EXP 	redPill: autoDraw = True
33.6810 	EXP 	bluePill: autoDraw = True
34.1995 	DATA 	Mouse: Left button down, pos=(1172,471)
34.2165 	EXP 	redPill: autoDraw = False
34.2165 	EXP 	bluePill: autoDraw = False
34.2165 	EXP 	feedbackText: text = "You selected the ['red', 'red'] pill"
34.2165 	EXP 	feedbackText: autoDraw = True
34.2671 	DATA 	Mouse:  Left button up, pos=(1172,471)
34.7179 	DATA 	Keypress: lcommand
36.2052 	EXP 	New trial (rep=3, index=0): None
36.2192 	EXP 	feedbackText: autoDraw = False
36.2192 	EXP 	redPill: autoDraw = True
36.2192 	EXP 	bluePill: autoDraw = True
38.1040 	DATA 	Keypress: escape
38.1446 	EXP 	window1: mouseVisible = True
