1.0656 	WARNING 	We strongly recommend you activate the PTB sound engine in PsychoPy prefs as the preferred audio engine. Its timing is vastly superior. Your prefs are currently set to use ['sounddevice', 'PTB', 'pyo', 'pygame'] (in that order).
3.4348 	WARNING 	User requested fullscreen with size [1024  768], but screen is actually [1920, 1200]. Using actual size
5.1594 	EXP 	Created window1 = Window(allowGUI=False, allowStencil=False, args=UNKNOWN, autoLog=True, bitsMode=UNKNOWN, blendMode='avg', bpc=(8, 8, 8), color=array([0., 0., 0.]), colorSpace='rgb', depthBits=8, fullscr=<method-wrapper '__getattribute__' of attributeSetter object at 0x000001DD7D98AF60>, gamma=None, gammaErrorPolicy='raise', kwargs=UNKNOWN, lms=UNKNOWN, monitor=<psychopy.monitors.calibTools.Monitor object at 0x000001DD7D71CA20>, multiSample=False, name='window1', numSamples=2, pos=[0.0, 0.0], screen=0, size=array([1920, 1200]), stencilBits=0, stereo=False, units='height', useFBO=True, useRetina=False, viewOri=0.0, viewPos=None, viewScale=None, waitBlanking=True, winType='pyglet')
5.1627 	EXP 	window1: mouseVisible = True
5.1627 	EXP 	window1: recordFrameIntervals = False
5.3251 	EXP 	window1: recordFrameIntervals = True
5.5091 	EXP 	window1: recordFrameIntervals = False
5.7281 	EXP 	Created demoTxt = TextStim(__class__=<class 'psychopy.visual.text.TextStim'>, alignHoriz=method-wrapper(...), alignText='center', alignVert=method-wrapper(...), anchorHoriz='center', anchorVert='center', antialias=True, autoLog=True, bold=False, color='black', colorSpace='named', contrast=1.0, depth=0.0, flipHoriz=False, flipVert=False, font='Arial', fontFiles=[], height=0.02, italic=False, languageStyle='LTR', name='demoTxt', opacity=1.0, ori=0, pos=array([0., 0.]), rgb=array([0., 0., 0.]), text=str(...), units='height', win=Window(...), wrapWidth=1)
5.7340 	EXP 	Created instrTxt = TextStim(__class__=<class 'psychopy.visual.text.TextStim'>, alignHoriz=method-wrapper(...), alignText='center', alignVert=method-wrapper(...), anchorHoriz='center', anchorVert='center', antialias=True, autoLog=True, bold=False, color='white', colorSpace='named', contrast=1.0, depth=0.0, flipHoriz=False, flipVert=False, font='Arial', fontFiles=[], height=0.02, italic=False, languageStyle='LTR', name='instrTxt', opacity=1.0, ori=0, pos=array([0., 0.]), rgb=array([255., 255., 255.]), text=str(...), units='height', win=Window(...), wrapWidth=1)
5.7361 	EXP 	Created image = ImageStim(__class__=<class 'psychopy.visual.image.ImageStim'>, autoLog=True, color=array([1., 1., 1.]), colorSpace='rgb', contrast=1.0, depth=0.0, flipHoriz=False, flipVert=False, image='sin', interpolate=True, mask=None, maskParams=None, name='image', opacity=1.0, ori=0.0, pos=array([0., 0.]), size=array([0.5, 0.5]), texRes=128, units='height', win=Window(...))
5.7529 	EXP 	Created blockTxt = TextStim(__class__=<class 'psychopy.visual.text.TextStim'>, alignHoriz=method-wrapper(...), alignText='center', alignVert=method-wrapper(...), anchorHoriz='center', anchorVert='center', antialias=True, autoLog=True, bold=False, color='white', colorSpace='named', contrast=1.0, depth=0.0, flipHoriz=False, flipVert=False, font='Arial', fontFiles=[], height=0.05, italic=False, languageStyle='LTR', name='blockTxt', opacity=1.0, ori=0, pos=array([0., 0.]), rgb=array([255., 255., 255.]), text=str(...), units='height', win=Window(...), wrapWidth=1)
5.7720 	EXP 	Created word = TextStim(__class__=<class 'psychopy.visual.text.TextStim'>, alignHoriz=method-wrapper(...), alignText='center', alignVert=method-wrapper(...), anchorHoriz='center', anchorVert='center', antialias=True, autoLog=True, bold=False, color='white', colorSpace='named', contrast=1.0, depth=0.0, flipHoriz=False, flipVert=False, font='Arial', fontFiles=[], height=0.1, italic=False, languageStyle='LTR', name='word', opacity=1.0, ori=0, pos=array([0., 0.]), rgb=array([255., 255., 255.]), text='default text', units='height', win=Window(...), wrapWidth=1)
5.7793 	EXP 	Created endTxt = TextStim(__class__=<class 'psychopy.visual.text.TextStim'>, alignHoriz=method-wrapper(...), alignText='center', alignVert=method-wrapper(...), anchorHoriz='center', anchorVert='center', antialias=True, autoLog=True, bold=False, color='white', colorSpace='named', contrast=1.0, depth=0.0, flipHoriz=False, flipVert=False, font='Arial', fontFiles=[], height=0.1, italic=False, languageStyle='LTR', name='endTxt', opacity=1.0, ori=0, pos=array([0., 0.]), rgb=array([255., 255., 255.]), text='The end!', units='height', win=Window(...), wrapWidth=1)
5.8127 	EXP 	demoTxt: autoDraw = True
11.6869 	DATA 	Keypress: space
11.6967 	EXP 	demoTxt: autoDraw = False
11.6967 	EXP 	instrTxt: autoDraw = True
16.7798 	EXP 	Imported ImageConditions.xlsx as conditions, 3 conditions, 1 params
16.7800 	EXP 	Created sequence: random, trialTypes=3, nReps=1, seed=None
16.7802 	EXP 	New trial (rep=0, index=0): OrderedDict([('thisImg', 'images/cats/cat1.jpg')])
16.8355 	DATA 	Keypress: space
16.8383 	EXP 	instrTxt: autoDraw = False
16.8383 	EXP 	image: image = 'images/cats/cat1.jpg'
16.8383 	EXP 	image: autoDraw = True
17.4569 	DATA 	Keypress: space
17.4751 	EXP 	New trial (rep=0, index=1): OrderedDict([('thisImg', 'images/cats/cat3.jpg')])
17.4956 	EXP 	image: autoDraw = False
17.4956 	EXP 	image: image = 'images/cats/cat3.jpg'
17.4956 	EXP 	image: autoDraw = True
17.9234 	EXP 	New trial (rep=0, index=2): OrderedDict([('thisImg', 'images/cats/cat2.jpg')])
17.9366 	DATA 	Keypress: space
17.9391 	EXP 	image: autoDraw = False
17.9391 	EXP 	image: image = 'images/cats/cat2.jpg'
17.9391 	EXP 	image: autoDraw = True
18.3920 	DATA 	Keypress: space
18.4191 	EXP 	image: autoDraw = False
18.4191 	EXP 	blockTxt: autoDraw = True
20.1477 	EXP 	Imported WordConditions.xlsx as conditions, 3 conditions, 1 params
20.1480 	EXP 	Created sequence: random, trialTypes=3, nReps=1, seed=None
20.1482 	EXP 	New trial (rep=0, index=0): OrderedDict([('thisWord', 'cat')])
20.1581 	DATA 	Keypress: space
20.1597 	EXP 	blockTxt: autoDraw = False
20.1597 	EXP 	word: text = 'cat'
20.1597 	EXP 	word: autoDraw = True
20.6594 	EXP 	New trial (rep=0, index=1): OrderedDict([('thisWord', 'meow')])
20.6719 	DATA 	Keypress: space
20.6733 	EXP 	word: autoDraw = False
20.6733 	EXP 	word: text = 'meow'
20.6733 	EXP 	word: autoDraw = True
21.0095 	EXP 	New trial (rep=0, index=2): OrderedDict([('thisWord', 'fluff')])
21.0154 	DATA 	Keypress: space
21.0213 	EXP 	word: autoDraw = False
21.0213 	EXP 	word: text = 'fluff'
21.0213 	EXP 	word: autoDraw = True
21.3817 	DATA 	Keypress: space
21.3880 	EXP 	word: autoDraw = False
21.3880 	EXP 	endTxt: autoDraw = True
22.3892 	EXP 	endTxt: autoDraw = False
22.3892 	EXP 	endTxt: autoDraw = False
22.6047 	EXP 	window1: mouseVisible = True
