7.8294 	WARNING 	Couldn't measure a consistent frame rate.
  - Is your graphics card set to sync to vertical blank?
  - Are you running other processes on your computer?

7.8305 	EXP 	Created window1 = Window(allowGUI=False, allowStencil=False, autoLog=True, bitsMode=UNKNOWN, blendMode='avg', color=array([ 0.,  0.,  0.]), colorSpace='rgb', fullscr=UNKNOWN, gamma=None, lms=UNKNOWN, monitor=<psychopy.monitors.calibTools.Monitor instance at 0x7f0781017200>, name='window1', pos=[0, 0], screen=0, size=array([1680, 1050]), stereo=False, units=u'norm', useFBO=True, viewOri=0.0, viewPos=None, viewScale=None, waitBlanking=True, winType='pyglet')
7.8307 	EXP 	window1: recordFrameIntervals = False
8.0040 	EXP 	window1: recordFrameIntervals = True
8.0541 	WARNING 	t of last frame was 24.45ms (=1/40)
8.1042 	WARNING 	t of last frame was 24.49ms (=1/40)
8.1543 	WARNING 	t of last frame was 24.45ms (=1/40)
8.2044 	WARNING 	t of last frame was 24.47ms (=1/40)
8.2545 	WARNING 	Multiple dropped frames have occurred - I'll stop bothering you about them!
9.6690 	WARNING 	Couldn't measure a consistent frame rate.
  - Is your graphics card set to sync to vertical blank?
  - Are you running other processes on your computer?

9.7464 	EXP 	Created stimulus = TextStim(alignHoriz='center', alignVert='center', antialias=True, autoLog=True, bold=False, color='white', colorSpace='named', contrast=1.0, depth=-1.0, flipHoriz=False, flipVert=False, font='Arial', fontFiles=[], height=0.1, italic=False, name='stimulus', opacity=1.0, ori=0, pos=array([ 0.,  0.]), rgb=array([ 255.,  255.,  255.]), text=u'default text', units=u'norm', win=Window(...), wrapWidth=1)
9.7536 	EXP 	Imported conditions.xlsx as conditions, 4 conditions, 3 params
9.7540 	EXP 	Created sequence: random, trialTypes=4, nReps=5, seed=None
9.7544 	EXP 	New trial (rep=0, index=0): {u'stim': u'< < > < <', u'corrAns': u'right', u'congr': 1}
9.7598 	EXP 	window1: recordFrameIntervals = False
9.7641 	EXP 	stimulus: text = u'< < > < <'
9.7641 	EXP 	window1: recordFrameIntervals = False
10.2754 	EXP 	stimulus: autoDraw = True
11.0605 	DATA 	Keypress: left
11.0614 	EXP 	New trial (rep=0, index=1): {u'stim': u'< < > < <', u'corrAns': u'right', u'congr': 0}
11.0616 	EXP 	window1: recordFrameIntervals = False
11.0718 	EXP 	stimulus: autoDraw = False
11.0718 	EXP 	stimulus: text = u'< < > < <'
11.0718 	EXP 	window1: recordFrameIntervals = False
11.5697 	EXP 	stimulus: autoDraw = True
12.1199 	DATA 	Keypress: right
12.1220 	EXP 	New trial (rep=0, index=2): {u'stim': u'< < < < <', u'corrAns': u'left', u'congr': 1}
12.1272 	EXP 	window1: recordFrameIntervals = False
12.1375 	EXP 	stimulus: autoDraw = False
12.1375 	EXP 	stimulus: text = u'< < < < <'
12.1375 	EXP 	window1: recordFrameIntervals = False
12.6385 	EXP 	stimulus: autoDraw = True
13.1219 	DATA 	Keypress: left
13.1240 	EXP 	New trial (rep=0, index=3): {u'stim': u'> > < > >', u'corrAns': u'left', u'congr': 0}
13.1304 	EXP 	window1: recordFrameIntervals = False
13.1395 	EXP 	stimulus: autoDraw = False
13.1395 	EXP 	stimulus: text = u'> > < > >'
13.1395 	EXP 	window1: recordFrameIntervals = False
13.6404 	EXP 	stimulus: autoDraw = True
14.2240 	DATA 	Keypress: left
14.2258 	EXP 	New trial (rep=1, index=0): {u'stim': u'> > < > >', u'corrAns': u'left', u'congr': 0}
14.2260 	EXP 	window1: recordFrameIntervals = False
14.2416 	EXP 	stimulus: autoDraw = False
14.2416 	EXP 	stimulus: text = u'> > < > >'
14.2417 	EXP 	window1: recordFrameIntervals = False
14.7426 	EXP 	stimulus: autoDraw = True
15.1425 	DATA 	Keypress: left
15.1447 	EXP 	New trial (rep=1, index=1): {u'stim': u'< < > < <', u'corrAns': u'right', u'congr': 1}
15.1502 	EXP 	window1: recordFrameIntervals = False
15.1601 	EXP 	stimulus: autoDraw = False
15.1601 	EXP 	stimulus: text = u'< < > < <'
15.1602 	EXP 	window1: recordFrameIntervals = False
15.6611 	EXP 	stimulus: autoDraw = True
16.1612 	DATA 	Keypress: right
16.1633 	EXP 	New trial (rep=1, index=2): {u'stim': u'< < > < <', u'corrAns': u'right', u'congr': 0}
16.1635 	EXP 	window1: recordFrameIntervals = False
16.1788 	EXP 	stimulus: autoDraw = False
16.1788 	EXP 	stimulus: text = u'< < > < <'
16.1789 	EXP 	window1: recordFrameIntervals = False
16.6798 	EXP 	stimulus: autoDraw = True
17.1131 	DATA 	Keypress: right
17.1154 	EXP 	New trial (rep=1, index=3): {u'stim': u'< < < < <', u'corrAns': u'left', u'congr': 1}
17.1217 	EXP 	window1: recordFrameIntervals = False
17.1387 	EXP 	stimulus: autoDraw = False
17.1387 	EXP 	stimulus: text = u'< < < < <'
17.1388 	EXP 	window1: recordFrameIntervals = False
17.6399 	EXP 	stimulus: autoDraw = True
18.2320 	DATA 	Keypress: left
18.2370 	EXP 	New trial (rep=2, index=0): {u'stim': u'< < > < <', u'corrAns': u'right', u'congr': 0}
18.2436 	EXP 	window1: recordFrameIntervals = False
18.2499 	EXP 	stimulus: autoDraw = False
18.2499 	EXP 	stimulus: text = u'< < > < <'
18.2499 	EXP 	window1: recordFrameIntervals = False
18.7587 	EXP 	stimulus: autoDraw = True
19.2172 	DATA 	Keypress: right
19.2195 	EXP 	New trial (rep=2, index=1): {u'stim': u'> > < > >', u'corrAns': u'left', u'congr': 0}
19.2256 	EXP 	window1: recordFrameIntervals = False
19.2429 	EXP 	stimulus: autoDraw = False
19.2429 	EXP 	stimulus: text = u'> > < > >'
19.2429 	EXP 	window1: recordFrameIntervals = False
19.7440 	EXP 	stimulus: autoDraw = True
20.2193 	DATA 	Keypress: left
20.2293 	EXP 	New trial (rep=2, index=2): {u'stim': u'< < < < <', u'corrAns': u'left', u'congr': 1}
20.2356 	EXP 	window1: recordFrameIntervals = False
20.2399 	EXP 	stimulus: autoDraw = False
20.2399 	EXP 	stimulus: text = u'< < < < <'
20.2399 	EXP 	window1: recordFrameIntervals = False
20.7574 	EXP 	stimulus: autoDraw = True
21.1544 	DATA 	Keypress: left
21.1645 	EXP 	New trial (rep=2, index=3): {u'stim': u'< < > < <', u'corrAns': u'right', u'congr': 1}
21.1706 	EXP 	window1: recordFrameIntervals = False
21.1750 	EXP 	stimulus: autoDraw = False
21.1750 	EXP 	stimulus: text = u'< < > < <'
21.1750 	EXP 	window1: recordFrameIntervals = False
21.6926 	EXP 	stimulus: autoDraw = True
22.2399 	DATA 	Keypress: right
22.2499 	EXP 	New trial (rep=3, index=0): {u'stim': u'< < < < <', u'corrAns': u'left', u'congr': 1}
22.2563 	EXP 	window1: recordFrameIntervals = False
22.2606 	EXP 	stimulus: autoDraw = False
22.2606 	EXP 	stimulus: text = u'< < < < <'
22.2606 	EXP 	window1: recordFrameIntervals = False
22.7781 	EXP 	stimulus: autoDraw = True
23.2292 	DATA 	Keypress: left
23.2302 	EXP 	New trial (rep=3, index=1): {u'stim': u'< < > < <', u'corrAns': u'right', u'congr': 1}
23.2364 	EXP 	window1: recordFrameIntervals = False
23.2457 	EXP 	stimulus: autoDraw = False
23.2457 	EXP 	stimulus: text = u'< < > < <'
23.2457 	EXP 	window1: recordFrameIntervals = False
23.7520 	EXP 	stimulus: autoDraw = True
24.1771 	DATA 	Keypress: right
24.1871 	EXP 	New trial (rep=3, index=2): {u'stim': u'> > < > >', u'corrAns': u'left', u'congr': 0}
24.1938 	EXP 	window1: recordFrameIntervals = False
24.1980 	EXP 	stimulus: autoDraw = False
24.1980 	EXP 	stimulus: text = u'> > < > >'
24.1980 	EXP 	window1: recordFrameIntervals = False
24.7153 	EXP 	stimulus: autoDraw = True
25.1381 	DATA 	Keypress: left
25.1391 	EXP 	New trial (rep=3, index=3): {u'stim': u'< < > < <', u'corrAns': u'right', u'congr': 0}
25.1450 	EXP 	window1: recordFrameIntervals = False
25.1495 	EXP 	stimulus: autoDraw = False
25.1495 	EXP 	stimulus: text = u'< < > < <'
25.1495 	EXP 	window1: recordFrameIntervals = False
25.6671 	EXP 	stimulus: autoDraw = True
26.0808 	DATA 	Keypress: right
26.0908 	EXP 	New trial (rep=4, index=0): {u'stim': u'< < > < <', u'corrAns': u'right', u'congr': 1}
26.0910 	EXP 	window1: recordFrameIntervals = False
26.1014 	EXP 	stimulus: autoDraw = False
26.1014 	EXP 	stimulus: text = u'< < > < <'
26.1014 	EXP 	window1: recordFrameIntervals = False
26.6076 	EXP 	stimulus: autoDraw = True
27.0661 	DATA 	Keypress: right
27.0684 	EXP 	New trial (rep=4, index=1): {u'stim': u'> > < > >', u'corrAns': u'left', u'congr': 0}
27.0748 	EXP 	window1: recordFrameIntervals = False
27.0918 	EXP 	stimulus: autoDraw = False
27.0918 	EXP 	stimulus: text = u'> > < > >'
27.0918 	EXP 	window1: recordFrameIntervals = False
27.5930 	EXP 	stimulus: autoDraw = True
28.0514 	DATA 	Keypress: left
28.0537 	EXP 	New trial (rep=4, index=2): {u'stim': u'< < < < <', u'corrAns': u'left', u'congr': 1}
28.0598 	EXP 	window1: recordFrameIntervals = False
28.0771 	EXP 	stimulus: autoDraw = False
28.0771 	EXP 	stimulus: text = u'< < < < <'
28.0771 	EXP 	window1: recordFrameIntervals = False
28.5782 	EXP 	stimulus: autoDraw = True
29.0702 	DATA 	Keypress: left
29.0749 	EXP 	New trial (rep=4, index=3): {u'stim': u'< < > < <', u'corrAns': u'right', u'congr': 0}
29.0794 	EXP 	window1: recordFrameIntervals = False
29.0880 	EXP 	stimulus: autoDraw = False
29.0880 	EXP 	stimulus: text = u'< < > < <'
29.0881 	EXP 	window1: recordFrameIntervals = False
29.5968 	EXP 	stimulus: autoDraw = True
30.0313 	DATA 	Keypress: right
30.0320 	EXP 	window1: mouseVisible = True
