2.9905 	WARNING 	We strongly recommend you activate the PTB sound engine in PsychoPy prefs as the preferred audio engine. Its timing is vastly superior. Your prefs are currently set to use ['sounddevice', 'PTB', 'pyo', 'pygame'] (in that order).
5.9901 	WARNING 	User requested fullscreen with size [1024  768], but screen is actually [1920, 1200]. Using actual size
7.7683 	EXP 	Created window1 = Window(allowGUI=False, allowStencil=False, autoLog=True, backendConf=UNKNOWN, bitsMode=UNKNOWN, blendMode='avg', bpc=(8, 8, 8), color=array([0, 0, 0]), colorSpace='rgb', depthBits=8, fullscr=<method-wrapper '__getattribute__' of attributeSetter object at 0x000001C0823C3588>, gamma=None, gammaErrorPolicy='raise', lms=UNKNOWN, monitor=<psychopy.monitors.calibTools.Monitor object at 0x000001C0824D8B00>, multiSample=False, name='window1', numSamples=2, pos=[0.0, 0.0], screen=0, size=array([1920, 1200]), stencilBits=0, stereo=False, units='height', useFBO=True, useRetina=False, viewOri=0.0, viewPos=None, viewScale=None, waitBlanking=True, winType='pyglet')
7.7685 	EXP 	window1: mouseVisible = True
7.7685 	EXP 	window1: recordFrameIntervals = False
7.9342 	EXP 	window1: recordFrameIntervals = True
8.1181 	EXP 	window1: recordFrameIntervals = False
8.3408 	EXP 	Created myLetter = TextStim(__class__=<class 'psychopy.visual.text.TextStim'>, alignHoriz=method-wrapper(...), alignText='center', alignVert=method-wrapper(...), anchorHoriz='center', anchorVert='center', antialias=True, autoLog=True, bold=False, color=array([1, 1, 1]), colorSpace='rgb', contrast=1.0, depth=0.0, flipHoriz=False, flipVert=False, font='Open Sans', fontFiles=[], height=0.1, italic=False, languageStyle='LTR', name='myLetter', opacity=1, ori=0.0, pos=array([0.80051148, 0.37030616]), rgb=UNKNOWN, text='T', units='height', win=Window(...), wrapWidth=1)
8.3423 	EXP 	Created myLetter = TextStim(__class__=<class 'psychopy.visual.text.TextStim'>, alignHoriz=method-wrapper(...), alignText='center', alignVert=method-wrapper(...), anchorHoriz='center', anchorVert='center', antialias=True, autoLog=True, bold=False, color=array([1, 1, 1]), colorSpace='rgb', contrast=1.0, depth=0.0, flipHoriz=False, flipVert=False, font='Open Sans', fontFiles=[], height=0.1, italic=False, languageStyle='LTR', name='myLetter', opacity=1, ori=0.0, pos=array([0.53041385, 0.46524355]), rgb=UNKNOWN, text='T', units='height', win=Window(...), wrapWidth=1)
8.3436 	EXP 	Created myLetter = TextStim(__class__=<class 'psychopy.visual.text.TextStim'>, alignHoriz=method-wrapper(...), alignText='center', alignVert=method-wrapper(...), anchorHoriz='center', anchorVert='center', antialias=True, autoLog=True, bold=False, color=array([1, 1, 1]), colorSpace='rgb', contrast=1.0, depth=0.0, flipHoriz=False, flipVert=False, font='Open Sans', fontFiles=[], height=0.1, italic=False, languageStyle='LTR', name='myLetter', opacity=1, ori=0.0, pos=array([0.32331777, 0.5937579 ]), rgb=UNKNOWN, text='T', units='height', win=Window(...), wrapWidth=1)
8.3448 	EXP 	Created myLetter = TextStim(__class__=<class 'psychopy.visual.text.TextStim'>, alignHoriz=method-wrapper(...), alignText='center', alignVert=method-wrapper(...), anchorHoriz='center', anchorVert='center', antialias=True, autoLog=True, bold=False, color=array([1, 1, 1]), colorSpace='rgb', contrast=1.0, depth=0.0, flipHoriz=False, flipVert=False, font='Open Sans', fontFiles=[], height=0.1, italic=False, languageStyle='LTR', name='myLetter', opacity=1, ori=0.0, pos=array([0.61372266, 0.73139768]), rgb=UNKNOWN, text='T', units='height', win=Window(...), wrapWidth=1)
8.3460 	EXP 	Created myLetter = TextStim(__class__=<class 'psychopy.visual.text.TextStim'>, alignHoriz=method-wrapper(...), alignText='center', alignVert=method-wrapper(...), anchorHoriz='center', anchorVert='center', antialias=True, autoLog=True, bold=False, color=array([1, 1, 1]), colorSpace='rgb', contrast=1.0, depth=0.0, flipHoriz=False, flipVert=False, font='Open Sans', fontFiles=[], height=0.1, italic=False, languageStyle='LTR', name='myLetter', opacity=1, ori=0.0, pos=array([0.74813055, 0.01436193]), rgb=UNKNOWN, text='T', units='height', win=Window(...), wrapWidth=1)
8.3472 	EXP 	Created myLetter = TextStim(__class__=<class 'psychopy.visual.text.TextStim'>, alignHoriz=method-wrapper(...), alignText='center', alignVert=method-wrapper(...), anchorHoriz='center', anchorVert='center', antialias=True, autoLog=True, bold=False, color=array([1, 1, 1]), colorSpace='rgb', contrast=1.0, depth=0.0, flipHoriz=False, flipVert=False, font='Open Sans', fontFiles=[], height=0.1, italic=False, languageStyle='LTR', name='myLetter', opacity=1, ori=0.0, pos=array([0.12322873, 0.8676163 ]), rgb=UNKNOWN, text='T', units='height', win=Window(...), wrapWidth=1)
8.3486 	EXP 	Created myLetter = TextStim(__class__=<class 'psychopy.visual.text.TextStim'>, alignHoriz=method-wrapper(...), alignText='center', alignVert=method-wrapper(...), anchorHoriz='center', anchorVert='center', antialias=True, autoLog=True, bold=False, color=array([1, 1, 1]), colorSpace='rgb', contrast=1.0, depth=0.0, flipHoriz=False, flipVert=False, font='Open Sans', fontFiles=[], height=0.1, italic=False, languageStyle='LTR', name='myLetter', opacity=1, ori=0.0, pos=array([0.24370114, 0.38193602]), rgb=UNKNOWN, text='T', units='height', win=Window(...), wrapWidth=1)
8.3513 	EXP 	Created myLetter = TextStim(__class__=<class 'psychopy.visual.text.TextStim'>, alignHoriz=method-wrapper(...), alignText='center', alignVert=method-wrapper(...), anchorHoriz='center', anchorVert='center', antialias=True, autoLog=True, bold=False, color=array([1, 1, 1]), colorSpace='rgb', contrast=1.0, depth=0.0, flipHoriz=False, flipVert=False, font='Open Sans', fontFiles=[], height=0.1, italic=False, languageStyle='LTR', name='myLetter', opacity=1, ori=0.0, pos=array([0.57472577, 0.52857003]), rgb=UNKNOWN, text='T', units='height', win=Window(...), wrapWidth=1)
8.3527 	EXP 	Created myLetter = TextStim(__class__=<class 'psychopy.visual.text.TextStim'>, alignHoriz=method-wrapper(...), alignText='center', alignVert=method-wrapper(...), anchorHoriz='center', anchorVert='center', antialias=True, autoLog=True, bold=False, color=array([1, 1, 1]), colorSpace='rgb', contrast=1.0, depth=0.0, flipHoriz=False, flipVert=False, font='Open Sans', fontFiles=[], height=0.1, italic=False, languageStyle='LTR', name='myLetter', opacity=1, ori=0.0, pos=array([0.24387829, 0.86956684]), rgb=UNKNOWN, text='T', units='height', win=Window(...), wrapWidth=1)
8.3542 	EXP 	Created myLetter = TextStim(__class__=<class 'psychopy.visual.text.TextStim'>, alignHoriz=method-wrapper(...), alignText='center', alignVert=method-wrapper(...), anchorHoriz='center', anchorVert='center', antialias=True, autoLog=True, bold=False, color=array([1, 1, 1]), colorSpace='rgb', contrast=1.0, depth=0.0, flipHoriz=False, flipVert=False, font='Open Sans', fontFiles=[], height=0.1, italic=False, languageStyle='LTR', name='myLetter', opacity=1, ori=0.0, pos=array([0.72447864, 0.19471945]), rgb=UNKNOWN, text='T', units='height', win=Window(...), wrapWidth=1)
8.3555 	EXP 	Created myLetter = TextStim(__class__=<class 'psychopy.visual.text.TextStim'>, alignHoriz=method-wrapper(...), alignText='center', alignVert=method-wrapper(...), anchorHoriz='center', anchorVert='center', antialias=True, autoLog=True, bold=False, color=array([1, 1, 1]), colorSpace='rgb', contrast=1.0, depth=0.0, flipHoriz=False, flipVert=False, font='Open Sans', fontFiles=[], height=0.1, italic=False, languageStyle='LTR', name='myLetter', opacity=1, ori=0.0, pos=array([0.37785084, 0.25321378]), rgb=UNKNOWN, text='T', units='height', win=Window(...), wrapWidth=1)
8.3568 	EXP 	Created myLetter = TextStim(__class__=<class 'psychopy.visual.text.TextStim'>, alignHoriz=method-wrapper(...), alignText='center', alignVert=method-wrapper(...), anchorHoriz='center', anchorVert='center', antialias=True, autoLog=True, bold=False, color=array([1, 1, 1]), colorSpace='rgb', contrast=1.0, depth=0.0, flipHoriz=False, flipVert=False, font='Open Sans', fontFiles=[], height=0.1, italic=False, languageStyle='LTR', name='myLetter', opacity=1, ori=0.0, pos=array([0.16632602, 0.91175936]), rgb=UNKNOWN, text='T', units='height', win=Window(...), wrapWidth=1)
8.3582 	EXP 	Created myLetter = TextStim(__class__=<class 'psychopy.visual.text.TextStim'>, alignHoriz=method-wrapper(...), alignText='center', alignVert=method-wrapper(...), anchorHoriz='center', anchorVert='center', antialias=True, autoLog=True, bold=False, color=array([1, 1, 1]), colorSpace='rgb', contrast=1.0, depth=0.0, flipHoriz=False, flipVert=False, font='Open Sans', fontFiles=[], height=0.1, italic=False, languageStyle='LTR', name='myLetter', opacity=1, ori=0.0, pos=array([0.93683288, 0.51686359]), rgb=UNKNOWN, text='T', units='height', win=Window(...), wrapWidth=1)
8.3595 	EXP 	Created myLetter = TextStim(__class__=<class 'psychopy.visual.text.TextStim'>, alignHoriz=method-wrapper(...), alignText='center', alignVert=method-wrapper(...), anchorHoriz='center', anchorVert='center', antialias=True, autoLog=True, bold=False, color=array([1, 1, 1]), colorSpace='rgb', contrast=1.0, depth=0.0, flipHoriz=False, flipVert=False, font='Open Sans', fontFiles=[], height=0.1, italic=False, languageStyle='LTR', name='myLetter', opacity=1, ori=0.0, pos=array([0.24718416, 0.32049529]), rgb=UNKNOWN, text='T', units='height', win=Window(...), wrapWidth=1)
8.3608 	EXP 	Created myLetter = TextStim(__class__=<class 'psychopy.visual.text.TextStim'>, alignHoriz=method-wrapper(...), alignText='center', alignVert=method-wrapper(...), anchorHoriz='center', anchorVert='center', antialias=True, autoLog=True, bold=False, color=array([1, 1, 1]), colorSpace='rgb', contrast=1.0, depth=0.0, flipHoriz=False, flipVert=False, font='Open Sans', fontFiles=[], height=0.1, italic=False, languageStyle='LTR', name='myLetter', opacity=1, ori=0.0, pos=array([0.97277603, 0.35075983]), rgb=UNKNOWN, text='T', units='height', win=Window(...), wrapWidth=1)
8.3622 	EXP 	Created myLetter = TextStim(__class__=<class 'psychopy.visual.text.TextStim'>, alignHoriz=method-wrapper(...), alignText='center', alignVert=method-wrapper(...), anchorHoriz='center', anchorVert='center', antialias=True, autoLog=True, bold=False, color=array([1, 1, 1]), colorSpace='rgb', contrast=1.0, depth=0.0, flipHoriz=False, flipVert=False, font='Open Sans', fontFiles=[], height=0.1, italic=False, languageStyle='LTR', name='myLetter', opacity=1, ori=0.0, pos=array([0.84407035, 0.84677312]), rgb=UNKNOWN, text='T', units='height', win=Window(...), wrapWidth=1)
8.3635 	EXP 	Created myLetter = TextStim(__class__=<class 'psychopy.visual.text.TextStim'>, alignHoriz=method-wrapper(...), alignText='center', alignVert=method-wrapper(...), anchorHoriz='center', anchorVert='center', antialias=True, autoLog=True, bold=False, color=array([1, 1, 1]), colorSpace='rgb', contrast=1.0, depth=0.0, flipHoriz=False, flipVert=False, font='Open Sans', fontFiles=[], height=0.1, italic=False, languageStyle='LTR', name='myLetter', opacity=1, ori=0.0, pos=array([0.22773975, 0.54735618]), rgb=UNKNOWN, text='T', units='height', win=Window(...), wrapWidth=1)
8.3650 	EXP 	Created myLetter = TextStim(__class__=<class 'psychopy.visual.text.TextStim'>, alignHoriz=method-wrapper(...), alignText='center', alignVert=method-wrapper(...), anchorHoriz='center', anchorVert='center', antialias=True, autoLog=True, bold=False, color=array([1, 1, 1]), colorSpace='rgb', contrast=1.0, depth=0.0, flipHoriz=False, flipVert=False, font='Open Sans', fontFiles=[], height=0.1, italic=False, languageStyle='LTR', name='myLetter', opacity=1, ori=0.0, pos=array([0.46837539, 0.46838109]), rgb=UNKNOWN, text='T', units='height', win=Window(...), wrapWidth=1)
8.3662 	EXP 	Created myLetter = TextStim(__class__=<class 'psychopy.visual.text.TextStim'>, alignHoriz=method-wrapper(...), alignText='center', alignVert=method-wrapper(...), anchorHoriz='center', anchorVert='center', antialias=True, autoLog=True, bold=False, color=array([1, 1, 1]), colorSpace='rgb', contrast=1.0, depth=0.0, flipHoriz=False, flipVert=False, font='Open Sans', fontFiles=[], height=0.1, italic=False, languageStyle='LTR', name='myLetter', opacity=1, ori=0.0, pos=array([0.1661134 , 0.84393713]), rgb=UNKNOWN, text='T', units='height', win=Window(...), wrapWidth=1)
8.3677 	EXP 	Created myLetter = TextStim(__class__=<class 'psychopy.visual.text.TextStim'>, alignHoriz=method-wrapper(...), alignText='center', alignVert=method-wrapper(...), anchorHoriz='center', anchorVert='center', antialias=True, autoLog=True, bold=False, color=array([1, 1, 1]), colorSpace='rgb', contrast=1.0, depth=0.0, flipHoriz=False, flipVert=False, font='Open Sans', fontFiles=[], height=0.1, italic=False, languageStyle='LTR', name='myLetter', opacity=1, ori=0.0, pos=array([0.34530876, 0.83696575]), rgb=UNKNOWN, text='T', units='height', win=Window(...), wrapWidth=1)
8.3709 	EXP 	Created fixation = TextStim(__class__=<class 'psychopy.visual.text.TextStim'>, alignHoriz=method-wrapper(...), alignText='center', alignVert=method-wrapper(...), anchorHoriz='center', anchorVert='center', antialias=True, autoLog=True, bold=False, color=array([1, 1, 1]), colorSpace='rgb', contrast=1.0, depth=-2.0, flipHoriz=False, flipVert=False, font='Open Sans', fontFiles=[], height=0.1, italic=False, languageStyle='LTR', name='fixation', opacity=1, ori=0.0, pos=array([0., 0.]), rgb=UNKNOWN, text='+', units='height', win=Window(...), wrapWidth=1)
8.4234 	EXP 	myLetter: autoDraw = True
8.4234 	EXP 	myLetter: autoDraw = True
8.4234 	EXP 	myLetter: autoDraw = True
8.4234 	EXP 	myLetter: autoDraw = True
8.4234 	EXP 	myLetter: autoDraw = True
8.4234 	EXP 	myLetter: autoDraw = True
8.4234 	EXP 	myLetter: autoDraw = True
8.4234 	EXP 	myLetter: autoDraw = True
8.4234 	EXP 	myLetter: autoDraw = True
8.4234 	EXP 	myLetter: autoDraw = True
8.4234 	EXP 	myLetter: autoDraw = True
8.4234 	EXP 	myLetter: autoDraw = True
8.4234 	EXP 	myLetter: autoDraw = True
8.4234 	EXP 	myLetter: autoDraw = True
8.4234 	EXP 	myLetter: autoDraw = True
8.4234 	EXP 	myLetter: autoDraw = True
8.4234 	EXP 	myLetter: autoDraw = True
8.4234 	EXP 	myLetter: autoDraw = True
8.4234 	EXP 	myLetter: autoDraw = True
8.4234 	EXP 	myLetter: autoDraw = True
8.4234 	EXP 	fixation: autoDraw = True
12.8873 	DATA 	Keypress: escape
13.2117 	EXP 	window1: mouseVisible = True
2.9593 	WARNING 	We strongly recommend you activate the PTB sound engine in PsychoPy prefs as the preferred audio engine. Its timing is vastly superior. Your prefs are currently set to use ['sounddevice', 'PTB', 'pyo', 'pygame'] (in that order).
5.2922 	WARNING 	User requested fullscreen with size [1024  768], but screen is actually [1920, 1200]. Using actual size
7.0157 	EXP 	Created window1 = Window(allowGUI=False, allowStencil=False, autoLog=True, backendConf=UNKNOWN, bitsMode=UNKNOWN, blendMode='avg', bpc=(8, 8, 8), color=array([0, 0, 0]), colorSpace='rgb', depthBits=8, fullscr=<method-wrapper '__getattribute__' of attributeSetter object at 0x0000023A6EA10588>, gamma=None, gammaErrorPolicy='raise', lms=UNKNOWN, monitor=<psychopy.monitors.calibTools.Monitor object at 0x0000023A6EB29B00>, multiSample=False, name='window1', numSamples=2, pos=[0.0, 0.0], screen=0, size=array([1920, 1200]), stencilBits=0, stereo=False, units='height', useFBO=True, useRetina=False, viewOri=0.0, viewPos=None, viewScale=None, waitBlanking=True, winType='pyglet')
7.0159 	EXP 	window1: mouseVisible = True
7.0159 	EXP 	window1: recordFrameIntervals = False
7.1817 	EXP 	window1: recordFrameIntervals = True
7.3654 	EXP 	window1: recordFrameIntervals = False
7.5728 	EXP 	Created myLetter = TextStim(__class__=<class 'psychopy.visual.text.TextStim'>, alignHoriz=method-wrapper(...), alignText='center', alignVert=method-wrapper(...), anchorHoriz='center', anchorVert='center', antialias=True, autoLog=True, bold=False, color=array([1, 1, 1]), colorSpace='rgb', contrast=1.0, depth=0.0, flipHoriz=False, flipVert=False, font='Open Sans', fontFiles=[], height=0.1, italic=False, languageStyle='LTR', name='myLetter', opacity=1, ori=0.0, pos=array([ 0.35299645, -0.00986006]), rgb=UNKNOWN, text='T', units='height', win=Window(...), wrapWidth=1)
7.5744 	EXP 	Created myLetter = TextStim(__class__=<class 'psychopy.visual.text.TextStim'>, alignHoriz=method-wrapper(...), alignText='center', alignVert=method-wrapper(...), anchorHoriz='center', anchorVert='center', antialias=True, autoLog=True, bold=False, color=array([1, 1, 1]), colorSpace='rgb', contrast=1.0, depth=0.0, flipHoriz=False, flipVert=False, font='Open Sans', fontFiles=[], height=0.1, italic=False, languageStyle='LTR', name='myLetter', opacity=1, ori=0.0, pos=array([-0.48523771, -0.41985956]), rgb=UNKNOWN, text='T', units='height', win=Window(...), wrapWidth=1)
7.5759 	EXP 	Created myLetter = TextStim(__class__=<class 'psychopy.visual.text.TextStim'>, alignHoriz=method-wrapper(...), alignText='center', alignVert=method-wrapper(...), anchorHoriz='center', anchorVert='center', antialias=True, autoLog=True, bold=False, color=array([1, 1, 1]), colorSpace='rgb', contrast=1.0, depth=0.0, flipHoriz=False, flipVert=False, font='Open Sans', fontFiles=[], height=0.1, italic=False, languageStyle='LTR', name='myLetter', opacity=1, ori=0.0, pos=array([0.10174649, 0.22279512]), rgb=UNKNOWN, text='T', units='height', win=Window(...), wrapWidth=1)
7.5773 	EXP 	Created myLetter = TextStim(__class__=<class 'psychopy.visual.text.TextStim'>, alignHoriz=method-wrapper(...), alignText='center', alignVert=method-wrapper(...), anchorHoriz='center', anchorVert='center', antialias=True, autoLog=True, bold=False, color=array([1, 1, 1]), colorSpace='rgb', contrast=1.0, depth=0.0, flipHoriz=False, flipVert=False, font='Open Sans', fontFiles=[], height=0.1, italic=False, languageStyle='LTR', name='myLetter', opacity=1, ori=0.0, pos=array([0.20378865, 0.3629688 ]), rgb=UNKNOWN, text='T', units='height', win=Window(...), wrapWidth=1)
7.5786 	EXP 	Created myLetter = TextStim(__class__=<class 'psychopy.visual.text.TextStim'>, alignHoriz=method-wrapper(...), alignText='center', alignVert=method-wrapper(...), anchorHoriz='center', anchorVert='center', antialias=True, autoLog=True, bold=False, color=array([1, 1, 1]), colorSpace='rgb', contrast=1.0, depth=0.0, flipHoriz=False, flipVert=False, font='Open Sans', fontFiles=[], height=0.1, italic=False, languageStyle='LTR', name='myLetter', opacity=1, ori=0.0, pos=array([-0.0010124 , -0.47460976]), rgb=UNKNOWN, text='T', units='height', win=Window(...), wrapWidth=1)
7.5799 	EXP 	Created myLetter = TextStim(__class__=<class 'psychopy.visual.text.TextStim'>, alignHoriz=method-wrapper(...), alignText='center', alignVert=method-wrapper(...), anchorHoriz='center', anchorVert='center', antialias=True, autoLog=True, bold=False, color=array([1, 1, 1]), colorSpace='rgb', contrast=1.0, depth=0.0, flipHoriz=False, flipVert=False, font='Open Sans', fontFiles=[], height=0.1, italic=False, languageStyle='LTR', name='myLetter', opacity=1, ori=0.0, pos=array([-0.41581443, -0.18123571]), rgb=UNKNOWN, text='T', units='height', win=Window(...), wrapWidth=1)
7.5814 	EXP 	Created myLetter = TextStim(__class__=<class 'psychopy.visual.text.TextStim'>, alignHoriz=method-wrapper(...), alignText='center', alignVert=method-wrapper(...), anchorHoriz='center', anchorVert='center', antialias=True, autoLog=True, bold=False, color=array([1, 1, 1]), colorSpace='rgb', contrast=1.0, depth=0.0, flipHoriz=False, flipVert=False, font='Open Sans', fontFiles=[], height=0.1, italic=False, languageStyle='LTR', name='myLetter', opacity=1, ori=0.0, pos=array([0.03412229, 0.21349213]), rgb=UNKNOWN, text='T', units='height', win=Window(...), wrapWidth=1)
7.5847 	EXP 	Created myLetter = TextStim(__class__=<class 'psychopy.visual.text.TextStim'>, alignHoriz=method-wrapper(...), alignText='center', alignVert=method-wrapper(...), anchorHoriz='center', anchorVert='center', antialias=True, autoLog=True, bold=False, color=array([1, 1, 1]), colorSpace='rgb', contrast=1.0, depth=0.0, flipHoriz=False, flipVert=False, font='Open Sans', fontFiles=[], height=0.1, italic=False, languageStyle='LTR', name='myLetter', opacity=1, ori=0.0, pos=array([-0.18709893, -0.12319977]), rgb=UNKNOWN, text='T', units='height', win=Window(...), wrapWidth=1)
7.5861 	EXP 	Created myLetter = TextStim(__class__=<class 'psychopy.visual.text.TextStim'>, alignHoriz=method-wrapper(...), alignText='center', alignVert=method-wrapper(...), anchorHoriz='center', anchorVert='center', antialias=True, autoLog=True, bold=False, color=array([1, 1, 1]), colorSpace='rgb', contrast=1.0, depth=0.0, flipHoriz=False, flipVert=False, font='Open Sans', fontFiles=[], height=0.1, italic=False, languageStyle='LTR', name='myLetter', opacity=1, ori=0.0, pos=array([ 0.49060556, -0.34362556]), rgb=UNKNOWN, text='T', units='height', win=Window(...), wrapWidth=1)
7.5876 	EXP 	Created myLetter = TextStim(__class__=<class 'psychopy.visual.text.TextStim'>, alignHoriz=method-wrapper(...), alignText='center', alignVert=method-wrapper(...), anchorHoriz='center', anchorVert='center', antialias=True, autoLog=True, bold=False, color=array([1, 1, 1]), colorSpace='rgb', contrast=1.0, depth=0.0, flipHoriz=False, flipVert=False, font='Open Sans', fontFiles=[], height=0.1, italic=False, languageStyle='LTR', name='myLetter', opacity=1, ori=0.0, pos=array([ 0.08465908, -0.11599759]), rgb=UNKNOWN, text='T', units='height', win=Window(...), wrapWidth=1)
7.5890 	EXP 	Created myLetter = TextStim(__class__=<class 'psychopy.visual.text.TextStim'>, alignHoriz=method-wrapper(...), alignText='center', alignVert=method-wrapper(...), anchorHoriz='center', anchorVert='center', antialias=True, autoLog=True, bold=False, color=array([1, 1, 1]), colorSpace='rgb', contrast=1.0, depth=0.0, flipHoriz=False, flipVert=False, font='Open Sans', fontFiles=[], height=0.1, italic=False, languageStyle='LTR', name='myLetter', opacity=1, ori=0.0, pos=array([0.14804742, 0.10307733]), rgb=UNKNOWN, text='T', units='height', win=Window(...), wrapWidth=1)
7.5903 	EXP 	Created myLetter = TextStim(__class__=<class 'psychopy.visual.text.TextStim'>, alignHoriz=method-wrapper(...), alignText='center', alignVert=method-wrapper(...), anchorHoriz='center', anchorVert='center', antialias=True, autoLog=True, bold=False, color=array([1, 1, 1]), colorSpace='rgb', contrast=1.0, depth=0.0, flipHoriz=False, flipVert=False, font='Open Sans', fontFiles=[], height=0.1, italic=False, languageStyle='LTR', name='myLetter', opacity=1, ori=0.0, pos=array([-0.49857388, -0.47242352]), rgb=UNKNOWN, text='T', units='height', win=Window(...), wrapWidth=1)
7.5918 	EXP 	Created myLetter = TextStim(__class__=<class 'psychopy.visual.text.TextStim'>, alignHoriz=method-wrapper(...), alignText='center', alignVert=method-wrapper(...), anchorHoriz='center', anchorVert='center', antialias=True, autoLog=True, bold=False, color=array([1, 1, 1]), colorSpace='rgb', contrast=1.0, depth=0.0, flipHoriz=False, flipVert=False, font='Open Sans', fontFiles=[], height=0.1, italic=False, languageStyle='LTR', name='myLetter', opacity=1, ori=0.0, pos=array([-0.12445105,  0.13588183]), rgb=UNKNOWN, text='T', units='height', win=Window(...), wrapWidth=1)
7.5931 	EXP 	Created myLetter = TextStim(__class__=<class 'psychopy.visual.text.TextStim'>, alignHoriz=method-wrapper(...), alignText='center', alignVert=method-wrapper(...), anchorHoriz='center', anchorVert='center', antialias=True, autoLog=True, bold=False, color=array([1, 1, 1]), colorSpace='rgb', contrast=1.0, depth=0.0, flipHoriz=False, flipVert=False, font='Open Sans', fontFiles=[], height=0.1, italic=False, languageStyle='LTR', name='myLetter', opacity=1, ori=0.0, pos=array([ 0.21676542, -0.47046806]), rgb=UNKNOWN, text='T', units='height', win=Window(...), wrapWidth=1)
7.5945 	EXP 	Created myLetter = TextStim(__class__=<class 'psychopy.visual.text.TextStim'>, alignHoriz=method-wrapper(...), alignText='center', alignVert=method-wrapper(...), anchorHoriz='center', anchorVert='center', antialias=True, autoLog=True, bold=False, color=array([1, 1, 1]), colorSpace='rgb', contrast=1.0, depth=0.0, flipHoriz=False, flipVert=False, font='Open Sans', fontFiles=[], height=0.1, italic=False, languageStyle='LTR', name='myLetter', opacity=1, ori=0.0, pos=array([0.08629695, 0.24151197]), rgb=UNKNOWN, text='T', units='height', win=Window(...), wrapWidth=1)
7.5958 	EXP 	Created myLetter = TextStim(__class__=<class 'psychopy.visual.text.TextStim'>, alignHoriz=method-wrapper(...), alignText='center', alignVert=method-wrapper(...), anchorHoriz='center', anchorVert='center', antialias=True, autoLog=True, bold=False, color=array([1, 1, 1]), colorSpace='rgb', contrast=1.0, depth=0.0, flipHoriz=False, flipVert=False, font='Open Sans', fontFiles=[], height=0.1, italic=False, languageStyle='LTR', name='myLetter', opacity=1, ori=0.0, pos=array([ 0.08576093, -0.09744816]), rgb=UNKNOWN, text='T', units='height', win=Window(...), wrapWidth=1)
7.5971 	EXP 	Created myLetter = TextStim(__class__=<class 'psychopy.visual.text.TextStim'>, alignHoriz=method-wrapper(...), alignText='center', alignVert=method-wrapper(...), anchorHoriz='center', anchorVert='center', antialias=True, autoLog=True, bold=False, color=array([1, 1, 1]), colorSpace='rgb', contrast=1.0, depth=0.0, flipHoriz=False, flipVert=False, font='Open Sans', fontFiles=[], height=0.1, italic=False, languageStyle='LTR', name='myLetter', opacity=1, ori=0.0, pos=array([ 0.19677185, -0.19271399]), rgb=UNKNOWN, text='T', units='height', win=Window(...), wrapWidth=1)
7.5987 	EXP 	Created myLetter = TextStim(__class__=<class 'psychopy.visual.text.TextStim'>, alignHoriz=method-wrapper(...), alignText='center', alignVert=method-wrapper(...), anchorHoriz='center', anchorVert='center', antialias=True, autoLog=True, bold=False, color=array([1, 1, 1]), colorSpace='rgb', contrast=1.0, depth=0.0, flipHoriz=False, flipVert=False, font='Open Sans', fontFiles=[], height=0.1, italic=False, languageStyle='LTR', name='myLetter', opacity=1, ori=0.0, pos=array([-0.18220596,  0.29257431]), rgb=UNKNOWN, text='T', units='height', win=Window(...), wrapWidth=1)
7.6000 	EXP 	Created myLetter = TextStim(__class__=<class 'psychopy.visual.text.TextStim'>, alignHoriz=method-wrapper(...), alignText='center', alignVert=method-wrapper(...), anchorHoriz='center', anchorVert='center', antialias=True, autoLog=True, bold=False, color=array([1, 1, 1]), colorSpace='rgb', contrast=1.0, depth=0.0, flipHoriz=False, flipVert=False, font='Open Sans', fontFiles=[], height=0.1, italic=False, languageStyle='LTR', name='myLetter', opacity=1, ori=0.0, pos=array([ 0.33320662, -0.25740532]), rgb=UNKNOWN, text='T', units='height', win=Window(...), wrapWidth=1)
7.6014 	EXP 	Created myLetter = TextStim(__class__=<class 'psychopy.visual.text.TextStim'>, alignHoriz=method-wrapper(...), alignText='center', alignVert=method-wrapper(...), anchorHoriz='center', anchorVert='center', antialias=True, autoLog=True, bold=False, color=array([1, 1, 1]), colorSpace='rgb', contrast=1.0, depth=0.0, flipHoriz=False, flipVert=False, font='Open Sans', fontFiles=[], height=0.1, italic=False, languageStyle='LTR', name='myLetter', opacity=1, ori=0.0, pos=array([-0.4523401, -0.3683227]), rgb=UNKNOWN, text='T', units='height', win=Window(...), wrapWidth=1)
7.6049 	EXP 	Created fixation = TextStim(__class__=<class 'psychopy.visual.text.TextStim'>, alignHoriz=method-wrapper(...), alignText='center', alignVert=method-wrapper(...), anchorHoriz='center', anchorVert='center', antialias=True, autoLog=True, bold=False, color=array([1, 1, 1]), colorSpace='rgb', contrast=1.0, depth=-2.0, flipHoriz=False, flipVert=False, font='Open Sans', fontFiles=[], height=0.1, italic=False, languageStyle='LTR', name='fixation', opacity=1, ori=0.0, pos=array([0., 0.]), rgb=UNKNOWN, text='+', units='height', win=Window(...), wrapWidth=1)
7.6564 	EXP 	myLetter: autoDraw = True
7.6564 	EXP 	myLetter: autoDraw = True
7.6564 	EXP 	myLetter: autoDraw = True
7.6564 	EXP 	myLetter: autoDraw = True
7.6564 	EXP 	myLetter: autoDraw = True
7.6564 	EXP 	myLetter: autoDraw = True
7.6564 	EXP 	myLetter: autoDraw = True
7.6564 	EXP 	myLetter: autoDraw = True
7.6564 	EXP 	myLetter: autoDraw = True
7.6564 	EXP 	myLetter: autoDraw = True
7.6564 	EXP 	myLetter: autoDraw = True
7.6564 	EXP 	myLetter: autoDraw = True
7.6564 	EXP 	myLetter: autoDraw = True
7.6564 	EXP 	myLetter: autoDraw = True
7.6564 	EXP 	myLetter: autoDraw = True
7.6564 	EXP 	myLetter: autoDraw = True
7.6564 	EXP 	myLetter: autoDraw = True
7.6564 	EXP 	myLetter: autoDraw = True
7.6564 	EXP 	myLetter: autoDraw = True
7.6564 	EXP 	myLetter: autoDraw = True
7.6564 	EXP 	fixation: autoDraw = True
11.5810 	DATA 	Keypress: escape
11.7311 	EXP 	window1: mouseVisible = True
