2.9797 	WARNING 	We strongly recommend you activate the PTB sound engine in PsychoPy prefs as the preferred audio engine. Its timing is vastly superior. Your prefs are currently set to use ['sounddevice', 'PTB', 'pyo', 'pygame'] (in that order).
5.7596 	WARNING 	User requested fullscreen with size [1024  768], but screen is actually [1920, 1200]. Using actual size
7.5347 	EXP 	Created window1 = Window(allowGUI=False, allowStencil=False, autoLog=True, backendConf=UNKNOWN, bitsMode=UNKNOWN, blendMode='avg', bpc=(8, 8, 8), color=array([0, 0, 0]), colorSpace='rgb', depthBits=8, fullscr=<method-wrapper '__getattribute__' of attributeSetter object at 0x00000160024B4710>, gamma=None, gammaErrorPolicy='raise', lms=UNKNOWN, monitor=<psychopy.monitors.calibTools.Monitor object at 0x00000160024D6C50>, multiSample=False, name='window1', numSamples=2, pos=[0.0, 0.0], screen=0, size=array([1920, 1200]), stencilBits=0, stereo=False, units='height', useFBO=True, useRetina=False, viewOri=0.0, viewPos=None, viewScale=None, waitBlanking=True, winType='pyglet')
7.5362 	EXP 	window1: mouseVisible = True
7.5363 	EXP 	window1: recordFrameIntervals = False
7.7008 	EXP 	window1: recordFrameIntervals = True
7.8845 	EXP 	window1: recordFrameIntervals = False
8.1013 	EXP 	Created fixation = TextStim(__class__=<class 'psychopy.visual.text.TextStim'>, alignHoriz=method-wrapper(...), alignText='center', alignVert=method-wrapper(...), anchorHoriz='center', anchorVert='center', antialias=True, autoLog=True, bold=False, color=array([1, 1, 1]), colorSpace='rgb', contrast=1.0, depth=-2.0, flipHoriz=False, flipVert=False, font='Open Sans', fontFiles=[], height=0.1, italic=False, languageStyle='LTR', name='fixation', opacity=1, ori=0.0, pos=array([0., 0.]), rgb=UNKNOWN, text='+', units='height', win=Window(...), wrapWidth=1)
8.1049 	EXP 	Created target = TextStim(__class__=<class 'psychopy.visual.text.TextStim'>, alignHoriz=method-wrapper(...), alignText='center', alignVert=method-wrapper(...), anchorHoriz='center', anchorVert='center', antialias=True, autoLog=True, bold=False, color=array([-1, -1, -1]), colorSpace='rgb', contrast=1.0, depth=-3.0, flipHoriz=False, flipVert=False, font='Open Sans', fontFiles=[], height=0.1, italic=False, languageStyle='LTR', name='target', opacity=1, ori=0.0, pos=array([0., 0.]), rgb=UNKNOWN, text='L', units='height', win=Window(...), wrapWidth=1)
8.1050 	EXP 	window1: mouseVisible = True
8.1053 	EXP 	Created sequence: random, trialTypes=1, nReps=5, seed=None
8.1055 	EXP 	New trial (rep=0, index=0): None
8.2888 	EXP 	window1: mouseVisible = True
3.2732 	WARNING 	We strongly recommend you activate the PTB sound engine in PsychoPy prefs as the preferred audio engine. Its timing is vastly superior. Your prefs are currently set to use ['sounddevice', 'PTB', 'pyo', 'pygame'] (in that order).
6.2637 	WARNING 	User requested fullscreen with size [1024  768], but screen is actually [1920, 1200]. Using actual size
8.0531 	EXP 	Created window1 = Window(allowGUI=False, allowStencil=False, autoLog=True, backendConf=UNKNOWN, bitsMode=UNKNOWN, blendMode='avg', bpc=(8, 8, 8), color=array([0, 0, 0]), colorSpace='rgb', depthBits=8, fullscr=<method-wrapper '__getattribute__' of attributeSetter object at 0x000002A08B8E4668>, gamma=None, gammaErrorPolicy='raise', lms=UNKNOWN, monitor=<psychopy.monitors.calibTools.Monitor object at 0x000002A08B907BA8>, multiSample=False, name='window1', numSamples=2, pos=[0.0, 0.0], screen=0, size=array([1920, 1200]), stencilBits=0, stereo=False, units='height', useFBO=True, useRetina=False, viewOri=0.0, viewPos=None, viewScale=None, waitBlanking=True, winType='pyglet')
8.0541 	EXP 	window1: mouseVisible = True
8.0541 	EXP 	window1: recordFrameIntervals = False
8.2196 	EXP 	window1: recordFrameIntervals = True
8.4033 	EXP 	window1: recordFrameIntervals = False
8.6125 	EXP 	Created fixation = TextStim(__class__=<class 'psychopy.visual.text.TextStim'>, alignHoriz=method-wrapper(...), alignText='center', alignVert=method-wrapper(...), anchorHoriz='center', anchorVert='center', antialias=True, autoLog=True, bold=False, color=array([1, 1, 1]), colorSpace='rgb', contrast=1.0, depth=-2.0, flipHoriz=False, flipVert=False, font='Open Sans', fontFiles=[], height=0.1, italic=False, languageStyle='LTR', name='fixation', opacity=1, ori=0.0, pos=array([0., 0.]), rgb=UNKNOWN, text='+', units='height', win=Window(...), wrapWidth=1)
8.6158 	EXP 	Created target = TextStim(__class__=<class 'psychopy.visual.text.TextStim'>, alignHoriz=method-wrapper(...), alignText='center', alignVert=method-wrapper(...), anchorHoriz='center', anchorVert='center', antialias=True, autoLog=True, bold=False, color=array([-1, -1, -1]), colorSpace='rgb', contrast=1.0, depth=-3.0, flipHoriz=False, flipVert=False, font='Open Sans', fontFiles=[], height=0.1, italic=False, languageStyle='LTR', name='target', opacity=1, ori=0.0, pos=array([0., 0.]), rgb=UNKNOWN, text='L', units='height', win=Window(...), wrapWidth=1)
8.6159 	EXP 	window1: mouseVisible = True
8.6162 	EXP 	Created sequence: random, trialTypes=1, nReps=5, seed=None
8.6164 	EXP 	New trial (rep=0, index=0): None
8.6198 	EXP 	Created myLetter = TextStim(__class__=<class 'psychopy.visual.text.TextStim'>, alignHoriz=method-wrapper(...), alignText='center', alignVert=method-wrapper(...), anchorHoriz='center', anchorVert='center', antialias=True, autoLog=True, bold=False, color=array([0.72239574, 0.26988884, 0.02318963]), colorSpace='rgb', contrast=1.0, depth=0.0, flipHoriz=False, flipVert=False, font='Open Sans', fontFiles=[], height=0.1, italic=False, languageStyle='LTR', name='myLetter', opacity=1, ori=0.0, pos=array([-0.43709786, -0.46971648]), rgb=UNKNOWN, text='T', units='height', win=Window(...), wrapWidth=1)
8.6212 	EXP 	Created myLetter = TextStim(__class__=<class 'psychopy.visual.text.TextStim'>, alignHoriz=method-wrapper(...), alignText='center', alignVert=method-wrapper(...), anchorHoriz='center', anchorVert='center', antialias=True, autoLog=True, bold=False, color=array([0.36259493, 0.44811889, 0.1224705 ]), colorSpace='rgb', contrast=1.0, depth=0.0, flipHoriz=False, flipVert=False, font='Open Sans', fontFiles=[], height=0.1, italic=False, languageStyle='LTR', name='myLetter', opacity=1, ori=0.0, pos=array([-0.48209502,  0.25310365]), rgb=UNKNOWN, text='T', units='height', win=Window(...), wrapWidth=1)
8.6224 	EXP 	Created myLetter = TextStim(__class__=<class 'psychopy.visual.text.TextStim'>, alignHoriz=method-wrapper(...), alignText='center', alignVert=method-wrapper(...), anchorHoriz='center', anchorVert='center', antialias=True, autoLog=True, bold=False, color=array([0.93632232, 0.44405336, 0.15515846]), colorSpace='rgb', contrast=1.0, depth=0.0, flipHoriz=False, flipVert=False, font='Open Sans', fontFiles=[], height=0.1, italic=False, languageStyle='LTR', name='myLetter', opacity=1, ori=0.0, pos=array([-0.28530914, -0.14134776]), rgb=UNKNOWN, text='T', units='height', win=Window(...), wrapWidth=1)
8.6237 	EXP 	Created myLetter = TextStim(__class__=<class 'psychopy.visual.text.TextStim'>, alignHoriz=method-wrapper(...), alignText='center', alignVert=method-wrapper(...), anchorHoriz='center', anchorVert='center', antialias=True, autoLog=True, bold=False, color=array([0.7666053 , 0.69538375, 0.53809926]), colorSpace='rgb', contrast=1.0, depth=0.0, flipHoriz=False, flipVert=False, font='Open Sans', fontFiles=[], height=0.1, italic=False, languageStyle='LTR', name='myLetter', opacity=1, ori=0.0, pos=array([0.34862395, 0.2967579 ]), rgb=UNKNOWN, text='T', units='height', win=Window(...), wrapWidth=1)
8.6261 	EXP 	Created myLetter = TextStim(__class__=<class 'psychopy.visual.text.TextStim'>, alignHoriz=method-wrapper(...), alignText='center', alignVert=method-wrapper(...), anchorHoriz='center', anchorVert='center', antialias=True, autoLog=True, bold=False, color=array([0.45278472, 0.9927204 , 0.44319826]), colorSpace='rgb', contrast=1.0, depth=0.0, flipHoriz=False, flipVert=False, font='Open Sans', fontFiles=[], height=0.1, italic=False, languageStyle='LTR', name='myLetter', opacity=1, ori=0.0, pos=array([0.46725083, 0.28109111]), rgb=UNKNOWN, text='T', units='height', win=Window(...), wrapWidth=1)
8.6274 	EXP 	Created myLetter = TextStim(__class__=<class 'psychopy.visual.text.TextStim'>, alignHoriz=method-wrapper(...), alignText='center', alignVert=method-wrapper(...), anchorHoriz='center', anchorVert='center', antialias=True, autoLog=True, bold=False, color=array([0.59312021, 0.05485592, 0.33746193]), colorSpace='rgb', contrast=1.0, depth=0.0, flipHoriz=False, flipVert=False, font='Open Sans', fontFiles=[], height=0.1, italic=False, languageStyle='LTR', name='myLetter', opacity=1, ori=0.0, pos=array([ 0.16278395, -0.34220297]), rgb=UNKNOWN, text='T', units='height', win=Window(...), wrapWidth=1)
8.6287 	EXP 	Created myLetter = TextStim(__class__=<class 'psychopy.visual.text.TextStim'>, alignHoriz=method-wrapper(...), alignText='center', alignVert=method-wrapper(...), anchorHoriz='center', anchorVert='center', antialias=True, autoLog=True, bold=False, color=array([0.78830769, 0.11103621, 0.06444542]), colorSpace='rgb', contrast=1.0, depth=0.0, flipHoriz=False, flipVert=False, font='Open Sans', fontFiles=[], height=0.1, italic=False, languageStyle='LTR', name='myLetter', opacity=1, ori=0.0, pos=array([0.01542259, 0.1248162 ]), rgb=UNKNOWN, text='T', units='height', win=Window(...), wrapWidth=1)
8.6300 	EXP 	Created myLetter = TextStim(__class__=<class 'psychopy.visual.text.TextStim'>, alignHoriz=method-wrapper(...), alignText='center', alignVert=method-wrapper(...), anchorHoriz='center', anchorVert='center', antialias=True, autoLog=True, bold=False, color=array([0.90988705, 0.7614372 , 0.665733  ]), colorSpace='rgb', contrast=1.0, depth=0.0, flipHoriz=False, flipVert=False, font='Open Sans', fontFiles=[], height=0.1, italic=False, languageStyle='LTR', name='myLetter', opacity=1, ori=0.0, pos=array([0.17718747, 0.46474262]), rgb=UNKNOWN, text='T', units='height', win=Window(...), wrapWidth=1)
8.6312 	EXP 	Created myLetter = TextStim(__class__=<class 'psychopy.visual.text.TextStim'>, alignHoriz=method-wrapper(...), alignText='center', alignVert=method-wrapper(...), anchorHoriz='center', anchorVert='center', antialias=True, autoLog=True, bold=False, color=array([0.67907304, 0.44966723, 0.79145712]), colorSpace='rgb', contrast=1.0, depth=0.0, flipHoriz=False, flipVert=False, font='Open Sans', fontFiles=[], height=0.1, italic=False, languageStyle='LTR', name='myLetter', opacity=1, ori=0.0, pos=array([-0.46619673, -0.02596401]), rgb=UNKNOWN, text='T', units='height', win=Window(...), wrapWidth=1)
8.6324 	EXP 	Created myLetter = TextStim(__class__=<class 'psychopy.visual.text.TextStim'>, alignHoriz=method-wrapper(...), alignText='center', alignVert=method-wrapper(...), anchorHoriz='center', anchorVert='center', antialias=True, autoLog=True, bold=False, color=array([0.18131745, 0.31120536, 0.79214848]), colorSpace='rgb', contrast=1.0, depth=0.0, flipHoriz=False, flipVert=False, font='Open Sans', fontFiles=[], height=0.1, italic=False, languageStyle='LTR', name='myLetter', opacity=1, ori=0.0, pos=array([-0.4916098 , -0.36967943]), rgb=UNKNOWN, text='T', units='height', win=Window(...), wrapWidth=1)
8.6337 	EXP 	Created myLetter = TextStim(__class__=<class 'psychopy.visual.text.TextStim'>, alignHoriz=method-wrapper(...), alignText='center', alignVert=method-wrapper(...), anchorHoriz='center', anchorVert='center', antialias=True, autoLog=True, bold=False, color=array([0.45398689, 0.29664634, 0.93947121]), colorSpace='rgb', contrast=1.0, depth=0.0, flipHoriz=False, flipVert=False, font='Open Sans', fontFiles=[], height=0.1, italic=False, languageStyle='LTR', name='myLetter', opacity=1, ori=0.0, pos=array([-0.44601761, -0.25490628]), rgb=UNKNOWN, text='T', units='height', win=Window(...), wrapWidth=1)
8.6349 	EXP 	Created myLetter = TextStim(__class__=<class 'psychopy.visual.text.TextStim'>, alignHoriz=method-wrapper(...), alignText='center', alignVert=method-wrapper(...), anchorHoriz='center', anchorVert='center', antialias=True, autoLog=True, bold=False, color=array([0.99057785, 0.32473364, 0.49940717]), colorSpace='rgb', contrast=1.0, depth=0.0, flipHoriz=False, flipVert=False, font='Open Sans', fontFiles=[], height=0.1, italic=False, languageStyle='LTR', name='myLetter', opacity=1, ori=0.0, pos=array([ 0.17278036, -0.19897296]), rgb=UNKNOWN, text='T', units='height', win=Window(...), wrapWidth=1)
8.6364 	EXP 	Created myLetter = TextStim(__class__=<class 'psychopy.visual.text.TextStim'>, alignHoriz=method-wrapper(...), alignText='center', alignVert=method-wrapper(...), anchorHoriz='center', anchorVert='center', antialias=True, autoLog=True, bold=False, color=array([0.54333557, 0.75009691, 0.07502515]), colorSpace='rgb', contrast=1.0, depth=0.0, flipHoriz=False, flipVert=False, font='Open Sans', fontFiles=[], height=0.1, italic=False, languageStyle='LTR', name='myLetter', opacity=1, ori=0.0, pos=array([-0.42273881,  0.01105739]), rgb=UNKNOWN, text='T', units='height', win=Window(...), wrapWidth=1)
8.6377 	EXP 	Created myLetter = TextStim(__class__=<class 'psychopy.visual.text.TextStim'>, alignHoriz=method-wrapper(...), alignText='center', alignVert=method-wrapper(...), anchorHoriz='center', anchorVert='center', antialias=True, autoLog=True, bold=False, color=array([0.55709117, 0.6699465 , 0.83976747]), colorSpace='rgb', contrast=1.0, depth=0.0, flipHoriz=False, flipVert=False, font='Open Sans', fontFiles=[], height=0.1, italic=False, languageStyle='LTR', name='myLetter', opacity=1, ori=0.0, pos=array([0.27353698, 0.39248628]), rgb=UNKNOWN, text='T', units='height', win=Window(...), wrapWidth=1)
8.6390 	EXP 	Created myLetter = TextStim(__class__=<class 'psychopy.visual.text.TextStim'>, alignHoriz=method-wrapper(...), alignText='center', alignVert=method-wrapper(...), anchorHoriz='center', anchorVert='center', antialias=True, autoLog=True, bold=False, color=array([0.07354504, 0.83299586, 0.65903939]), colorSpace='rgb', contrast=1.0, depth=0.0, flipHoriz=False, flipVert=False, font='Open Sans', fontFiles=[], height=0.1, italic=False, languageStyle='LTR', name='myLetter', opacity=1, ori=0.0, pos=array([ 0.23644717, -0.37872291]), rgb=UNKNOWN, text='T', units='height', win=Window(...), wrapWidth=1)
8.6402 	EXP 	Created myLetter = TextStim(__class__=<class 'psychopy.visual.text.TextStim'>, alignHoriz=method-wrapper(...), alignText='center', alignVert=method-wrapper(...), anchorHoriz='center', anchorVert='center', antialias=True, autoLog=True, bold=False, color=array([0.57368717, 0.48747277, 0.30436575]), colorSpace='rgb', contrast=1.0, depth=0.0, flipHoriz=False, flipVert=False, font='Open Sans', fontFiles=[], height=0.1, italic=False, languageStyle='LTR', name='myLetter', opacity=1, ori=0.0, pos=array([0.3827565 , 0.32656817]), rgb=UNKNOWN, text='T', units='height', win=Window(...), wrapWidth=1)
8.6414 	EXP 	Created myLetter = TextStim(__class__=<class 'psychopy.visual.text.TextStim'>, alignHoriz=method-wrapper(...), alignText='center', alignVert=method-wrapper(...), anchorHoriz='center', anchorVert='center', antialias=True, autoLog=True, bold=False, color=array([0.17254539, 0.29264492, 0.58582297]), colorSpace='rgb', contrast=1.0, depth=0.0, flipHoriz=False, flipVert=False, font='Open Sans', fontFiles=[], height=0.1, italic=False, languageStyle='LTR', name='myLetter', opacity=1, ori=0.0, pos=array([ 0.40275824, -0.21302949]), rgb=UNKNOWN, text='T', units='height', win=Window(...), wrapWidth=1)
8.6427 	EXP 	Created myLetter = TextStim(__class__=<class 'psychopy.visual.text.TextStim'>, alignHoriz=method-wrapper(...), alignText='center', alignVert=method-wrapper(...), anchorHoriz='center', anchorVert='center', antialias=True, autoLog=True, bold=False, color=array([0.45661165, 0.26609597, 0.8380134 ]), colorSpace='rgb', contrast=1.0, depth=0.0, flipHoriz=False, flipVert=False, font='Open Sans', fontFiles=[], height=0.1, italic=False, languageStyle='LTR', name='myLetter', opacity=1, ori=0.0, pos=array([ 0.27872133, -0.13466296]), rgb=UNKNOWN, text='T', units='height', win=Window(...), wrapWidth=1)
8.6439 	EXP 	Created myLetter = TextStim(__class__=<class 'psychopy.visual.text.TextStim'>, alignHoriz=method-wrapper(...), alignText='center', alignVert=method-wrapper(...), anchorHoriz='center', anchorVert='center', antialias=True, autoLog=True, bold=False, color=array([0.4243819 , 0.92408253, 0.53966129]), colorSpace='rgb', contrast=1.0, depth=0.0, flipHoriz=False, flipVert=False, font='Open Sans', fontFiles=[], height=0.1, italic=False, languageStyle='LTR', name='myLetter', opacity=1, ori=0.0, pos=array([-0.12269337,  0.39635742]), rgb=UNKNOWN, text='T', units='height', win=Window(...), wrapWidth=1)
8.6451 	EXP 	Created myLetter = TextStim(__class__=<class 'psychopy.visual.text.TextStim'>, alignHoriz=method-wrapper(...), alignText='center', alignVert=method-wrapper(...), anchorHoriz='center', anchorVert='center', antialias=True, autoLog=True, bold=False, color=array([0.18545312, 0.1164941 , 0.05408568]), colorSpace='rgb', contrast=1.0, depth=0.0, flipHoriz=False, flipVert=False, font='Open Sans', fontFiles=[], height=0.1, italic=False, languageStyle='LTR', name='myLetter', opacity=1, ori=0.0, pos=array([-0.2714029 ,  0.40308341]), rgb=UNKNOWN, text='T', units='height', win=Window(...), wrapWidth=1)
8.6912 	EXP 	myLetter: autoDraw = True
8.6912 	EXP 	myLetter: autoDraw = True
8.6912 	EXP 	myLetter: autoDraw = True
8.6912 	EXP 	myLetter: autoDraw = True
8.6912 	EXP 	myLetter: autoDraw = True
8.6912 	EXP 	myLetter: autoDraw = True
8.6912 	EXP 	myLetter: autoDraw = True
8.6912 	EXP 	myLetter: autoDraw = True
8.6912 	EXP 	myLetter: autoDraw = True
8.6912 	EXP 	myLetter: autoDraw = True
8.6912 	EXP 	myLetter: autoDraw = True
8.6912 	EXP 	myLetter: autoDraw = True
8.6912 	EXP 	myLetter: autoDraw = True
8.6912 	EXP 	myLetter: autoDraw = True
8.6912 	EXP 	myLetter: autoDraw = True
8.6912 	EXP 	myLetter: autoDraw = True
8.6912 	EXP 	myLetter: autoDraw = True
8.6912 	EXP 	myLetter: autoDraw = True
8.6912 	EXP 	myLetter: autoDraw = True
8.6912 	EXP 	myLetter: autoDraw = True
8.6912 	EXP 	target: pos = array([-0.17917049, -0.08340145])
8.6912 	EXP 	fixation: autoDraw = True
8.6912 	EXP 	target: autoDraw = True
10.3221 	DATA 	Mouse: Left button down, pos=(765,462)
10.3274 	EXP 	New trial (rep=1, index=0): None
10.3292 	EXP 	Created myLetter = TextStim(__class__=<class 'psychopy.visual.text.TextStim'>, alignHoriz=method-wrapper(...), alignText='center', alignVert=method-wrapper(...), anchorHoriz='center', anchorVert='center', antialias=True, autoLog=True, bold=False, color=array([0.18472274, 0.86707868, 0.02650829]), colorSpace='rgb', contrast=1.0, depth=0.0, flipHoriz=False, flipVert=False, font='Open Sans', fontFiles=[], height=0.1, italic=False, languageStyle='LTR', name='myLetter', opacity=1, ori=0.0, pos=array([-0.08652158,  0.46234018]), rgb=UNKNOWN, text='T', units='height', win=Window(...), wrapWidth=1)
10.3304 	EXP 	Created myLetter = TextStim(__class__=<class 'psychopy.visual.text.TextStim'>, alignHoriz=method-wrapper(...), alignText='center', alignVert=method-wrapper(...), anchorHoriz='center', anchorVert='center', antialias=True, autoLog=True, bold=False, color=array([0.72827143, 0.57854695, 0.7467462 ]), colorSpace='rgb', contrast=1.0, depth=0.0, flipHoriz=False, flipVert=False, font='Open Sans', fontFiles=[], height=0.1, italic=False, languageStyle='LTR', name='myLetter', opacity=1, ori=0.0, pos=array([ 0.02582678, -0.39598328]), rgb=UNKNOWN, text='T', units='height', win=Window(...), wrapWidth=1)
10.3316 	EXP 	Created myLetter = TextStim(__class__=<class 'psychopy.visual.text.TextStim'>, alignHoriz=method-wrapper(...), alignText='center', alignVert=method-wrapper(...), anchorHoriz='center', anchorVert='center', antialias=True, autoLog=True, bold=False, color=array([0.31949419, 0.85324237, 0.13086022]), colorSpace='rgb', contrast=1.0, depth=0.0, flipHoriz=False, flipVert=False, font='Open Sans', fontFiles=[], height=0.1, italic=False, languageStyle='LTR', name='myLetter', opacity=1, ori=0.0, pos=array([ 0.13251552, -0.22982213]), rgb=UNKNOWN, text='T', units='height', win=Window(...), wrapWidth=1)
10.3328 	EXP 	Created myLetter = TextStim(__class__=<class 'psychopy.visual.text.TextStim'>, alignHoriz=method-wrapper(...), alignText='center', alignVert=method-wrapper(...), anchorHoriz='center', anchorVert='center', antialias=True, autoLog=True, bold=False, color=array([0.49113188, 0.33834685, 0.12318701]), colorSpace='rgb', contrast=1.0, depth=0.0, flipHoriz=False, flipVert=False, font='Open Sans', fontFiles=[], height=0.1, italic=False, languageStyle='LTR', name='myLetter', opacity=1, ori=0.0, pos=array([-0.31643087,  0.43178846]), rgb=UNKNOWN, text='T', units='height', win=Window(...), wrapWidth=1)
10.3339 	EXP 	Created myLetter = TextStim(__class__=<class 'psychopy.visual.text.TextStim'>, alignHoriz=method-wrapper(...), alignText='center', alignVert=method-wrapper(...), anchorHoriz='center', anchorVert='center', antialias=True, autoLog=True, bold=False, color=array([0.84448013, 0.25082553, 0.99053914]), colorSpace='rgb', contrast=1.0, depth=0.0, flipHoriz=False, flipVert=False, font='Open Sans', fontFiles=[], height=0.1, italic=False, languageStyle='LTR', name='myLetter', opacity=1, ori=0.0, pos=array([ 0.05246205, -0.04322691]), rgb=UNKNOWN, text='T', units='height', win=Window(...), wrapWidth=1)
10.3351 	EXP 	Created myLetter = TextStim(__class__=<class 'psychopy.visual.text.TextStim'>, alignHoriz=method-wrapper(...), alignText='center', alignVert=method-wrapper(...), anchorHoriz='center', anchorVert='center', antialias=True, autoLog=True, bold=False, color=array([0.68251653, 0.45868528, 0.24591612]), colorSpace='rgb', contrast=1.0, depth=0.0, flipHoriz=False, flipVert=False, font='Open Sans', fontFiles=[], height=0.1, italic=False, languageStyle='LTR', name='myLetter', opacity=1, ori=0.0, pos=array([ 0.02427903, -0.42915576]), rgb=UNKNOWN, text='T', units='height', win=Window(...), wrapWidth=1)
10.3366 	EXP 	Created myLetter = TextStim(__class__=<class 'psychopy.visual.text.TextStim'>, alignHoriz=method-wrapper(...), alignText='center', alignVert=method-wrapper(...), anchorHoriz='center', anchorVert='center', antialias=True, autoLog=True, bold=False, color=array([0.72247567, 0.81587359, 0.37567699]), colorSpace='rgb', contrast=1.0, depth=0.0, flipHoriz=False, flipVert=False, font='Open Sans', fontFiles=[], height=0.1, italic=False, languageStyle='LTR', name='myLetter', opacity=1, ori=0.0, pos=array([-0.28191969,  0.15086832]), rgb=UNKNOWN, text='T', units='height', win=Window(...), wrapWidth=1)
10.3382 	EXP 	Created myLetter = TextStim(__class__=<class 'psychopy.visual.text.TextStim'>, alignHoriz=method-wrapper(...), alignText='center', alignVert=method-wrapper(...), anchorHoriz='center', anchorVert='center', antialias=True, autoLog=True, bold=False, color=array([0.11572718, 0.93555892, 0.55649914]), colorSpace='rgb', contrast=1.0, depth=0.0, flipHoriz=False, flipVert=False, font='Open Sans', fontFiles=[], height=0.1, italic=False, languageStyle='LTR', name='myLetter', opacity=1, ori=0.0, pos=array([0.36650498, 0.40695272]), rgb=UNKNOWN, text='T', units='height', win=Window(...), wrapWidth=1)
10.3396 	EXP 	Created myLetter = TextStim(__class__=<class 'psychopy.visual.text.TextStim'>, alignHoriz=method-wrapper(...), alignText='center', alignVert=method-wrapper(...), anchorHoriz='center', anchorVert='center', antialias=True, autoLog=True, bold=False, color=array([0.35507658, 0.10089864, 0.58049397]), colorSpace='rgb', contrast=1.0, depth=0.0, flipHoriz=False, flipVert=False, font='Open Sans', fontFiles=[], height=0.1, italic=False, languageStyle='LTR', name='myLetter', opacity=1, ori=0.0, pos=array([-0.38140098,  0.25797261]), rgb=UNKNOWN, text='T', units='height', win=Window(...), wrapWidth=1)
10.3409 	EXP 	Created myLetter = TextStim(__class__=<class 'psychopy.visual.text.TextStim'>, alignHoriz=method-wrapper(...), alignText='center', alignVert=method-wrapper(...), anchorHoriz='center', anchorVert='center', antialias=True, autoLog=True, bold=False, color=array([0.28664673, 0.91938951, 0.68604233]), colorSpace='rgb', contrast=1.0, depth=0.0, flipHoriz=False, flipVert=False, font='Open Sans', fontFiles=[], height=0.1, italic=False, languageStyle='LTR', name='myLetter', opacity=1, ori=0.0, pos=array([0.00582322, 0.37485442]), rgb=UNKNOWN, text='T', units='height', win=Window(...), wrapWidth=1)
10.3422 	EXP 	Created myLetter = TextStim(__class__=<class 'psychopy.visual.text.TextStim'>, alignHoriz=method-wrapper(...), alignText='center', alignVert=method-wrapper(...), anchorHoriz='center', anchorVert='center', antialias=True, autoLog=True, bold=False, color=array([0.96679594, 0.63309472, 0.13117676]), colorSpace='rgb', contrast=1.0, depth=0.0, flipHoriz=False, flipVert=False, font='Open Sans', fontFiles=[], height=0.1, italic=False, languageStyle='LTR', name='myLetter', opacity=1, ori=0.0, pos=array([ 0.35141042, -0.25195746]), rgb=UNKNOWN, text='T', units='height', win=Window(...), wrapWidth=1)
10.3434 	EXP 	Created myLetter = TextStim(__class__=<class 'psychopy.visual.text.TextStim'>, alignHoriz=method-wrapper(...), alignText='center', alignVert=method-wrapper(...), anchorHoriz='center', anchorVert='center', antialias=True, autoLog=True, bold=False, color=array([0.86288607, 0.95198635, 0.96626558]), colorSpace='rgb', contrast=1.0, depth=0.0, flipHoriz=False, flipVert=False, font='Open Sans', fontFiles=[], height=0.1, italic=False, languageStyle='LTR', name='myLetter', opacity=1, ori=0.0, pos=array([-0.14530865,  0.39321342]), rgb=UNKNOWN, text='T', units='height', win=Window(...), wrapWidth=1)
10.3446 	EXP 	Created myLetter = TextStim(__class__=<class 'psychopy.visual.text.TextStim'>, alignHoriz=method-wrapper(...), alignText='center', alignVert=method-wrapper(...), anchorHoriz='center', anchorVert='center', antialias=True, autoLog=True, bold=False, color=array([0.79529033, 0.87187415, 0.73305619]), colorSpace='rgb', contrast=1.0, depth=0.0, flipHoriz=False, flipVert=False, font='Open Sans', fontFiles=[], height=0.1, italic=False, languageStyle='LTR', name='myLetter', opacity=1, ori=0.0, pos=array([0.44654674, 0.14709851]), rgb=UNKNOWN, text='T', units='height', win=Window(...), wrapWidth=1)
10.3458 	EXP 	Created myLetter = TextStim(__class__=<class 'psychopy.visual.text.TextStim'>, alignHoriz=method-wrapper(...), alignText='center', alignVert=method-wrapper(...), anchorHoriz='center', anchorVert='center', antialias=True, autoLog=True, bold=False, color=array([0.70431668, 0.51284552, 0.33337768]), colorSpace='rgb', contrast=1.0, depth=0.0, flipHoriz=False, flipVert=False, font='Open Sans', fontFiles=[], height=0.1, italic=False, languageStyle='LTR', name='myLetter', opacity=1, ori=0.0, pos=array([0.47976994, 0.10459619]), rgb=UNKNOWN, text='T', units='height', win=Window(...), wrapWidth=1)
10.3469 	EXP 	Created myLetter = TextStim(__class__=<class 'psychopy.visual.text.TextStim'>, alignHoriz=method-wrapper(...), alignText='center', alignVert=method-wrapper(...), anchorHoriz='center', anchorVert='center', antialias=True, autoLog=True, bold=False, color=array([0.98707444, 0.96754509, 0.30717448]), colorSpace='rgb', contrast=1.0, depth=0.0, flipHoriz=False, flipVert=False, font='Open Sans', fontFiles=[], height=0.1, italic=False, languageStyle='LTR', name='myLetter', opacity=1, ori=0.0, pos=array([ 0.00955836, -0.44719581]), rgb=UNKNOWN, text='T', units='height', win=Window(...), wrapWidth=1)
10.3482 	EXP 	Created myLetter = TextStim(__class__=<class 'psychopy.visual.text.TextStim'>, alignHoriz=method-wrapper(...), alignText='center', alignVert=method-wrapper(...), anchorHoriz='center', anchorVert='center', antialias=True, autoLog=True, bold=False, color=array([0.00417929, 0.48884188, 0.79780345]), colorSpace='rgb', contrast=1.0, depth=0.0, flipHoriz=False, flipVert=False, font='Open Sans', fontFiles=[], height=0.1, italic=False, languageStyle='LTR', name='myLetter', opacity=1, ori=0.0, pos=array([ 0.49169172, -0.24383271]), rgb=UNKNOWN, text='T', units='height', win=Window(...), wrapWidth=1)
10.3494 	EXP 	Created myLetter = TextStim(__class__=<class 'psychopy.visual.text.TextStim'>, alignHoriz=method-wrapper(...), alignText='center', alignVert=method-wrapper(...), anchorHoriz='center', anchorVert='center', antialias=True, autoLog=True, bold=False, color=array([0.66600238, 0.54255188, 0.39119664]), colorSpace='rgb', contrast=1.0, depth=0.0, flipHoriz=False, flipVert=False, font='Open Sans', fontFiles=[], height=0.1, italic=False, languageStyle='LTR', name='myLetter', opacity=1, ori=0.0, pos=array([0.46236168, 0.28304405]), rgb=UNKNOWN, text='T', units='height', win=Window(...), wrapWidth=1)
10.3506 	EXP 	Created myLetter = TextStim(__class__=<class 'psychopy.visual.text.TextStim'>, alignHoriz=method-wrapper(...), alignText='center', alignVert=method-wrapper(...), anchorHoriz='center', anchorVert='center', antialias=True, autoLog=True, bold=False, color=array([0.11678397, 0.14950561, 0.99113103]), colorSpace='rgb', contrast=1.0, depth=0.0, flipHoriz=False, flipVert=False, font='Open Sans', fontFiles=[], height=0.1, italic=False, languageStyle='LTR', name='myLetter', opacity=1, ori=0.0, pos=array([-0.310704  ,  0.04483872]), rgb=UNKNOWN, text='T', units='height', win=Window(...), wrapWidth=1)
10.3518 	EXP 	Created myLetter = TextStim(__class__=<class 'psychopy.visual.text.TextStim'>, alignHoriz=method-wrapper(...), alignText='center', alignVert=method-wrapper(...), anchorHoriz='center', anchorVert='center', antialias=True, autoLog=True, bold=False, color=array([0.6764036 , 0.07450629, 0.61704837]), colorSpace='rgb', contrast=1.0, depth=0.0, flipHoriz=False, flipVert=False, font='Open Sans', fontFiles=[], height=0.1, italic=False, languageStyle='LTR', name='myLetter', opacity=1, ori=0.0, pos=array([0.1094549 , 0.29086734]), rgb=UNKNOWN, text='T', units='height', win=Window(...), wrapWidth=1)
10.3529 	EXP 	Created myLetter = TextStim(__class__=<class 'psychopy.visual.text.TextStim'>, alignHoriz=method-wrapper(...), alignText='center', alignVert=method-wrapper(...), anchorHoriz='center', anchorVert='center', antialias=True, autoLog=True, bold=False, color=array([0.45194484, 0.81196165, 0.68210167]), colorSpace='rgb', contrast=1.0, depth=0.0, flipHoriz=False, flipVert=False, font='Open Sans', fontFiles=[], height=0.1, italic=False, languageStyle='LTR', name='myLetter', opacity=1, ori=0.0, pos=array([-0.15332164,  0.15558041]), rgb=UNKNOWN, text='T', units='height', win=Window(...), wrapWidth=1)
10.3682 	EXP 	fixation: autoDraw = False
10.3682 	EXP 	target: autoDraw = False
10.3682 	EXP 	myLetter: autoDraw = False
10.3682 	EXP 	myLetter: autoDraw = False
10.3682 	EXP 	myLetter: autoDraw = False
10.3682 	EXP 	myLetter: autoDraw = False
10.3682 	EXP 	myLetter: autoDraw = False
10.3682 	EXP 	myLetter: autoDraw = False
10.3682 	EXP 	myLetter: autoDraw = False
10.3682 	EXP 	myLetter: autoDraw = False
10.3682 	EXP 	myLetter: autoDraw = False
10.3682 	EXP 	myLetter: autoDraw = False
10.3682 	EXP 	myLetter: autoDraw = False
10.3682 	EXP 	myLetter: autoDraw = False
10.3682 	EXP 	myLetter: autoDraw = False
10.3682 	EXP 	myLetter: autoDraw = False
10.3682 	EXP 	myLetter: autoDraw = False
10.3682 	EXP 	myLetter: autoDraw = False
10.3682 	EXP 	myLetter: autoDraw = False
10.3682 	EXP 	myLetter: autoDraw = False
10.3682 	EXP 	myLetter: autoDraw = False
10.3682 	EXP 	myLetter: autoDraw = False
10.3682 	EXP 	myLetter: autoDraw = True
10.3682 	EXP 	myLetter: autoDraw = True
10.3682 	EXP 	myLetter: autoDraw = True
10.3682 	EXP 	myLetter: autoDraw = True
10.3682 	EXP 	myLetter: autoDraw = True
10.3682 	EXP 	myLetter: autoDraw = True
10.3682 	EXP 	myLetter: autoDraw = True
10.3682 	EXP 	myLetter: autoDraw = True
10.3682 	EXP 	myLetter: autoDraw = True
10.3682 	EXP 	myLetter: autoDraw = True
10.3682 	EXP 	myLetter: autoDraw = True
10.3682 	EXP 	myLetter: autoDraw = True
10.3682 	EXP 	myLetter: autoDraw = True
10.3682 	EXP 	myLetter: autoDraw = True
10.3682 	EXP 	myLetter: autoDraw = True
10.3682 	EXP 	myLetter: autoDraw = True
10.3682 	EXP 	myLetter: autoDraw = True
10.3682 	EXP 	myLetter: autoDraw = True
10.3682 	EXP 	myLetter: autoDraw = True
10.3682 	EXP 	myLetter: autoDraw = True
10.3682 	EXP 	target: pos = array([-0.41422186, -0.33114734])
10.3682 	EXP 	fixation: autoDraw = True
10.3682 	EXP 	target: autoDraw = True
10.3971 	DATA 	Mouse:  Left button up, pos=(765,462)
11.6975 	DATA 	Mouse: Left button down, pos=(449,203)
11.7087 	EXP 	New trial (rep=2, index=0): None
11.7105 	EXP 	Created myLetter = TextStim(__class__=<class 'psychopy.visual.text.TextStim'>, alignHoriz=method-wrapper(...), alignText='center', alignVert=method-wrapper(...), anchorHoriz='center', anchorVert='center', antialias=True, autoLog=True, bold=False, color=array([0.70471718, 0.92272835, 0.38251154]), colorSpace='rgb', contrast=1.0, depth=0.0, flipHoriz=False, flipVert=False, font='Open Sans', fontFiles=[], height=0.1, italic=False, languageStyle='LTR', name='myLetter', opacity=1, ori=0.0, pos=array([-0.1555916,  0.2345278]), rgb=UNKNOWN, text='T', units='height', win=Window(...), wrapWidth=1)
11.7119 	EXP 	Created myLetter = TextStim(__class__=<class 'psychopy.visual.text.TextStim'>, alignHoriz=method-wrapper(...), alignText='center', alignVert=method-wrapper(...), anchorHoriz='center', anchorVert='center', antialias=True, autoLog=True, bold=False, color=array([0.93633057, 0.42985799, 0.15667328]), colorSpace='rgb', contrast=1.0, depth=0.0, flipHoriz=False, flipVert=False, font='Open Sans', fontFiles=[], height=0.1, italic=False, languageStyle='LTR', name='myLetter', opacity=1, ori=0.0, pos=array([-0.33845678, -0.28841947]), rgb=UNKNOWN, text='T', units='height', win=Window(...), wrapWidth=1)
11.7131 	EXP 	Created myLetter = TextStim(__class__=<class 'psychopy.visual.text.TextStim'>, alignHoriz=method-wrapper(...), alignText='center', alignVert=method-wrapper(...), anchorHoriz='center', anchorVert='center', antialias=True, autoLog=True, bold=False, color=array([0.77952741, 0.68238222, 0.42162641]), colorSpace='rgb', contrast=1.0, depth=0.0, flipHoriz=False, flipVert=False, font='Open Sans', fontFiles=[], height=0.1, italic=False, languageStyle='LTR', name='myLetter', opacity=1, ori=0.0, pos=array([ 0.2564342 , -0.15479364]), rgb=UNKNOWN, text='T', units='height', win=Window(...), wrapWidth=1)
11.7144 	EXP 	Created myLetter = TextStim(__class__=<class 'psychopy.visual.text.TextStim'>, alignHoriz=method-wrapper(...), alignText='center', alignVert=method-wrapper(...), anchorHoriz='center', anchorVert='center', antialias=True, autoLog=True, bold=False, color=array([0.35142202, 0.20780988, 0.32523824]), colorSpace='rgb', contrast=1.0, depth=0.0, flipHoriz=False, flipVert=False, font='Open Sans', fontFiles=[], height=0.1, italic=False, languageStyle='LTR', name='myLetter', opacity=1, ori=0.0, pos=array([ 0.21289519, -0.24702375]), rgb=UNKNOWN, text='T', units='height', win=Window(...), wrapWidth=1)
11.7155 	EXP 	Created myLetter = TextStim(__class__=<class 'psychopy.visual.text.TextStim'>, alignHoriz=method-wrapper(...), alignText='center', alignVert=method-wrapper(...), anchorHoriz='center', anchorVert='center', antialias=True, autoLog=True, bold=False, color=array([0.10343634, 0.73518105, 0.32356797]), colorSpace='rgb', contrast=1.0, depth=0.0, flipHoriz=False, flipVert=False, font='Open Sans', fontFiles=[], height=0.1, italic=False, languageStyle='LTR', name='myLetter', opacity=1, ori=0.0, pos=array([ 0.44689825, -0.27056324]), rgb=UNKNOWN, text='T', units='height', win=Window(...), wrapWidth=1)
11.7168 	EXP 	Created myLetter = TextStim(__class__=<class 'psychopy.visual.text.TextStim'>, alignHoriz=method-wrapper(...), alignText='center', alignVert=method-wrapper(...), anchorHoriz='center', anchorVert='center', antialias=True, autoLog=True, bold=False, color=array([0.31641549, 0.07353615, 0.2666168 ]), colorSpace='rgb', contrast=1.0, depth=0.0, flipHoriz=False, flipVert=False, font='Open Sans', fontFiles=[], height=0.1, italic=False, languageStyle='LTR', name='myLetter', opacity=1, ori=0.0, pos=array([0.13894324, 0.4500298 ]), rgb=UNKNOWN, text='T', units='height', win=Window(...), wrapWidth=1)
11.7182 	EXP 	Created myLetter = TextStim(__class__=<class 'psychopy.visual.text.TextStim'>, alignHoriz=method-wrapper(...), alignText='center', alignVert=method-wrapper(...), anchorHoriz='center', anchorVert='center', antialias=True, autoLog=True, bold=False, color=array([0.31794591, 0.46366184, 0.32798087]), colorSpace='rgb', contrast=1.0, depth=0.0, flipHoriz=False, flipVert=False, font='Open Sans', fontFiles=[], height=0.1, italic=False, languageStyle='LTR', name='myLetter', opacity=1, ori=0.0, pos=array([0.23211402, 0.0995246 ]), rgb=UNKNOWN, text='T', units='height', win=Window(...), wrapWidth=1)
11.7195 	EXP 	Created myLetter = TextStim(__class__=<class 'psychopy.visual.text.TextStim'>, alignHoriz=method-wrapper(...), alignText='center', alignVert=method-wrapper(...), anchorHoriz='center', anchorVert='center', antialias=True, autoLog=True, bold=False, color=array([0.965296  , 0.78908153, 0.75378045]), colorSpace='rgb', contrast=1.0, depth=0.0, flipHoriz=False, flipVert=False, font='Open Sans', fontFiles=[], height=0.1, italic=False, languageStyle='LTR', name='myLetter', opacity=1, ori=0.0, pos=array([ 0.00205482, -0.18354619]), rgb=UNKNOWN, text='T', units='height', win=Window(...), wrapWidth=1)
11.7207 	EXP 	Created myLetter = TextStim(__class__=<class 'psychopy.visual.text.TextStim'>, alignHoriz=method-wrapper(...), alignText='center', alignVert=method-wrapper(...), anchorHoriz='center', anchorVert='center', antialias=True, autoLog=True, bold=False, color=array([0.31598254, 0.35676782, 0.78474894]), colorSpace='rgb', contrast=1.0, depth=0.0, flipHoriz=False, flipVert=False, font='Open Sans', fontFiles=[], height=0.1, italic=False, languageStyle='LTR', name='myLetter', opacity=1, ori=0.0, pos=array([-0.22866994,  0.24046399]), rgb=UNKNOWN, text='T', units='height', win=Window(...), wrapWidth=1)
11.7224 	EXP 	Created myLetter = TextStim(__class__=<class 'psychopy.visual.text.TextStim'>, alignHoriz=method-wrapper(...), alignText='center', alignVert=method-wrapper(...), anchorHoriz='center', anchorVert='center', antialias=True, autoLog=True, bold=False, color=array([0.93925645, 0.07505114, 0.69650425]), colorSpace='rgb', contrast=1.0, depth=0.0, flipHoriz=False, flipVert=False, font='Open Sans', fontFiles=[], height=0.1, italic=False, languageStyle='LTR', name='myLetter', opacity=1, ori=0.0, pos=array([0.28865835, 0.16324215]), rgb=UNKNOWN, text='T', units='height', win=Window(...), wrapWidth=1)
11.7238 	EXP 	Created myLetter = TextStim(__class__=<class 'psychopy.visual.text.TextStim'>, alignHoriz=method-wrapper(...), alignText='center', alignVert=method-wrapper(...), anchorHoriz='center', anchorVert='center', antialias=True, autoLog=True, bold=False, color=array([0.15263338, 0.25990644, 0.69336074]), colorSpace='rgb', contrast=1.0, depth=0.0, flipHoriz=False, flipVert=False, font='Open Sans', fontFiles=[], height=0.1, italic=False, languageStyle='LTR', name='myLetter', opacity=1, ori=0.0, pos=array([ 0.22788165, -0.459786  ]), rgb=UNKNOWN, text='T', units='height', win=Window(...), wrapWidth=1)
11.7251 	EXP 	Created myLetter = TextStim(__class__=<class 'psychopy.visual.text.TextStim'>, alignHoriz=method-wrapper(...), alignText='center', alignVert=method-wrapper(...), anchorHoriz='center', anchorVert='center', antialias=True, autoLog=True, bold=False, color=array([0.43956948, 0.94478104, 0.47129433]), colorSpace='rgb', contrast=1.0, depth=0.0, flipHoriz=False, flipVert=False, font='Open Sans', fontFiles=[], height=0.1, italic=False, languageStyle='LTR', name='myLetter', opacity=1, ori=0.0, pos=array([-0.22786767, -0.12118575]), rgb=UNKNOWN, text='T', units='height', win=Window(...), wrapWidth=1)
11.7266 	EXP 	Created myLetter = TextStim(__class__=<class 'psychopy.visual.text.TextStim'>, alignHoriz=method-wrapper(...), alignText='center', alignVert=method-wrapper(...), anchorHoriz='center', anchorVert='center', antialias=True, autoLog=True, bold=False, color=array([0.81023901, 0.7418978 , 0.05160166]), colorSpace='rgb', contrast=1.0, depth=0.0, flipHoriz=False, flipVert=False, font='Open Sans', fontFiles=[], height=0.1, italic=False, languageStyle='LTR', name='myLetter', opacity=1, ori=0.0, pos=array([ 0.49716078, -0.27660402]), rgb=UNKNOWN, text='T', units='height', win=Window(...), wrapWidth=1)
11.7279 	EXP 	Created myLetter = TextStim(__class__=<class 'psychopy.visual.text.TextStim'>, alignHoriz=method-wrapper(...), alignText='center', alignVert=method-wrapper(...), anchorHoriz='center', anchorVert='center', antialias=True, autoLog=True, bold=False, color=array([0.58518135, 0.32735557, 0.79633396]), colorSpace='rgb', contrast=1.0, depth=0.0, flipHoriz=False, flipVert=False, font='Open Sans', fontFiles=[], height=0.1, italic=False, languageStyle='LTR', name='myLetter', opacity=1, ori=0.0, pos=array([-0.35578842, -0.49984988]), rgb=UNKNOWN, text='T', units='height', win=Window(...), wrapWidth=1)
11.7292 	EXP 	Created myLetter = TextStim(__class__=<class 'psychopy.visual.text.TextStim'>, alignHoriz=method-wrapper(...), alignText='center', alignVert=method-wrapper(...), anchorHoriz='center', anchorVert='center', antialias=True, autoLog=True, bold=False, color=array([0.07983246, 0.43422962, 0.22386393]), colorSpace='rgb', contrast=1.0, depth=0.0, flipHoriz=False, flipVert=False, font='Open Sans', fontFiles=[], height=0.1, italic=False, languageStyle='LTR', name='myLetter', opacity=1, ori=0.0, pos=array([0.16122544, 0.16144081]), rgb=UNKNOWN, text='T', units='height', win=Window(...), wrapWidth=1)
11.7305 	EXP 	Created myLetter = TextStim(__class__=<class 'psychopy.visual.text.TextStim'>, alignHoriz=method-wrapper(...), alignText='center', alignVert=method-wrapper(...), anchorHoriz='center', anchorVert='center', antialias=True, autoLog=True, bold=False, color=array([0.03282964, 0.93464873, 0.53699746]), colorSpace='rgb', contrast=1.0, depth=0.0, flipHoriz=False, flipVert=False, font='Open Sans', fontFiles=[], height=0.1, italic=False, languageStyle='LTR', name='myLetter', opacity=1, ori=0.0, pos=array([-0.23976164,  0.12602827]), rgb=UNKNOWN, text='T', units='height', win=Window(...), wrapWidth=1)
11.7317 	EXP 	Created myLetter = TextStim(__class__=<class 'psychopy.visual.text.TextStim'>, alignHoriz=method-wrapper(...), alignText='center', alignVert=method-wrapper(...), anchorHoriz='center', anchorVert='center', antialias=True, autoLog=True, bold=False, color=array([0.56993777, 0.06809712, 0.90247537]), colorSpace='rgb', contrast=1.0, depth=0.0, flipHoriz=False, flipVert=False, font='Open Sans', fontFiles=[], height=0.1, italic=False, languageStyle='LTR', name='myLetter', opacity=1, ori=0.0, pos=array([-0.00269172,  0.3322922 ]), rgb=UNKNOWN, text='T', units='height', win=Window(...), wrapWidth=1)
11.7329 	EXP 	Created myLetter = TextStim(__class__=<class 'psychopy.visual.text.TextStim'>, alignHoriz=method-wrapper(...), alignText='center', alignVert=method-wrapper(...), anchorHoriz='center', anchorVert='center', antialias=True, autoLog=True, bold=False, color=array([0.45442555, 0.88076453, 0.46023814]), colorSpace='rgb', contrast=1.0, depth=0.0, flipHoriz=False, flipVert=False, font='Open Sans', fontFiles=[], height=0.1, italic=False, languageStyle='LTR', name='myLetter', opacity=1, ori=0.0, pos=array([-0.25878244, -0.36929576]), rgb=UNKNOWN, text='T', units='height', win=Window(...), wrapWidth=1)
11.7343 	EXP 	Created myLetter = TextStim(__class__=<class 'psychopy.visual.text.TextStim'>, alignHoriz=method-wrapper(...), alignText='center', alignVert=method-wrapper(...), anchorHoriz='center', anchorVert='center', antialias=True, autoLog=True, bold=False, color=array([0.49699706, 0.92733536, 0.17869893]), colorSpace='rgb', contrast=1.0, depth=0.0, flipHoriz=False, flipVert=False, font='Open Sans', fontFiles=[], height=0.1, italic=False, languageStyle='LTR', name='myLetter', opacity=1, ori=0.0, pos=array([ 0.1147213, -0.2680751]), rgb=UNKNOWN, text='T', units='height', win=Window(...), wrapWidth=1)
11.7355 	EXP 	Created myLetter = TextStim(__class__=<class 'psychopy.visual.text.TextStim'>, alignHoriz=method-wrapper(...), alignText='center', alignVert=method-wrapper(...), anchorHoriz='center', anchorVert='center', antialias=True, autoLog=True, bold=False, color=array([0.31408349, 0.72041137, 0.96543134]), colorSpace='rgb', contrast=1.0, depth=0.0, flipHoriz=False, flipVert=False, font='Open Sans', fontFiles=[], height=0.1, italic=False, languageStyle='LTR', name='myLetter', opacity=1, ori=0.0, pos=array([ 0.0065486, -0.2145077]), rgb=UNKNOWN, text='T', units='height', win=Window(...), wrapWidth=1)
11.7498 	EXP 	fixation: autoDraw = False
11.7498 	EXP 	target: autoDraw = False
11.7498 	EXP 	myLetter: autoDraw = False
11.7498 	EXP 	myLetter: autoDraw = False
11.7498 	EXP 	myLetter: autoDraw = False
11.7498 	EXP 	myLetter: autoDraw = False
11.7498 	EXP 	myLetter: autoDraw = False
11.7498 	EXP 	myLetter: autoDraw = False
11.7498 	EXP 	myLetter: autoDraw = False
11.7498 	EXP 	myLetter: autoDraw = False
11.7498 	EXP 	myLetter: autoDraw = False
11.7498 	EXP 	myLetter: autoDraw = False
11.7498 	EXP 	myLetter: autoDraw = False
11.7498 	EXP 	myLetter: autoDraw = False
11.7498 	EXP 	myLetter: autoDraw = False
11.7498 	EXP 	myLetter: autoDraw = False
11.7498 	EXP 	myLetter: autoDraw = False
11.7498 	EXP 	myLetter: autoDraw = False
11.7498 	EXP 	myLetter: autoDraw = False
11.7498 	EXP 	myLetter: autoDraw = False
11.7498 	EXP 	myLetter: autoDraw = False
11.7498 	EXP 	myLetter: autoDraw = False
11.7498 	EXP 	myLetter: autoDraw = True
11.7498 	EXP 	myLetter: autoDraw = True
11.7498 	EXP 	myLetter: autoDraw = True
11.7498 	EXP 	myLetter: autoDraw = True
11.7498 	EXP 	myLetter: autoDraw = True
11.7498 	EXP 	myLetter: autoDraw = True
11.7498 	EXP 	myLetter: autoDraw = True
11.7498 	EXP 	myLetter: autoDraw = True
11.7498 	EXP 	myLetter: autoDraw = True
11.7498 	EXP 	myLetter: autoDraw = True
11.7498 	EXP 	myLetter: autoDraw = True
11.7498 	EXP 	myLetter: autoDraw = True
11.7498 	EXP 	myLetter: autoDraw = True
11.7498 	EXP 	myLetter: autoDraw = True
11.7498 	EXP 	myLetter: autoDraw = True
11.7498 	EXP 	myLetter: autoDraw = True
11.7498 	EXP 	myLetter: autoDraw = True
11.7498 	EXP 	myLetter: autoDraw = True
11.7498 	EXP 	myLetter: autoDraw = True
11.7498 	EXP 	myLetter: autoDraw = True
11.7498 	EXP 	target: pos = array([0.34903596, 0.481328  ])
11.7498 	EXP 	fixation: autoDraw = True
11.7498 	EXP 	target: autoDraw = True
11.7687 	DATA 	Mouse:  Left button up, pos=(449,203)
12.9501 	DATA 	Mouse: Left button down, pos=(1372,1141)
12.9602 	EXP 	New trial (rep=3, index=0): None
12.9622 	EXP 	Created myLetter = TextStim(__class__=<class 'psychopy.visual.text.TextStim'>, alignHoriz=method-wrapper(...), alignText='center', alignVert=method-wrapper(...), anchorHoriz='center', anchorVert='center', antialias=True, autoLog=True, bold=False, color=array([0.09067644, 0.49849983, 0.0047544 ]), colorSpace='rgb', contrast=1.0, depth=0.0, flipHoriz=False, flipVert=False, font='Open Sans', fontFiles=[], height=0.1, italic=False, languageStyle='LTR', name='myLetter', opacity=1, ori=0.0, pos=array([ 0.18098343, -0.01271209]), rgb=UNKNOWN, text='T', units='height', win=Window(...), wrapWidth=1)
12.9636 	EXP 	Created myLetter = TextStim(__class__=<class 'psychopy.visual.text.TextStim'>, alignHoriz=method-wrapper(...), alignText='center', alignVert=method-wrapper(...), anchorHoriz='center', anchorVert='center', antialias=True, autoLog=True, bold=False, color=array([0.79573568, 0.56527138, 0.37738201]), colorSpace='rgb', contrast=1.0, depth=0.0, flipHoriz=False, flipVert=False, font='Open Sans', fontFiles=[], height=0.1, italic=False, languageStyle='LTR', name='myLetter', opacity=1, ori=0.0, pos=array([0.27593324, 0.05092529]), rgb=UNKNOWN, text='T', units='height', win=Window(...), wrapWidth=1)
12.9650 	EXP 	Created myLetter = TextStim(__class__=<class 'psychopy.visual.text.TextStim'>, alignHoriz=method-wrapper(...), alignText='center', alignVert=method-wrapper(...), anchorHoriz='center', anchorVert='center', antialias=True, autoLog=True, bold=False, color=array([0.35779844, 0.40456945, 0.37375782]), colorSpace='rgb', contrast=1.0, depth=0.0, flipHoriz=False, flipVert=False, font='Open Sans', fontFiles=[], height=0.1, italic=False, languageStyle='LTR', name='myLetter', opacity=1, ori=0.0, pos=array([0.31624805, 0.05889634]), rgb=UNKNOWN, text='T', units='height', win=Window(...), wrapWidth=1)
12.9664 	EXP 	Created myLetter = TextStim(__class__=<class 'psychopy.visual.text.TextStim'>, alignHoriz=method-wrapper(...), alignText='center', alignVert=method-wrapper(...), anchorHoriz='center', anchorVert='center', antialias=True, autoLog=True, bold=False, color=array([0.5935749 , 0.41302428, 0.43568999]), colorSpace='rgb', contrast=1.0, depth=0.0, flipHoriz=False, flipVert=False, font='Open Sans', fontFiles=[], height=0.1, italic=False, languageStyle='LTR', name='myLetter', opacity=1, ori=0.0, pos=array([-0.18775702, -0.1669532 ]), rgb=UNKNOWN, text='T', units='height', win=Window(...), wrapWidth=1)
12.9678 	EXP 	Created myLetter = TextStim(__class__=<class 'psychopy.visual.text.TextStim'>, alignHoriz=method-wrapper(...), alignText='center', alignVert=method-wrapper(...), anchorHoriz='center', anchorVert='center', antialias=True, autoLog=True, bold=False, color=array([0.55272474, 0.27008822, 0.30515612]), colorSpace='rgb', contrast=1.0, depth=0.0, flipHoriz=False, flipVert=False, font='Open Sans', fontFiles=[], height=0.1, italic=False, languageStyle='LTR', name='myLetter', opacity=1, ori=0.0, pos=array([-0.44508248, -0.42857636]), rgb=UNKNOWN, text='T', units='height', win=Window(...), wrapWidth=1)
12.9691 	EXP 	Created myLetter = TextStim(__class__=<class 'psychopy.visual.text.TextStim'>, alignHoriz=method-wrapper(...), alignText='center', alignVert=method-wrapper(...), anchorHoriz='center', anchorVert='center', antialias=True, autoLog=True, bold=False, color=array([0.93656213, 0.76687184, 0.14325854]), colorSpace='rgb', contrast=1.0, depth=0.0, flipHoriz=False, flipVert=False, font='Open Sans', fontFiles=[], height=0.1, italic=False, languageStyle='LTR', name='myLetter', opacity=1, ori=0.0, pos=array([0.44614977, 0.45041785]), rgb=UNKNOWN, text='T', units='height', win=Window(...), wrapWidth=1)
12.9708 	EXP 	Created myLetter = TextStim(__class__=<class 'psychopy.visual.text.TextStim'>, alignHoriz=method-wrapper(...), alignText='center', alignVert=method-wrapper(...), anchorHoriz='center', anchorVert='center', antialias=True, autoLog=True, bold=False, color=array([0.25016317, 0.92978533, 0.9398645 ]), colorSpace='rgb', contrast=1.0, depth=0.0, flipHoriz=False, flipVert=False, font='Open Sans', fontFiles=[], height=0.1, italic=False, languageStyle='LTR', name='myLetter', opacity=1, ori=0.0, pos=array([0.24077856, 0.32714289]), rgb=UNKNOWN, text='T', units='height', win=Window(...), wrapWidth=1)
12.9721 	EXP 	Created myLetter = TextStim(__class__=<class 'psychopy.visual.text.TextStim'>, alignHoriz=method-wrapper(...), alignText='center', alignVert=method-wrapper(...), anchorHoriz='center', anchorVert='center', antialias=True, autoLog=True, bold=False, color=array([0.75540449, 0.09172566, 0.06327538]), colorSpace='rgb', contrast=1.0, depth=0.0, flipHoriz=False, flipVert=False, font='Open Sans', fontFiles=[], height=0.1, italic=False, languageStyle='LTR', name='myLetter', opacity=1, ori=0.0, pos=array([-0.40570783, -0.08176635]), rgb=UNKNOWN, text='T', units='height', win=Window(...), wrapWidth=1)
12.9739 	EXP 	Created myLetter = TextStim(__class__=<class 'psychopy.visual.text.TextStim'>, alignHoriz=method-wrapper(...), alignText='center', alignVert=method-wrapper(...), anchorHoriz='center', anchorVert='center', antialias=True, autoLog=True, bold=False, color=array([0.18599985, 0.11548542, 0.502045  ]), colorSpace='rgb', contrast=1.0, depth=0.0, flipHoriz=False, flipVert=False, font='Open Sans', fontFiles=[], height=0.1, italic=False, languageStyle='LTR', name='myLetter', opacity=1, ori=0.0, pos=array([0.06197188, 0.27331816]), rgb=UNKNOWN, text='T', units='height', win=Window(...), wrapWidth=1)
12.9753 	EXP 	Created myLetter = TextStim(__class__=<class 'psychopy.visual.text.TextStim'>, alignHoriz=method-wrapper(...), alignText='center', alignVert=method-wrapper(...), anchorHoriz='center', anchorVert='center', antialias=True, autoLog=True, bold=False, color=array([0.0128028 , 0.12023599, 0.95388162]), colorSpace='rgb', contrast=1.0, depth=0.0, flipHoriz=False, flipVert=False, font='Open Sans', fontFiles=[], height=0.1, italic=False, languageStyle='LTR', name='myLetter', opacity=1, ori=0.0, pos=array([-0.18276722, -0.07959336]), rgb=UNKNOWN, text='T', units='height', win=Window(...), wrapWidth=1)
12.9768 	EXP 	Created myLetter = TextStim(__class__=<class 'psychopy.visual.text.TextStim'>, alignHoriz=method-wrapper(...), alignText='center', alignVert=method-wrapper(...), anchorHoriz='center', anchorVert='center', antialias=True, autoLog=True, bold=False, color=array([0.16059033, 0.54212551, 0.80785473]), colorSpace='rgb', contrast=1.0, depth=0.0, flipHoriz=False, flipVert=False, font='Open Sans', fontFiles=[], height=0.1, italic=False, languageStyle='LTR', name='myLetter', opacity=1, ori=0.0, pos=array([0.41280586, 0.08029561]), rgb=UNKNOWN, text='T', units='height', win=Window(...), wrapWidth=1)
12.9781 	EXP 	Created myLetter = TextStim(__class__=<class 'psychopy.visual.text.TextStim'>, alignHoriz=method-wrapper(...), alignText='center', alignVert=method-wrapper(...), anchorHoriz='center', anchorVert='center', antialias=True, autoLog=True, bold=False, color=array([0.127472  , 0.26162763, 0.88668037]), colorSpace='rgb', contrast=1.0, depth=0.0, flipHoriz=False, flipVert=False, font='Open Sans', fontFiles=[], height=0.1, italic=False, languageStyle='LTR', name='myLetter', opacity=1, ori=0.0, pos=array([ 0.04379164, -0.44338516]), rgb=UNKNOWN, text='T', units='height', win=Window(...), wrapWidth=1)
12.9795 	EXP 	Created myLetter = TextStim(__class__=<class 'psychopy.visual.text.TextStim'>, alignHoriz=method-wrapper(...), alignText='center', alignVert=method-wrapper(...), anchorHoriz='center', anchorVert='center', antialias=True, autoLog=True, bold=False, color=array([0.719935  , 0.92820231, 0.69300688]), colorSpace='rgb', contrast=1.0, depth=0.0, flipHoriz=False, flipVert=False, font='Open Sans', fontFiles=[], height=0.1, italic=False, languageStyle='LTR', name='myLetter', opacity=1, ori=0.0, pos=array([-0.4111251 , -0.15984998]), rgb=UNKNOWN, text='T', units='height', win=Window(...), wrapWidth=1)
12.9808 	EXP 	Created myLetter = TextStim(__class__=<class 'psychopy.visual.text.TextStim'>, alignHoriz=method-wrapper(...), alignText='center', alignVert=method-wrapper(...), anchorHoriz='center', anchorVert='center', antialias=True, autoLog=True, bold=False, color=array([0.50246399, 0.49877685, 0.51227157]), colorSpace='rgb', contrast=1.0, depth=0.0, flipHoriz=False, flipVert=False, font='Open Sans', fontFiles=[], height=0.1, italic=False, languageStyle='LTR', name='myLetter', opacity=1, ori=0.0, pos=array([-0.4114317 , -0.08915197]), rgb=UNKNOWN, text='T', units='height', win=Window(...), wrapWidth=1)
12.9821 	EXP 	Created myLetter = TextStim(__class__=<class 'psychopy.visual.text.TextStim'>, alignHoriz=method-wrapper(...), alignText='center', alignVert=method-wrapper(...), anchorHoriz='center', anchorVert='center', antialias=True, autoLog=True, bold=False, color=array([0.20275701, 0.56247208, 0.18009287]), colorSpace='rgb', contrast=1.0, depth=0.0, flipHoriz=False, flipVert=False, font='Open Sans', fontFiles=[], height=0.1, italic=False, languageStyle='LTR', name='myLetter', opacity=1, ori=0.0, pos=array([ 0.16103736, -0.46671814]), rgb=UNKNOWN, text='T', units='height', win=Window(...), wrapWidth=1)
12.9832 	EXP 	Created myLetter = TextStim(__class__=<class 'psychopy.visual.text.TextStim'>, alignHoriz=method-wrapper(...), alignText='center', alignVert=method-wrapper(...), anchorHoriz='center', anchorVert='center', antialias=True, autoLog=True, bold=False, color=array([0.25399313, 0.21465251, 0.90463572]), colorSpace='rgb', contrast=1.0, depth=0.0, flipHoriz=False, flipVert=False, font='Open Sans', fontFiles=[], height=0.1, italic=False, languageStyle='LTR', name='myLetter', opacity=1, ori=0.0, pos=array([-0.48598971, -0.46181983]), rgb=UNKNOWN, text='T', units='height', win=Window(...), wrapWidth=1)
12.9845 	EXP 	Created myLetter = TextStim(__class__=<class 'psychopy.visual.text.TextStim'>, alignHoriz=method-wrapper(...), alignText='center', alignVert=method-wrapper(...), anchorHoriz='center', anchorVert='center', antialias=True, autoLog=True, bold=False, color=array([0.74124103, 0.46470123, 0.08731117]), colorSpace='rgb', contrast=1.0, depth=0.0, flipHoriz=False, flipVert=False, font='Open Sans', fontFiles=[], height=0.1, italic=False, languageStyle='LTR', name='myLetter', opacity=1, ori=0.0, pos=array([-0.26572787, -0.43728223]), rgb=UNKNOWN, text='T', units='height', win=Window(...), wrapWidth=1)
12.9857 	EXP 	Created myLetter = TextStim(__class__=<class 'psychopy.visual.text.TextStim'>, alignHoriz=method-wrapper(...), alignText='center', alignVert=method-wrapper(...), anchorHoriz='center', anchorVert='center', antialias=True, autoLog=True, bold=False, color=array([0.05867677, 0.18643064, 0.61709742]), colorSpace='rgb', contrast=1.0, depth=0.0, flipHoriz=False, flipVert=False, font='Open Sans', fontFiles=[], height=0.1, italic=False, languageStyle='LTR', name='myLetter', opacity=1, ori=0.0, pos=array([-0.44326806, -0.49134636]), rgb=UNKNOWN, text='T', units='height', win=Window(...), wrapWidth=1)
12.9873 	EXP 	Created myLetter = TextStim(__class__=<class 'psychopy.visual.text.TextStim'>, alignHoriz=method-wrapper(...), alignText='center', alignVert=method-wrapper(...), anchorHoriz='center', anchorVert='center', antialias=True, autoLog=True, bold=False, color=array([0.59269162, 0.59233721, 0.58992945]), colorSpace='rgb', contrast=1.0, depth=0.0, flipHoriz=False, flipVert=False, font='Open Sans', fontFiles=[], height=0.1, italic=False, languageStyle='LTR', name='myLetter', opacity=1, ori=0.0, pos=array([ 0.02176582, -0.03566165]), rgb=UNKNOWN, text='T', units='height', win=Window(...), wrapWidth=1)
12.9885 	EXP 	Created myLetter = TextStim(__class__=<class 'psychopy.visual.text.TextStim'>, alignHoriz=method-wrapper(...), alignText='center', alignVert=method-wrapper(...), anchorHoriz='center', anchorVert='center', antialias=True, autoLog=True, bold=False, color=array([0.60653583, 0.67793655, 0.47052577]), colorSpace='rgb', contrast=1.0, depth=0.0, flipHoriz=False, flipVert=False, font='Open Sans', fontFiles=[], height=0.1, italic=False, languageStyle='LTR', name='myLetter', opacity=1, ori=0.0, pos=array([-0.06576076, -0.45960599]), rgb=UNKNOWN, text='T', units='height', win=Window(...), wrapWidth=1)
13.0024 	EXP 	fixation: autoDraw = False
13.0024 	EXP 	target: autoDraw = False
13.0024 	EXP 	myLetter: autoDraw = False
13.0024 	EXP 	myLetter: autoDraw = False
13.0024 	EXP 	myLetter: autoDraw = False
13.0024 	EXP 	myLetter: autoDraw = False
13.0024 	EXP 	myLetter: autoDraw = False
13.0024 	EXP 	myLetter: autoDraw = False
13.0024 	EXP 	myLetter: autoDraw = False
13.0024 	EXP 	myLetter: autoDraw = False
13.0024 	EXP 	myLetter: autoDraw = False
13.0024 	EXP 	myLetter: autoDraw = False
13.0024 	EXP 	myLetter: autoDraw = False
13.0024 	EXP 	myLetter: autoDraw = False
13.0024 	EXP 	myLetter: autoDraw = False
13.0024 	EXP 	myLetter: autoDraw = False
13.0024 	EXP 	myLetter: autoDraw = False
13.0024 	EXP 	myLetter: autoDraw = False
13.0024 	EXP 	myLetter: autoDraw = False
13.0024 	EXP 	myLetter: autoDraw = False
13.0024 	EXP 	myLetter: autoDraw = False
13.0024 	EXP 	myLetter: autoDraw = False
13.0024 	EXP 	myLetter: autoDraw = True
13.0024 	EXP 	myLetter: autoDraw = True
13.0024 	EXP 	myLetter: autoDraw = True
13.0024 	EXP 	myLetter: autoDraw = True
13.0024 	EXP 	myLetter: autoDraw = True
13.0024 	EXP 	myLetter: autoDraw = True
13.0024 	EXP 	myLetter: autoDraw = True
13.0024 	EXP 	myLetter: autoDraw = True
13.0024 	EXP 	myLetter: autoDraw = True
13.0024 	EXP 	myLetter: autoDraw = True
13.0024 	EXP 	myLetter: autoDraw = True
13.0024 	EXP 	myLetter: autoDraw = True
13.0024 	EXP 	myLetter: autoDraw = True
13.0024 	EXP 	myLetter: autoDraw = True
13.0024 	EXP 	myLetter: autoDraw = True
13.0024 	EXP 	myLetter: autoDraw = True
13.0024 	EXP 	myLetter: autoDraw = True
13.0024 	EXP 	myLetter: autoDraw = True
13.0024 	EXP 	myLetter: autoDraw = True
13.0024 	EXP 	myLetter: autoDraw = True
13.0024 	EXP 	target: pos = array([-0.11707315,  0.27582971])
13.0024 	EXP 	fixation: autoDraw = True
13.0024 	EXP 	target: autoDraw = True
13.0214 	DATA 	Mouse:  Left button up, pos=(1372,1141)
14.1086 	DATA 	Mouse: Left button down, pos=(839,896)
14.1118 	EXP 	New trial (rep=4, index=0): None
14.1139 	EXP 	Created myLetter = TextStim(__class__=<class 'psychopy.visual.text.TextStim'>, alignHoriz=method-wrapper(...), alignText='center', alignVert=method-wrapper(...), anchorHoriz='center', anchorVert='center', antialias=True, autoLog=True, bold=False, color=array([0.35117369, 0.35943782, 0.79331898]), colorSpace='rgb', contrast=1.0, depth=0.0, flipHoriz=False, flipVert=False, font='Open Sans', fontFiles=[], height=0.1, italic=False, languageStyle='LTR', name='myLetter', opacity=1, ori=0.0, pos=array([0.12919297, 0.20642032]), rgb=UNKNOWN, text='T', units='height', win=Window(...), wrapWidth=1)
14.1152 	EXP 	Created myLetter = TextStim(__class__=<class 'psychopy.visual.text.TextStim'>, alignHoriz=method-wrapper(...), alignText='center', alignVert=method-wrapper(...), anchorHoriz='center', anchorVert='center', antialias=True, autoLog=True, bold=False, color=array([0.53141327, 0.05335901, 0.80916451]), colorSpace='rgb', contrast=1.0, depth=0.0, flipHoriz=False, flipVert=False, font='Open Sans', fontFiles=[], height=0.1, italic=False, languageStyle='LTR', name='myLetter', opacity=1, ori=0.0, pos=array([-0.39493447,  0.49958749]), rgb=UNKNOWN, text='T', units='height', win=Window(...), wrapWidth=1)
14.1165 	EXP 	Created myLetter = TextStim(__class__=<class 'psychopy.visual.text.TextStim'>, alignHoriz=method-wrapper(...), alignText='center', alignVert=method-wrapper(...), anchorHoriz='center', anchorVert='center', antialias=True, autoLog=True, bold=False, color=array([0.57437213, 0.66150987, 0.48662753]), colorSpace='rgb', contrast=1.0, depth=0.0, flipHoriz=False, flipVert=False, font='Open Sans', fontFiles=[], height=0.1, italic=False, languageStyle='LTR', name='myLetter', opacity=1, ori=0.0, pos=array([-0.00676019,  0.34178813]), rgb=UNKNOWN, text='T', units='height', win=Window(...), wrapWidth=1)
14.1178 	EXP 	Created myLetter = TextStim(__class__=<class 'psychopy.visual.text.TextStim'>, alignHoriz=method-wrapper(...), alignText='center', alignVert=method-wrapper(...), anchorHoriz='center', anchorVert='center', antialias=True, autoLog=True, bold=False, color=array([0.76124157, 0.10761164, 0.72771804]), colorSpace='rgb', contrast=1.0, depth=0.0, flipHoriz=False, flipVert=False, font='Open Sans', fontFiles=[], height=0.1, italic=False, languageStyle='LTR', name='myLetter', opacity=1, ori=0.0, pos=array([-0.24047485, -0.25305158]), rgb=UNKNOWN, text='T', units='height', win=Window(...), wrapWidth=1)
14.1190 	EXP 	Created myLetter = TextStim(__class__=<class 'psychopy.visual.text.TextStim'>, alignHoriz=method-wrapper(...), alignText='center', alignVert=method-wrapper(...), anchorHoriz='center', anchorVert='center', antialias=True, autoLog=True, bold=False, color=array([0.80352847, 0.29840135, 0.13946666]), colorSpace='rgb', contrast=1.0, depth=0.0, flipHoriz=False, flipVert=False, font='Open Sans', fontFiles=[], height=0.1, italic=False, languageStyle='LTR', name='myLetter', opacity=1, ori=0.0, pos=array([-0.01786189, -0.39277818]), rgb=UNKNOWN, text='T', units='height', win=Window(...), wrapWidth=1)
14.1202 	EXP 	Created myLetter = TextStim(__class__=<class 'psychopy.visual.text.TextStim'>, alignHoriz=method-wrapper(...), alignText='center', alignVert=method-wrapper(...), anchorHoriz='center', anchorVert='center', antialias=True, autoLog=True, bold=False, color=array([0.26246441, 0.17493293, 0.13896051]), colorSpace='rgb', contrast=1.0, depth=0.0, flipHoriz=False, flipVert=False, font='Open Sans', fontFiles=[], height=0.1, italic=False, languageStyle='LTR', name='myLetter', opacity=1, ori=0.0, pos=array([0.41157187, 0.33666788]), rgb=UNKNOWN, text='T', units='height', win=Window(...), wrapWidth=1)
14.1217 	EXP 	Created myLetter = TextStim(__class__=<class 'psychopy.visual.text.TextStim'>, alignHoriz=method-wrapper(...), alignText='center', alignVert=method-wrapper(...), anchorHoriz='center', anchorVert='center', antialias=True, autoLog=True, bold=False, color=array([0.99660297, 0.99619334, 0.96681301]), colorSpace='rgb', contrast=1.0, depth=0.0, flipHoriz=False, flipVert=False, font='Open Sans', fontFiles=[], height=0.1, italic=False, languageStyle='LTR', name='myLetter', opacity=1, ori=0.0, pos=array([ 0.45002379, -0.28468761]), rgb=UNKNOWN, text='T', units='height', win=Window(...), wrapWidth=1)
14.1231 	EXP 	Created myLetter = TextStim(__class__=<class 'psychopy.visual.text.TextStim'>, alignHoriz=method-wrapper(...), alignText='center', alignVert=method-wrapper(...), anchorHoriz='center', anchorVert='center', antialias=True, autoLog=True, bold=False, color=array([0.48098923, 0.68537591, 0.87271859]), colorSpace='rgb', contrast=1.0, depth=0.0, flipHoriz=False, flipVert=False, font='Open Sans', fontFiles=[], height=0.1, italic=False, languageStyle='LTR', name='myLetter', opacity=1, ori=0.0, pos=array([0.45610656, 0.1823516 ]), rgb=UNKNOWN, text='T', units='height', win=Window(...), wrapWidth=1)
14.1247 	EXP 	Created myLetter = TextStim(__class__=<class 'psychopy.visual.text.TextStim'>, alignHoriz=method-wrapper(...), alignText='center', alignVert=method-wrapper(...), anchorHoriz='center', anchorVert='center', antialias=True, autoLog=True, bold=False, color=array([0.37194638, 0.3986023 , 0.34494567]), colorSpace='rgb', contrast=1.0, depth=0.0, flipHoriz=False, flipVert=False, font='Open Sans', fontFiles=[], height=0.1, italic=False, languageStyle='LTR', name='myLetter', opacity=1, ori=0.0, pos=array([-0.34487516,  0.4349772 ]), rgb=UNKNOWN, text='T', units='height', win=Window(...), wrapWidth=1)
14.1260 	EXP 	Created myLetter = TextStim(__class__=<class 'psychopy.visual.text.TextStim'>, alignHoriz=method-wrapper(...), alignText='center', alignVert=method-wrapper(...), anchorHoriz='center', anchorVert='center', antialias=True, autoLog=True, bold=False, color=array([0.79302073, 0.92805645, 0.76063268]), colorSpace='rgb', contrast=1.0, depth=0.0, flipHoriz=False, flipVert=False, font='Open Sans', fontFiles=[], height=0.1, italic=False, languageStyle='LTR', name='myLetter', opacity=1, ori=0.0, pos=array([ 0.43389944, -0.2807457 ]), rgb=UNKNOWN, text='T', units='height', win=Window(...), wrapWidth=1)
14.1273 	EXP 	Created myLetter = TextStim(__class__=<class 'psychopy.visual.text.TextStim'>, alignHoriz=method-wrapper(...), alignText='center', alignVert=method-wrapper(...), anchorHoriz='center', anchorVert='center', antialias=True, autoLog=True, bold=False, color=array([0.05375122, 0.54958296, 0.03322738]), colorSpace='rgb', contrast=1.0, depth=0.0, flipHoriz=False, flipVert=False, font='Open Sans', fontFiles=[], height=0.1, italic=False, languageStyle='LTR', name='myLetter', opacity=1, ori=0.0, pos=array([0.3595807 , 0.33648707]), rgb=UNKNOWN, text='T', units='height', win=Window(...), wrapWidth=1)
14.1285 	EXP 	Created myLetter = TextStim(__class__=<class 'psychopy.visual.text.TextStim'>, alignHoriz=method-wrapper(...), alignText='center', alignVert=method-wrapper(...), anchorHoriz='center', anchorVert='center', antialias=True, autoLog=True, bold=False, color=array([0.90571749, 0.39874156, 0.58437804]), colorSpace='rgb', contrast=1.0, depth=0.0, flipHoriz=False, flipVert=False, font='Open Sans', fontFiles=[], height=0.1, italic=False, languageStyle='LTR', name='myLetter', opacity=1, ori=0.0, pos=array([0.26615473, 0.05832049]), rgb=UNKNOWN, text='T', units='height', win=Window(...), wrapWidth=1)
14.1298 	EXP 	Created myLetter = TextStim(__class__=<class 'psychopy.visual.text.TextStim'>, alignHoriz=method-wrapper(...), alignText='center', alignVert=method-wrapper(...), anchorHoriz='center', anchorVert='center', antialias=True, autoLog=True, bold=False, color=array([0.51189334, 0.23532769, 0.49065001]), colorSpace='rgb', contrast=1.0, depth=0.0, flipHoriz=False, flipVert=False, font='Open Sans', fontFiles=[], height=0.1, italic=False, languageStyle='LTR', name='myLetter', opacity=1, ori=0.0, pos=array([-0.20739835, -0.28498681]), rgb=UNKNOWN, text='T', units='height', win=Window(...), wrapWidth=1)
14.1310 	EXP 	Created myLetter = TextStim(__class__=<class 'psychopy.visual.text.TextStim'>, alignHoriz=method-wrapper(...), alignText='center', alignVert=method-wrapper(...), anchorHoriz='center', anchorVert='center', antialias=True, autoLog=True, bold=False, color=array([0.15066563, 0.44353191, 0.87042304]), colorSpace='rgb', contrast=1.0, depth=0.0, flipHoriz=False, flipVert=False, font='Open Sans', fontFiles=[], height=0.1, italic=False, languageStyle='LTR', name='myLetter', opacity=1, ori=0.0, pos=array([ 0.03896332, -0.05381854]), rgb=UNKNOWN, text='T', units='height', win=Window(...), wrapWidth=1)
14.1324 	EXP 	Created myLetter = TextStim(__class__=<class 'psychopy.visual.text.TextStim'>, alignHoriz=method-wrapper(...), alignText='center', alignVert=method-wrapper(...), anchorHoriz='center', anchorVert='center', antialias=True, autoLog=True, bold=False, color=array([0.46670843, 0.7270897 , 0.98030503]), colorSpace='rgb', contrast=1.0, depth=0.0, flipHoriz=False, flipVert=False, font='Open Sans', fontFiles=[], height=0.1, italic=False, languageStyle='LTR', name='myLetter', opacity=1, ori=0.0, pos=array([ 0.48486732, -0.1916591 ]), rgb=UNKNOWN, text='T', units='height', win=Window(...), wrapWidth=1)
14.1337 	EXP 	Created myLetter = TextStim(__class__=<class 'psychopy.visual.text.TextStim'>, alignHoriz=method-wrapper(...), alignText='center', alignVert=method-wrapper(...), anchorHoriz='center', anchorVert='center', antialias=True, autoLog=True, bold=False, color=array([0.05501917, 0.09993355, 0.71913066]), colorSpace='rgb', contrast=1.0, depth=0.0, flipHoriz=False, flipVert=False, font='Open Sans', fontFiles=[], height=0.1, italic=False, languageStyle='LTR', name='myLetter', opacity=1, ori=0.0, pos=array([0.11548906, 0.3488754 ]), rgb=UNKNOWN, text='T', units='height', win=Window(...), wrapWidth=1)
14.1350 	EXP 	Created myLetter = TextStim(__class__=<class 'psychopy.visual.text.TextStim'>, alignHoriz=method-wrapper(...), alignText='center', alignVert=method-wrapper(...), anchorHoriz='center', anchorVert='center', antialias=True, autoLog=True, bold=False, color=array([0.6624922 , 0.69047388, 0.25263574]), colorSpace='rgb', contrast=1.0, depth=0.0, flipHoriz=False, flipVert=False, font='Open Sans', fontFiles=[], height=0.1, italic=False, languageStyle='LTR', name='myLetter', opacity=1, ori=0.0, pos=array([-0.15454003,  0.37324506]), rgb=UNKNOWN, text='T', units='height', win=Window(...), wrapWidth=1)
14.1362 	EXP 	Created myLetter = TextStim(__class__=<class 'psychopy.visual.text.TextStim'>, alignHoriz=method-wrapper(...), alignText='center', alignVert=method-wrapper(...), anchorHoriz='center', anchorVert='center', antialias=True, autoLog=True, bold=False, color=array([0.17921744, 0.31292421, 0.96678247]), colorSpace='rgb', contrast=1.0, depth=0.0, flipHoriz=False, flipVert=False, font='Open Sans', fontFiles=[], height=0.1, italic=False, languageStyle='LTR', name='myLetter', opacity=1, ori=0.0, pos=array([-0.41948208, -0.226701  ]), rgb=UNKNOWN, text='T', units='height', win=Window(...), wrapWidth=1)
14.1375 	EXP 	Created myLetter = TextStim(__class__=<class 'psychopy.visual.text.TextStim'>, alignHoriz=method-wrapper(...), alignText='center', alignVert=method-wrapper(...), anchorHoriz='center', anchorVert='center', antialias=True, autoLog=True, bold=False, color=array([0.82826081, 0.34690182, 0.36758596]), colorSpace='rgb', contrast=1.0, depth=0.0, flipHoriz=False, flipVert=False, font='Open Sans', fontFiles=[], height=0.1, italic=False, languageStyle='LTR', name='myLetter', opacity=1, ori=0.0, pos=array([ 0.24417767, -0.14361612]), rgb=UNKNOWN, text='T', units='height', win=Window(...), wrapWidth=1)
14.1387 	EXP 	Created myLetter = TextStim(__class__=<class 'psychopy.visual.text.TextStim'>, alignHoriz=method-wrapper(...), alignText='center', alignVert=method-wrapper(...), anchorHoriz='center', anchorVert='center', antialias=True, autoLog=True, bold=False, color=array([0.38844891, 0.44197335, 0.38565035]), colorSpace='rgb', contrast=1.0, depth=0.0, flipHoriz=False, flipVert=False, font='Open Sans', fontFiles=[], height=0.1, italic=False, languageStyle='LTR', name='myLetter', opacity=1, ori=0.0, pos=array([ 0.38172169, -0.35111302]), rgb=UNKNOWN, text='T', units='height', win=Window(...), wrapWidth=1)
14.1532 	EXP 	fixation: autoDraw = False
14.1532 	EXP 	target: autoDraw = False
14.1532 	EXP 	myLetter: autoDraw = False
14.1532 	EXP 	myLetter: autoDraw = False
14.1532 	EXP 	myLetter: autoDraw = False
14.1532 	EXP 	myLetter: autoDraw = False
14.1532 	EXP 	myLetter: autoDraw = False
14.1532 	EXP 	myLetter: autoDraw = False
14.1532 	EXP 	myLetter: autoDraw = False
14.1532 	EXP 	myLetter: autoDraw = False
14.1532 	EXP 	myLetter: autoDraw = False
14.1532 	EXP 	myLetter: autoDraw = False
14.1532 	EXP 	myLetter: autoDraw = False
14.1532 	EXP 	myLetter: autoDraw = False
14.1532 	EXP 	myLetter: autoDraw = False
14.1532 	EXP 	myLetter: autoDraw = False
14.1532 	EXP 	myLetter: autoDraw = False
14.1532 	EXP 	myLetter: autoDraw = False
14.1532 	EXP 	myLetter: autoDraw = False
14.1532 	EXP 	myLetter: autoDraw = False
14.1532 	EXP 	myLetter: autoDraw = False
14.1532 	EXP 	myLetter: autoDraw = False
14.1532 	EXP 	myLetter: autoDraw = True
14.1532 	EXP 	myLetter: autoDraw = True
14.1532 	EXP 	myLetter: autoDraw = True
14.1532 	EXP 	myLetter: autoDraw = True
14.1532 	EXP 	myLetter: autoDraw = True
14.1532 	EXP 	myLetter: autoDraw = True
14.1532 	EXP 	myLetter: autoDraw = True
14.1532 	EXP 	myLetter: autoDraw = True
14.1532 	EXP 	myLetter: autoDraw = True
14.1532 	EXP 	myLetter: autoDraw = True
14.1532 	EXP 	myLetter: autoDraw = True
14.1532 	EXP 	myLetter: autoDraw = True
14.1532 	EXP 	myLetter: autoDraw = True
14.1532 	EXP 	myLetter: autoDraw = True
14.1532 	EXP 	myLetter: autoDraw = True
14.1532 	EXP 	myLetter: autoDraw = True
14.1532 	EXP 	myLetter: autoDraw = True
14.1532 	EXP 	myLetter: autoDraw = True
14.1532 	EXP 	myLetter: autoDraw = True
14.1532 	EXP 	myLetter: autoDraw = True
14.1532 	EXP 	target: pos = array([-0.16761434, -0.11316087])
14.1532 	EXP 	fixation: autoDraw = True
14.1532 	EXP 	target: autoDraw = True
14.1715 	DATA 	Mouse:  Left button up, pos=(839,896)
17.4119 	DATA 	Mouse: Left button down, pos=(735,433)
17.4272 	EXP 	fixation: autoDraw = False
17.4272 	EXP 	target: autoDraw = False
17.4272 	EXP 	myLetter: autoDraw = False
17.4272 	EXP 	myLetter: autoDraw = False
17.4272 	EXP 	myLetter: autoDraw = False
17.4272 	EXP 	myLetter: autoDraw = False
17.4272 	EXP 	myLetter: autoDraw = False
17.4272 	EXP 	myLetter: autoDraw = False
17.4272 	EXP 	myLetter: autoDraw = False
17.4272 	EXP 	myLetter: autoDraw = False
17.4272 	EXP 	myLetter: autoDraw = False
17.4272 	EXP 	myLetter: autoDraw = False
17.4272 	EXP 	myLetter: autoDraw = False
17.4272 	EXP 	myLetter: autoDraw = False
17.4272 	EXP 	myLetter: autoDraw = False
17.4272 	EXP 	myLetter: autoDraw = False
17.4272 	EXP 	myLetter: autoDraw = False
17.4272 	EXP 	myLetter: autoDraw = False
17.4272 	EXP 	myLetter: autoDraw = False
17.4272 	EXP 	myLetter: autoDraw = False
17.4272 	EXP 	myLetter: autoDraw = False
17.4272 	EXP 	myLetter: autoDraw = False
17.6132 	EXP 	window1: mouseVisible = True
