2.9832 	WARNING 	We strongly recommend you activate the PTB sound engine in PsychoPy prefs as the preferred audio engine. Its timing is vastly superior. Your prefs are currently set to use ['sounddevice', 'PTB', 'pyo', 'pygame'] (in that order).
6.0962 	WARNING 	User requested fullscreen with size [1024  768], but screen is actually [1920, 1200]. Using actual size
7.7415 	EXP 	Created window1 = Window(allowGUI=False, allowStencil=False, autoLog=True, backendConf=UNKNOWN, bitsMode=UNKNOWN, blendMode='avg', bpc=(8, 8, 8), color=array([0, 0, 0]), colorSpace='rgb', depthBits=8, fullscr=<method-wrapper '__getattribute__' of attributeSetter object at 0x000001B84BE11630>, gamma=None, gammaErrorPolicy='raise', lms=UNKNOWN, monitor=<psychopy.monitors.calibTools.Monitor object at 0x000001B84BF28BA8>, multiSample=False, name='window1', numSamples=2, pos=[0.0, 0.0], screen=0, size=array([1920, 1200]), stencilBits=0, stereo=False, units='height', useFBO=True, useRetina=False, viewOri=0.0, viewPos=None, viewScale=None, waitBlanking=True, winType='pyglet')
7.7416 	EXP 	window1: mouseVisible = True
7.7417 	EXP 	window1: recordFrameIntervals = False
7.9074 	EXP 	window1: recordFrameIntervals = True
8.0909 	EXP 	window1: recordFrameIntervals = False
8.3145 	EXP 	Created myLetter = TextStim(__class__=<class 'psychopy.visual.text.TextStim'>, alignHoriz=method-wrapper(...), alignText='center', alignVert=method-wrapper(...), anchorHoriz='center', anchorVert='center', antialias=True, autoLog=True, bold=False, color=array([1, 1, 1]), colorSpace='rgb', contrast=1.0, depth=0.0, flipHoriz=False, flipVert=False, font='Open Sans', fontFiles=[], height=0.1, italic=False, languageStyle='LTR', name='myLetter', opacity=1, ori=0.0, pos=array([-0.45140257, -0.30923846]), rgb=UNKNOWN, text='T', units='height', win=Window(...), wrapWidth=1)
8.3160 	EXP 	Created myLetter = TextStim(__class__=<class 'psychopy.visual.text.TextStim'>, alignHoriz=method-wrapper(...), alignText='center', alignVert=method-wrapper(...), anchorHoriz='center', anchorVert='center', antialias=True, autoLog=True, bold=False, color=array([1, 1, 1]), colorSpace='rgb', contrast=1.0, depth=0.0, flipHoriz=False, flipVert=False, font='Open Sans', fontFiles=[], height=0.1, italic=False, languageStyle='LTR', name='myLetter', opacity=1, ori=0.0, pos=array([-0.1620747 , -0.02830661]), rgb=UNKNOWN, text='T', units='height', win=Window(...), wrapWidth=1)
8.3174 	EXP 	Created myLetter = TextStim(__class__=<class 'psychopy.visual.text.TextStim'>, alignHoriz=method-wrapper(...), alignText='center', alignVert=method-wrapper(...), anchorHoriz='center', anchorVert='center', antialias=True, autoLog=True, bold=False, color=array([1, 1, 1]), colorSpace='rgb', contrast=1.0, depth=0.0, flipHoriz=False, flipVert=False, font='Open Sans', fontFiles=[], height=0.1, italic=False, languageStyle='LTR', name='myLetter', opacity=1, ori=0.0, pos=array([ 0.23131821, -0.14301003]), rgb=UNKNOWN, text='T', units='height', win=Window(...), wrapWidth=1)
8.3188 	EXP 	Created myLetter = TextStim(__class__=<class 'psychopy.visual.text.TextStim'>, alignHoriz=method-wrapper(...), alignText='center', alignVert=method-wrapper(...), anchorHoriz='center', anchorVert='center', antialias=True, autoLog=True, bold=False, color=array([1, 1, 1]), colorSpace='rgb', contrast=1.0, depth=0.0, flipHoriz=False, flipVert=False, font='Open Sans', fontFiles=[], height=0.1, italic=False, languageStyle='LTR', name='myLetter', opacity=1, ori=0.0, pos=array([ 0.07506586, -0.44503265]), rgb=UNKNOWN, text='T', units='height', win=Window(...), wrapWidth=1)
8.3201 	EXP 	Created myLetter = TextStim(__class__=<class 'psychopy.visual.text.TextStim'>, alignHoriz=method-wrapper(...), alignText='center', alignVert=method-wrapper(...), anchorHoriz='center', anchorVert='center', antialias=True, autoLog=True, bold=False, color=array([1, 1, 1]), colorSpace='rgb', contrast=1.0, depth=0.0, flipHoriz=False, flipVert=False, font='Open Sans', fontFiles=[], height=0.1, italic=False, languageStyle='LTR', name='myLetter', opacity=1, ori=0.0, pos=array([-0.24745283,  0.19742001]), rgb=UNKNOWN, text='T', units='height', win=Window(...), wrapWidth=1)
8.3214 	EXP 	Created myLetter = TextStim(__class__=<class 'psychopy.visual.text.TextStim'>, alignHoriz=method-wrapper(...), alignText='center', alignVert=method-wrapper(...), anchorHoriz='center', anchorVert='center', antialias=True, autoLog=True, bold=False, color=array([1, 1, 1]), colorSpace='rgb', contrast=1.0, depth=0.0, flipHoriz=False, flipVert=False, font='Open Sans', fontFiles=[], height=0.1, italic=False, languageStyle='LTR', name='myLetter', opacity=1, ori=0.0, pos=array([0.1404273, 0.4783998]), rgb=UNKNOWN, text='T', units='height', win=Window(...), wrapWidth=1)
8.3232 	EXP 	Created myLetter = TextStim(__class__=<class 'psychopy.visual.text.TextStim'>, alignHoriz=method-wrapper(...), alignText='center', alignVert=method-wrapper(...), anchorHoriz='center', anchorVert='center', antialias=True, autoLog=True, bold=False, color=array([1, 1, 1]), colorSpace='rgb', contrast=1.0, depth=0.0, flipHoriz=False, flipVert=False, font='Open Sans', fontFiles=[], height=0.1, italic=False, languageStyle='LTR', name='myLetter', opacity=1, ori=0.0, pos=array([-0.05362814, -0.11638614]), rgb=UNKNOWN, text='T', units='height', win=Window(...), wrapWidth=1)
8.3261 	EXP 	Created myLetter = TextStim(__class__=<class 'psychopy.visual.text.TextStim'>, alignHoriz=method-wrapper(...), alignText='center', alignVert=method-wrapper(...), anchorHoriz='center', anchorVert='center', antialias=True, autoLog=True, bold=False, color=array([1, 1, 1]), colorSpace='rgb', contrast=1.0, depth=0.0, flipHoriz=False, flipVert=False, font='Open Sans', fontFiles=[], height=0.1, italic=False, languageStyle='LTR', name='myLetter', opacity=1, ori=0.0, pos=array([ 0.18388432, -0.19641562]), rgb=UNKNOWN, text='T', units='height', win=Window(...), wrapWidth=1)
8.3274 	EXP 	Created myLetter = TextStim(__class__=<class 'psychopy.visual.text.TextStim'>, alignHoriz=method-wrapper(...), alignText='center', alignVert=method-wrapper(...), anchorHoriz='center', anchorVert='center', antialias=True, autoLog=True, bold=False, color=array([1, 1, 1]), colorSpace='rgb', contrast=1.0, depth=0.0, flipHoriz=False, flipVert=False, font='Open Sans', fontFiles=[], height=0.1, italic=False, languageStyle='LTR', name='myLetter', opacity=1, ori=0.0, pos=array([-0.27229113,  0.44898909]), rgb=UNKNOWN, text='T', units='height', win=Window(...), wrapWidth=1)
8.3287 	EXP 	Created myLetter = TextStim(__class__=<class 'psychopy.visual.text.TextStim'>, alignHoriz=method-wrapper(...), alignText='center', alignVert=method-wrapper(...), anchorHoriz='center', anchorVert='center', antialias=True, autoLog=True, bold=False, color=array([1, 1, 1]), colorSpace='rgb', contrast=1.0, depth=0.0, flipHoriz=False, flipVert=False, font='Open Sans', fontFiles=[], height=0.1, italic=False, languageStyle='LTR', name='myLetter', opacity=1, ori=0.0, pos=array([-0.4426858 , -0.04079892]), rgb=UNKNOWN, text='T', units='height', win=Window(...), wrapWidth=1)
8.3300 	EXP 	Created myLetter = TextStim(__class__=<class 'psychopy.visual.text.TextStim'>, alignHoriz=method-wrapper(...), alignText='center', alignVert=method-wrapper(...), anchorHoriz='center', anchorVert='center', antialias=True, autoLog=True, bold=False, color=array([1, 1, 1]), colorSpace='rgb', contrast=1.0, depth=0.0, flipHoriz=False, flipVert=False, font='Open Sans', fontFiles=[], height=0.1, italic=False, languageStyle='LTR', name='myLetter', opacity=1, ori=0.0, pos=array([0.21521635, 0.21288301]), rgb=UNKNOWN, text='T', units='height', win=Window(...), wrapWidth=1)
8.3312 	EXP 	Created myLetter = TextStim(__class__=<class 'psychopy.visual.text.TextStim'>, alignHoriz=method-wrapper(...), alignText='center', alignVert=method-wrapper(...), anchorHoriz='center', anchorVert='center', antialias=True, autoLog=True, bold=False, color=array([1, 1, 1]), colorSpace='rgb', contrast=1.0, depth=0.0, flipHoriz=False, flipVert=False, font='Open Sans', fontFiles=[], height=0.1, italic=False, languageStyle='LTR', name='myLetter', opacity=1, ori=0.0, pos=array([ 0.22434065, -0.21585734]), rgb=UNKNOWN, text='T', units='height', win=Window(...), wrapWidth=1)
8.3326 	EXP 	Created myLetter = TextStim(__class__=<class 'psychopy.visual.text.TextStim'>, alignHoriz=method-wrapper(...), alignText='center', alignVert=method-wrapper(...), anchorHoriz='center', anchorVert='center', antialias=True, autoLog=True, bold=False, color=array([1, 1, 1]), colorSpace='rgb', contrast=1.0, depth=0.0, flipHoriz=False, flipVert=False, font='Open Sans', fontFiles=[], height=0.1, italic=False, languageStyle='LTR', name='myLetter', opacity=1, ori=0.0, pos=array([0.04032872, 0.09337214]), rgb=UNKNOWN, text='T', units='height', win=Window(...), wrapWidth=1)
8.3338 	EXP 	Created myLetter = TextStim(__class__=<class 'psychopy.visual.text.TextStim'>, alignHoriz=method-wrapper(...), alignText='center', alignVert=method-wrapper(...), anchorHoriz='center', anchorVert='center', antialias=True, autoLog=True, bold=False, color=array([1, 1, 1]), colorSpace='rgb', contrast=1.0, depth=0.0, flipHoriz=False, flipVert=False, font='Open Sans', fontFiles=[], height=0.1, italic=False, languageStyle='LTR', name='myLetter', opacity=1, ori=0.0, pos=array([0.08223837, 0.04233924]), rgb=UNKNOWN, text='T', units='height', win=Window(...), wrapWidth=1)
8.3351 	EXP 	Created myLetter = TextStim(__class__=<class 'psychopy.visual.text.TextStim'>, alignHoriz=method-wrapper(...), alignText='center', alignVert=method-wrapper(...), anchorHoriz='center', anchorVert='center', antialias=True, autoLog=True, bold=False, color=array([1, 1, 1]), colorSpace='rgb', contrast=1.0, depth=0.0, flipHoriz=False, flipVert=False, font='Open Sans', fontFiles=[], height=0.1, italic=False, languageStyle='LTR', name='myLetter', opacity=1, ori=0.0, pos=array([-0.25679988, -0.01252897]), rgb=UNKNOWN, text='T', units='height', win=Window(...), wrapWidth=1)
8.3363 	EXP 	Created myLetter = TextStim(__class__=<class 'psychopy.visual.text.TextStim'>, alignHoriz=method-wrapper(...), alignText='center', alignVert=method-wrapper(...), anchorHoriz='center', anchorVert='center', antialias=True, autoLog=True, bold=False, color=array([1, 1, 1]), colorSpace='rgb', contrast=1.0, depth=0.0, flipHoriz=False, flipVert=False, font='Open Sans', fontFiles=[], height=0.1, italic=False, languageStyle='LTR', name='myLetter', opacity=1, ori=0.0, pos=array([0.01046868, 0.15757498]), rgb=UNKNOWN, text='T', units='height', win=Window(...), wrapWidth=1)
8.3376 	EXP 	Created myLetter = TextStim(__class__=<class 'psychopy.visual.text.TextStim'>, alignHoriz=method-wrapper(...), alignText='center', alignVert=method-wrapper(...), anchorHoriz='center', anchorVert='center', antialias=True, autoLog=True, bold=False, color=array([1, 1, 1]), colorSpace='rgb', contrast=1.0, depth=0.0, flipHoriz=False, flipVert=False, font='Open Sans', fontFiles=[], height=0.1, italic=False, languageStyle='LTR', name='myLetter', opacity=1, ori=0.0, pos=array([-0.45493039,  0.36533205]), rgb=UNKNOWN, text='T', units='height', win=Window(...), wrapWidth=1)
8.3393 	EXP 	Created myLetter = TextStim(__class__=<class 'psychopy.visual.text.TextStim'>, alignHoriz=method-wrapper(...), alignText='center', alignVert=method-wrapper(...), anchorHoriz='center', anchorVert='center', antialias=True, autoLog=True, bold=False, color=array([1, 1, 1]), colorSpace='rgb', contrast=1.0, depth=0.0, flipHoriz=False, flipVert=False, font='Open Sans', fontFiles=[], height=0.1, italic=False, languageStyle='LTR', name='myLetter', opacity=1, ori=0.0, pos=array([-0.13105368, -0.15309216]), rgb=UNKNOWN, text='T', units='height', win=Window(...), wrapWidth=1)
8.3411 	EXP 	Created myLetter = TextStim(__class__=<class 'psychopy.visual.text.TextStim'>, alignHoriz=method-wrapper(...), alignText='center', alignVert=method-wrapper(...), anchorHoriz='center', anchorVert='center', antialias=True, autoLog=True, bold=False, color=array([1, 1, 1]), colorSpace='rgb', contrast=1.0, depth=0.0, flipHoriz=False, flipVert=False, font='Open Sans', fontFiles=[], height=0.1, italic=False, languageStyle='LTR', name='myLetter', opacity=1, ori=0.0, pos=array([-0.46403215,  0.49348807]), rgb=UNKNOWN, text='T', units='height', win=Window(...), wrapWidth=1)
8.3424 	EXP 	Created myLetter = TextStim(__class__=<class 'psychopy.visual.text.TextStim'>, alignHoriz=method-wrapper(...), alignText='center', alignVert=method-wrapper(...), anchorHoriz='center', anchorVert='center', antialias=True, autoLog=True, bold=False, color=array([1, 1, 1]), colorSpace='rgb', contrast=1.0, depth=0.0, flipHoriz=False, flipVert=False, font='Open Sans', fontFiles=[], height=0.1, italic=False, languageStyle='LTR', name='myLetter', opacity=1, ori=0.0, pos=array([ 0.14167888, -0.35844497]), rgb=UNKNOWN, text='T', units='height', win=Window(...), wrapWidth=1)
8.3463 	EXP 	Created fixation = TextStim(__class__=<class 'psychopy.visual.text.TextStim'>, alignHoriz=method-wrapper(...), alignText='center', alignVert=method-wrapper(...), anchorHoriz='center', anchorVert='center', antialias=True, autoLog=True, bold=False, color=array([1, 1, 1]), colorSpace='rgb', contrast=1.0, depth=-2.0, flipHoriz=False, flipVert=False, font='Open Sans', fontFiles=[], height=0.1, italic=False, languageStyle='LTR', name='fixation', opacity=1, ori=0.0, pos=array([0., 0.]), rgb=UNKNOWN, text='+', units='height', win=Window(...), wrapWidth=1)
8.3497 	EXP 	Created target = TextStim(__class__=<class 'psychopy.visual.text.TextStim'>, alignHoriz=method-wrapper(...), alignText='center', alignVert=method-wrapper(...), anchorHoriz='center', anchorVert='center', antialias=True, autoLog=True, bold=False, color=array([-1, -1, -1]), colorSpace='rgb', contrast=1.0, depth=-3.0, flipHoriz=False, flipVert=False, font='Open Sans', fontFiles=[], height=0.1, italic=False, languageStyle='LTR', name='target', opacity=1, ori=0.0, pos=array([0., 0.]), rgb=UNKNOWN, text='L', units='height', win=Window(...), wrapWidth=1)
8.3974 	EXP 	myLetter: autoDraw = True
8.3974 	EXP 	myLetter: autoDraw = True
8.3974 	EXP 	myLetter: autoDraw = True
8.3974 	EXP 	myLetter: autoDraw = True
8.3974 	EXP 	myLetter: autoDraw = True
8.3974 	EXP 	myLetter: autoDraw = True
8.3974 	EXP 	myLetter: autoDraw = True
8.3974 	EXP 	myLetter: autoDraw = True
8.3974 	EXP 	myLetter: autoDraw = True
8.3974 	EXP 	myLetter: autoDraw = True
8.3974 	EXP 	myLetter: autoDraw = True
8.3974 	EXP 	myLetter: autoDraw = True
8.3974 	EXP 	myLetter: autoDraw = True
8.3974 	EXP 	myLetter: autoDraw = True
8.3974 	EXP 	myLetter: autoDraw = True
8.3974 	EXP 	myLetter: autoDraw = True
8.3974 	EXP 	myLetter: autoDraw = True
8.3974 	EXP 	myLetter: autoDraw = True
8.3974 	EXP 	myLetter: autoDraw = True
8.3974 	EXP 	myLetter: autoDraw = True
8.3974 	EXP 	fixation: autoDraw = True
8.3974 	EXP 	target: autoDraw = True
11.3055 	DATA 	Keypress: escape
11.4603 	EXP 	window1: mouseVisible = True
