latexmk -pdf -dvi- -ps-  '3hrs.tex'
Latexmk: applying rule 'pdflatex'...
This is pdfTeX, Version 3.14159265-2.6-1.40.16 (TeX Live 2015) (preloaded format=pdflatex)
 restricted \write18 enabled.
entering extended mode
(./3hrs.tex
LaTeX2e <2015/01/01>
Babel <3.9l> and hyphenation patterns for 79 languages loaded.
(./sphinxmanual.cls
Document Class: sphinxmanual 2017/03/26 v1.6 Document class (Sphinx manual)
(/usr/local/texlive/2015/texmf-dist/tex/latex/base/report.cls
Document Class: report 2014/09/29 v1.4h Standard LaTeX document class
(/usr/local/texlive/2015/texmf-dist/tex/latex/base/size10.clo)))
(/usr/local/texlive/2015/texmf-dist/tex/latex/base/inputenc.sty
(/usr/local/texlive/2015/texmf-dist/tex/latex/base/utf8.def
(/usr/local/texlive/2015/texmf-dist/tex/latex/base/t1enc.dfu)
(/usr/local/texlive/2015/texmf-dist/tex/latex/base/ot1enc.dfu)
(/usr/local/texlive/2015/texmf-dist/tex/latex/base/omsenc.dfu)))
(/usr/local/texlive/2015/texmf-dist/tex/latex/cmap/cmap.sty)
(/usr/local/texlive/2015/texmf-dist/tex/latex/base/fontenc.sty
(/usr/local/texlive/2015/texmf-dist/tex/latex/base/t1enc.def)<<t1.cmap>>)
(/usr/local/texlive/2015/texmf-dist/tex/latex/amsmath/amsmath.sty
For additional information on amsmath, use the `?' option.
(/usr/local/texlive/2015/texmf-dist/tex/latex/amsmath/amstext.sty
(/usr/local/texlive/2015/texmf-dist/tex/latex/amsmath/amsgen.sty))
(/usr/local/texlive/2015/texmf-dist/tex/latex/amsmath/amsbsy.sty)
(/usr/local/texlive/2015/texmf-dist/tex/latex/amsmath/amsopn.sty))
(/usr/local/texlive/2015/texmf-dist/tex/latex/amsfonts/amssymb.sty
(/usr/local/texlive/2015/texmf-dist/tex/latex/amsfonts/amsfonts.sty))
(/usr/local/texlive/2015/texmf-dist/tex/generic/babel/babel.sty
(/usr/local/texlive/2015/texmf-dist/tex/generic/babel-english/english.ldf
(/usr/local/texlive/2015/texmf-dist/tex/generic/babel/babel.def)))
(/usr/local/texlive/2015/texmf-dist/tex/latex/psnfss/times.sty)
(/usr/local/texlive/2015/texmf-dist/tex/latex/fncychap/fncychap.sty)
(./sphinx.sty
(/usr/local/texlive/2015/texmf-dist/tex/generic/oberdiek/ltxcmds.sty)
(/usr/local/texlive/2015/texmf-dist/tex/latex/graphics/graphicx.sty
(/usr/local/texlive/2015/texmf-dist/tex/latex/graphics/keyval.sty)
(/usr/local/texlive/2015/texmf-dist/tex/latex/graphics/graphics.sty
(/usr/local/texlive/2015/texmf-dist/tex/latex/graphics/trig.sty)
(/usr/local/texlive/2015/texmf-dist/tex/latex/latexconfig/graphics.cfg)
(/usr/local/texlive/2015/texmf-dist/tex/latex/pdftex-def/pdftex.def
(/usr/local/texlive/2015/texmf-dist/tex/generic/oberdiek/infwarerr.sty))))
(/usr/local/texlive/2015/texmf-dist/tex/latex/fancyhdr/fancyhdr.sty)
(/usr/local/texlive/2015/texmf-dist/tex/latex/base/textcomp.sty
(/usr/local/texlive/2015/texmf-dist/tex/latex/base/ts1enc.def
(/usr/local/texlive/2015/texmf-dist/tex/latex/base/ts1enc.dfu)))
(/usr/local/texlive/2015/texmf-dist/tex/latex/titlesec/titlesec.sty)
(/usr/local/texlive/2015/texmf-dist/tex/latex/tabulary/tabulary.sty
(/usr/local/texlive/2015/texmf-dist/tex/latex/tools/array.sty))
(/usr/local/texlive/2015/texmf-dist/tex/latex/tools/longtable.sty)
(/usr/local/texlive/2015/texmf-dist/tex/latex/varwidth/varwidth.sty)
(./sphinxmulticell.sty)
(/usr/local/texlive/2015/texmf-dist/tex/latex/base/makeidx.sty)
(/usr/local/texlive/2015/texmf-dist/tex/latex/framed/framed.sty)
(/usr/local/texlive/2015/texmf-dist/tex/latex/xcolor/xcolor.sty
(/usr/local/texlive/2015/texmf-dist/tex/latex/latexconfig/color.cfg))
(/usr/local/texlive/2015/texmf-dist/tex/latex/fancyvrb/fancyvrb.sty
Style option: `fancyvrb' v2.7a, with DG/SPQR fixes, and firstline=lastline fix 
<2008/02/07> (tvz)) (./footnotehyper-sphinx.sty)
(/usr/local/texlive/2015/texmf-dist/tex/latex/float/float.sty)
(/usr/local/texlive/2015/texmf-dist/tex/latex/wrapfig/wrapfig.sty)
(/usr/local/texlive/2015/texmf-dist/tex/latex/parskip/parskip.sty)
(/usr/local/texlive/2015/texmf-dist/tex/latex/base/alltt.sty)
(/usr/local/texlive/2015/texmf-dist/tex/latex/upquote/upquote.sty)
(/usr/local/texlive/2015/texmf-dist/tex/latex/capt-of/capt-of.sty)
(/usr/local/texlive/2015/texmf-dist/tex/latex/needspace/needspace.sty)
(/usr/local/texlive/2015/texmf-dist/tex/latex/carlisle/remreset.sty)
(./sphinxhighlight.sty)
(/usr/local/texlive/2015/texmf-dist/tex/latex/oberdiek/kvoptions.sty
(/usr/local/texlive/2015/texmf-dist/tex/generic/oberdiek/kvsetkeys.sty
(/usr/local/texlive/2015/texmf-dist/tex/generic/oberdiek/etexcmds.sty
(/usr/local/texlive/2015/texmf-dist/tex/generic/oberdiek/ifluatex.sty)))))
(/usr/local/texlive/2015/texmf-dist/tex/latex/geometry/geometry.sty
(/usr/local/texlive/2015/texmf-dist/tex/generic/oberdiek/ifpdf.sty)
(/usr/local/texlive/2015/texmf-dist/tex/generic/oberdiek/ifvtex.sty)
(/usr/local/texlive/2015/texmf-dist/tex/generic/ifxetex/ifxetex.sty))
(/usr/local/texlive/2015/texmf-dist/tex/latex/hyperref/hyperref.sty
(/usr/local/texlive/2015/texmf-dist/tex/generic/oberdiek/hobsub-hyperref.sty
(/usr/local/texlive/2015/texmf-dist/tex/generic/oberdiek/hobsub-generic.sty))
(/usr/local/texlive/2015/texmf-dist/tex/latex/oberdiek/auxhook.sty)
(/usr/local/texlive/2015/texmf-dist/tex/latex/hyperref/pd1enc.def)
(/usr/local/texlive/2015/texmf-dist/tex/latex/latexconfig/hyperref.cfg)
(/usr/local/texlive/2015/texmf-dist/tex/latex/hyperref/puenc.def)
(/usr/local/texlive/2015/texmf-dist/tex/latex/url/url.sty))

Package hyperref Message: Driver (autodetected): hpdftex.

(/usr/local/texlive/2015/texmf-dist/tex/latex/hyperref/hpdftex.def
(/usr/local/texlive/2015/texmf-dist/tex/latex/oberdiek/rerunfilecheck.sty))
(/usr/local/texlive/2015/texmf-dist/tex/latex/oberdiek/hypcap.sty)
Writing index file 3hrs.idx
(./3hrs.aux) (/usr/local/texlive/2015/texmf-dist/tex/latex/base/ts1cmr.fd)
(/usr/local/texlive/2015/texmf-dist/tex/latex/psnfss/t1ptm.fd)
(/usr/local/texlive/2015/texmf-dist/tex/context/base/supp-pdf.mkii
[Loading MPS to PDF converter (version 2006.09.02).]
) (/usr/local/texlive/2015/texmf-dist/tex/latex/oberdiek/epstopdf-base.sty
(/usr/local/texlive/2015/texmf-dist/tex/latex/oberdiek/grfext.sty)
(/usr/local/texlive/2015/texmf-dist/tex/latex/latexconfig/epstopdf-sys.cfg))
*geometry* driver: auto-detecting
*geometry* detected driver: pdftex
(/usr/local/texlive/2015/texmf-dist/tex/latex/hyperref/nameref.sty
(/usr/local/texlive/2015/texmf-dist/tex/generic/oberdiek/gettitlestring.sty))
(/usr/local/texlive/2015/texmf-dist/tex/latex/psnfss/t1phv.fd)<<ot1.cmap>><<oml
.cmap>><<oms.cmap>><<omx.cmap>>
(/usr/local/texlive/2015/texmf-dist/tex/latex/amsfonts/umsa.fd)
(/usr/local/texlive/2015/texmf-dist/tex/latex/amsfonts/umsb.fd) [1{/usr/local/t
exlive/2015/texmf-var/fonts/map/pdftex/updmap/pdftex.map}] [2] [1] [2]
Chapter 1.
(/usr/local/texlive/2015/texmf-dist/tex/latex/psnfss/ts1ptm.fd)
<nott_logo.png, id=27, 175.65625pt x 73.27374pt>
(/usr/local/texlive/2015/texmf-dist/tex/latex/psnfss/t1pcr.fd)
<use nott_logo.png> [1 <./nott_logo.png>]
<coderView.png, id=43, 1014.79124pt x 1090.0725pt> <use coderView.png>
<builderView.png, id=44, 1251.67625pt x 839.135pt> <use builderView.png>
[2] [3 <./coderView.png>]

LaTeX Warning: Hyper reference `11basicBuilder:session1' on page 4 undefined on
 input line 249.

[4 <./builderView.png>]
Chapter 2.
<flowStroop.png, id=71, 715.67375pt x 125.46875pt> <use flowStroop.png>
<routineStroop.png, id=72, 827.09pt x 319.1925pt> <use routineStroop.png>
[5 <./flowStroop.png>] <componentsView.png, id=82, 196.735pt x 398.48875pt>
<use componentsView.png> [6 <./routineStroop.png>]
<preferences128.png, id=88, 128.48pt x 128.48pt> <use preferences128.png>
[7 <./componentsView.png>] <monitors128.png, id=96, 128.48pt x 128.48pt>
<use monitors128.png> <settingsExp128.png, id=97, 128.48pt x 128.48pt>
<use settingsExp128.png> <compile128.png, id=98, 128.48pt x 128.48pt>
<use compile128.png> <run128.png, id=99, 128.48pt x 128.48pt> <use run128.png>
[8 <./preferences128.png> <./monitors128.png> <./settingsExp128.png> <./compile
128.png>] <stop128.png, id=108, 128.48pt x 128.48pt> <use stop128.png>

LaTeX Warning: Hyper reference `11basicBuilder:erikson' on page 9 undefined on 
input line 349.

[9 <./run128.png> <./stop128.png>]
<textAdd.png, id=121, 60.225pt x 59.22125pt> <use textAdd.png>
<textDlg1st.png, id=122, 722.7pt x 776.9025pt> <use textDlg1st.png> [10 <./text
Add.png>] [11 <./textDlg1st.png>]
<flowClickInsertLoop.png, id=136, 502.87875pt x 85.31876pt>
<use flowClickInsertLoop.png>
<flowInsertLoopStart.png, id=137, 456.70625pt x 88.33pt>
<use flowInsertLoopStart.png> <loopDlg.png, id=138, 470.75874pt x 357.335pt>
<use loopDlg.png> <loopDlgComplete.png, id=139, 464.73625pt x 352.31625pt>
<use loopDlgComplete.png> [12 <./flowClickInsertLoop.png> <./flowInsertLoopStar
t.png> <./loopDlg.png>] <flowWithLoop.png, id=147, 379.4175pt x 100.375pt>
<use flowWithLoop.png> [13 <./loopDlgComplete.png> <./flowWithLoop.png>]
<keyboardDlg.png, id=155, 582.175pt x 524.96124pt> <use keyboardDlg.png>
<routineFlankerText.png, id=156, 879.285pt x 420.57124pt>
<use routineFlankerText.png> [14 <./keyboardDlg.png>]
<addRoutine.png, id=162, 368.37625pt x 111.41624pt> <use addRoutine.png>
[15 <./routineFlankerText.png> <./addRoutine.png>] <use settingsExp128.png>
<expSettingsFlanker.png, id=172, 436.63126pt x 413.545pt>
<use expSettingsFlanker.png> [16]
Overfull \hbox (162.1762pt too wide) in paragraph at lines 671--671
[]

Underfull \hbox (badness 10000) in paragraph at lines 671--671

[17 <./expSettingsFlanker.png>] [18]
Chapter 3.
<routineTextReveal.png, id=192, 846.16125pt x 216.81pt>
<use routineTextReveal.png> [19]
<revealMaskProperties.png, id=201, 540.0175pt x 531.9875pt>
<use revealMaskProperties.png> [20 <./routineTextReveal.png> <./revealMaskPrope
rties.png>] <heart_red.png, id=209, 141.62404pt x 137.22151pt>
<use heart_red.png>

LaTeX Warning: Hyper reference `15blockDesigns:blockdesigns' on page 21 undefin
ed on input line 859.

[21 <./heart_red.png>] [22]
Chapter 4.
<flowBlocksWrong.png, id=224, 923.45pt x 163.61125pt>
<use flowBlocksWrong.png> <flowBlocksRight.png, id=225, 698.61pt x 162.6075pt>
<use flowBlocksRight.png> [23 <./flowBlocksWrong.png> <./flowBlocksRight.png>]
<blocksMethodB_blockLoop.png, id=235, 465.74pt x 351.3125pt>
<use blocksMethodB_blockLoop.png> [24]
<blocksMethodBFullFlow.png, id=241, 952.55875pt x 151.56625pt>
<use blocksMethodBFullFlow.png> [25 <./blocksMethodB_blockLoop.png> <./blocksMe
thodBFullFlow.png>]

LaTeX Warning: Hyper reference `21codeComponents:codecomponents' on page 26 und
efined on input line 1177.

[26]
Chapter 5.

Overfull \hbox (212.15576pt too wide) in paragraph at lines 1207--1207
[]

Underfull \hbox (badness 10000) in paragraph at lines 1207--1207

[27] (/usr/local/texlive/2015/texmf-dist/tex/latex/psnfss/ts1pcr.fd) [28]
[29] [30] [31] <compileScriptButton.png, id=293, 602.25pt x 82.3075pt>
<use compileScriptButton.png> [32] [33 <./compileScriptButton.png>] [34]
Chapter 6.
[35] [36]
No file 3hrs.ind.
[37] (./3hrs.aux)

Package rerunfilecheck Warning: File `3hrs.out' has changed.
(rerunfilecheck)                Rerun to get outlines right
(rerunfilecheck)                or use package `bookmark'.


LaTeX Warning: There were undefined references.


LaTeX Warning: Label(s) may have changed. Rerun to get cross-references right.

 )
(see the transcript file for additional information){/usr/local/texlive/2015/te
xmf-dist/fonts/enc/dvips/base/8r.enc}</usr/local/texlive/2015/texmf-dist/fonts/
type1/urw/courier/ucrb8a.pfb></usr/local/texlive/2015/texmf-dist/fonts/type1/ur
w/courier/ucrr8a.pfb></usr/local/texlive/2015/texmf-dist/fonts/type1/urw/courie
r/ucrro8a.pfb></usr/local/texlive/2015/texmf-dist/fonts/type1/urw/helvetic/uhvb
8a.pfb></usr/local/texlive/2015/texmf-dist/fonts/type1/urw/helvetic/uhvbo8a.pfb
></usr/local/texlive/2015/texmf-dist/fonts/type1/urw/helvetic/uhvr8a.pfb></usr/
local/texlive/2015/texmf-dist/fonts/type1/urw/times/utmb8a.pfb></usr/local/texl
ive/2015/texmf-dist/fonts/type1/urw/times/utmbi8a.pfb></usr/local/texlive/2015/
texmf-dist/fonts/type1/urw/times/utmr8a.pfb></usr/local/texlive/2015/texmf-dist
/fonts/type1/urw/times/utmri8a.pfb>
Output written on 3hrs.pdf (41 pages, 1349642 bytes).
Transcript written on 3hrs.log.
Latexmk: applying rule 'makeindex 3hrs.idx'...
Latexmk: applying rule 'pdflatex'...
This is pdfTeX, Version 3.14159265-2.6-1.40.16 (TeX Live 2015) (preloaded format=pdflatex)
 restricted \write18 enabled.
entering extended mode
(./3hrs.tex
LaTeX2e <2015/01/01>
Babel <3.9l> and hyphenation patterns for 79 languages loaded.
(./sphinxmanual.cls
Document Class: sphinxmanual 2017/03/26 v1.6 Document class (Sphinx manual)
(/usr/local/texlive/2015/texmf-dist/tex/latex/base/report.cls
Document Class: report 2014/09/29 v1.4h Standard LaTeX document class
(/usr/local/texlive/2015/texmf-dist/tex/latex/base/size10.clo)))
(/usr/local/texlive/2015/texmf-dist/tex/latex/base/inputenc.sty
(/usr/local/texlive/2015/texmf-dist/tex/latex/base/utf8.def
(/usr/local/texlive/2015/texmf-dist/tex/latex/base/t1enc.dfu)
(/usr/local/texlive/2015/texmf-dist/tex/latex/base/ot1enc.dfu)
(/usr/local/texlive/2015/texmf-dist/tex/latex/base/omsenc.dfu)))
(/usr/local/texlive/2015/texmf-dist/tex/latex/cmap/cmap.sty)
(/usr/local/texlive/2015/texmf-dist/tex/latex/base/fontenc.sty
(/usr/local/texlive/2015/texmf-dist/tex/latex/base/t1enc.def)<<t1.cmap>>)
(/usr/local/texlive/2015/texmf-dist/tex/latex/amsmath/amsmath.sty
For additional information on amsmath, use the `?' option.
(/usr/local/texlive/2015/texmf-dist/tex/latex/amsmath/amstext.sty
(/usr/local/texlive/2015/texmf-dist/tex/latex/amsmath/amsgen.sty))
(/usr/local/texlive/2015/texmf-dist/tex/latex/amsmath/amsbsy.sty)
(/usr/local/texlive/2015/texmf-dist/tex/latex/amsmath/amsopn.sty))
(/usr/local/texlive/2015/texmf-dist/tex/latex/amsfonts/amssymb.sty
(/usr/local/texlive/2015/texmf-dist/tex/latex/amsfonts/amsfonts.sty))
(/usr/local/texlive/2015/texmf-dist/tex/generic/babel/babel.sty
(/usr/local/texlive/2015/texmf-dist/tex/generic/babel-english/english.ldf
(/usr/local/texlive/2015/texmf-dist/tex/generic/babel/babel.def)))
(/usr/local/texlive/2015/texmf-dist/tex/latex/psnfss/times.sty)
(/usr/local/texlive/2015/texmf-dist/tex/latex/fncychap/fncychap.sty)
(./sphinx.sty
(/usr/local/texlive/2015/texmf-dist/tex/generic/oberdiek/ltxcmds.sty)
(/usr/local/texlive/2015/texmf-dist/tex/latex/graphics/graphicx.sty
(/usr/local/texlive/2015/texmf-dist/tex/latex/graphics/keyval.sty)
(/usr/local/texlive/2015/texmf-dist/tex/latex/graphics/graphics.sty
(/usr/local/texlive/2015/texmf-dist/tex/latex/graphics/trig.sty)
(/usr/local/texlive/2015/texmf-dist/tex/latex/latexconfig/graphics.cfg)
(/usr/local/texlive/2015/texmf-dist/tex/latex/pdftex-def/pdftex.def
(/usr/local/texlive/2015/texmf-dist/tex/generic/oberdiek/infwarerr.sty))))
(/usr/local/texlive/2015/texmf-dist/tex/latex/fancyhdr/fancyhdr.sty)
(/usr/local/texlive/2015/texmf-dist/tex/latex/base/textcomp.sty
(/usr/local/texlive/2015/texmf-dist/tex/latex/base/ts1enc.def
(/usr/local/texlive/2015/texmf-dist/tex/latex/base/ts1enc.dfu)))
(/usr/local/texlive/2015/texmf-dist/tex/latex/titlesec/titlesec.sty)
(/usr/local/texlive/2015/texmf-dist/tex/latex/tabulary/tabulary.sty
(/usr/local/texlive/2015/texmf-dist/tex/latex/tools/array.sty))
(/usr/local/texlive/2015/texmf-dist/tex/latex/tools/longtable.sty)
(/usr/local/texlive/2015/texmf-dist/tex/latex/varwidth/varwidth.sty)
(./sphinxmulticell.sty)
(/usr/local/texlive/2015/texmf-dist/tex/latex/base/makeidx.sty)
(/usr/local/texlive/2015/texmf-dist/tex/latex/framed/framed.sty)
(/usr/local/texlive/2015/texmf-dist/tex/latex/xcolor/xcolor.sty
(/usr/local/texlive/2015/texmf-dist/tex/latex/latexconfig/color.cfg))
(/usr/local/texlive/2015/texmf-dist/tex/latex/fancyvrb/fancyvrb.sty
Style option: `fancyvrb' v2.7a, with DG/SPQR fixes, and firstline=lastline fix 
<2008/02/07> (tvz)) (./footnotehyper-sphinx.sty)
(/usr/local/texlive/2015/texmf-dist/tex/latex/float/float.sty)
(/usr/local/texlive/2015/texmf-dist/tex/latex/wrapfig/wrapfig.sty)
(/usr/local/texlive/2015/texmf-dist/tex/latex/parskip/parskip.sty)
(/usr/local/texlive/2015/texmf-dist/tex/latex/base/alltt.sty)
(/usr/local/texlive/2015/texmf-dist/tex/latex/upquote/upquote.sty)
(/usr/local/texlive/2015/texmf-dist/tex/latex/capt-of/capt-of.sty)
(/usr/local/texlive/2015/texmf-dist/tex/latex/needspace/needspace.sty)
(/usr/local/texlive/2015/texmf-dist/tex/latex/carlisle/remreset.sty)
(./sphinxhighlight.sty)
(/usr/local/texlive/2015/texmf-dist/tex/latex/oberdiek/kvoptions.sty
(/usr/local/texlive/2015/texmf-dist/tex/generic/oberdiek/kvsetkeys.sty
(/usr/local/texlive/2015/texmf-dist/tex/generic/oberdiek/etexcmds.sty
(/usr/local/texlive/2015/texmf-dist/tex/generic/oberdiek/ifluatex.sty)))))
(/usr/local/texlive/2015/texmf-dist/tex/latex/geometry/geometry.sty
(/usr/local/texlive/2015/texmf-dist/tex/generic/oberdiek/ifpdf.sty)
(/usr/local/texlive/2015/texmf-dist/tex/generic/oberdiek/ifvtex.sty)
(/usr/local/texlive/2015/texmf-dist/tex/generic/ifxetex/ifxetex.sty))
(/usr/local/texlive/2015/texmf-dist/tex/latex/hyperref/hyperref.sty
(/usr/local/texlive/2015/texmf-dist/tex/generic/oberdiek/hobsub-hyperref.sty
(/usr/local/texlive/2015/texmf-dist/tex/generic/oberdiek/hobsub-generic.sty))
(/usr/local/texlive/2015/texmf-dist/tex/latex/oberdiek/auxhook.sty)
(/usr/local/texlive/2015/texmf-dist/tex/latex/hyperref/pd1enc.def)
(/usr/local/texlive/2015/texmf-dist/tex/latex/latexconfig/hyperref.cfg)
(/usr/local/texlive/2015/texmf-dist/tex/latex/hyperref/puenc.def)
(/usr/local/texlive/2015/texmf-dist/tex/latex/url/url.sty))

Package hyperref Message: Driver (autodetected): hpdftex.

(/usr/local/texlive/2015/texmf-dist/tex/latex/hyperref/hpdftex.def
(/usr/local/texlive/2015/texmf-dist/tex/latex/oberdiek/rerunfilecheck.sty))
(/usr/local/texlive/2015/texmf-dist/tex/latex/oberdiek/hypcap.sty)
Writing index file 3hrs.idx
(./3hrs.aux) (/usr/local/texlive/2015/texmf-dist/tex/latex/base/ts1cmr.fd)
(/usr/local/texlive/2015/texmf-dist/tex/latex/psnfss/t1ptm.fd)
(/usr/local/texlive/2015/texmf-dist/tex/context/base/supp-pdf.mkii
[Loading MPS to PDF converter (version 2006.09.02).]
) (/usr/local/texlive/2015/texmf-dist/tex/latex/oberdiek/epstopdf-base.sty
(/usr/local/texlive/2015/texmf-dist/tex/latex/oberdiek/grfext.sty)
(/usr/local/texlive/2015/texmf-dist/tex/latex/latexconfig/epstopdf-sys.cfg))
*geometry* driver: auto-detecting
*geometry* detected driver: pdftex
(/usr/local/texlive/2015/texmf-dist/tex/latex/hyperref/nameref.sty
(/usr/local/texlive/2015/texmf-dist/tex/generic/oberdiek/gettitlestring.sty))
(./3hrs.out) (./3hrs.out)
(/usr/local/texlive/2015/texmf-dist/tex/latex/psnfss/t1phv.fd)<<ot1.cmap>><<oml
.cmap>><<oms.cmap>><<omx.cmap>>
(/usr/local/texlive/2015/texmf-dist/tex/latex/amsfonts/umsa.fd)
(/usr/local/texlive/2015/texmf-dist/tex/latex/amsfonts/umsb.fd) [1{/usr/local/t
exlive/2015/texmf-var/fonts/map/pdftex/updmap/pdftex.map}] [2] (./3hrs.toc)
[1] [2]
Chapter 1.
(/usr/local/texlive/2015/texmf-dist/tex/latex/psnfss/ts1ptm.fd)
<nott_logo.png, id=63, 175.65625pt x 73.27374pt>
(/usr/local/texlive/2015/texmf-dist/tex/latex/psnfss/t1pcr.fd)
<use nott_logo.png> [1 <./nott_logo.png>]
<coderView.png, id=77, 1014.79124pt x 1090.0725pt> <use coderView.png>
<builderView.png, id=78, 1251.67625pt x 839.135pt> <use builderView.png>
[2] [3 <./coderView.png>] [4 <./builderView.png>]
Chapter 2.
<flowStroop.png, id=106, 715.67375pt x 125.46875pt> <use flowStroop.png>
<routineStroop.png, id=107, 827.09pt x 319.1925pt> <use routineStroop.png>
[5 <./flowStroop.png>] <componentsView.png, id=116, 196.735pt x 398.48875pt>
<use componentsView.png> [6 <./routineStroop.png>]
<preferences128.png, id=122, 128.48pt x 128.48pt> <use preferences128.png>
[7 <./componentsView.png>] <monitors128.png, id=130, 128.48pt x 128.48pt>
<use monitors128.png> <settingsExp128.png, id=131, 128.48pt x 128.48pt>
<use settingsExp128.png> <compile128.png, id=132, 128.48pt x 128.48pt>
<use compile128.png> <run128.png, id=133, 128.48pt x 128.48pt>
<use run128.png> [8 <./preferences128.png> <./monitors128.png> <./settingsExp12
8.png> <./compile128.png>] <stop128.png, id=142, 128.48pt x 128.48pt>
<use stop128.png> [9 <./run128.png> <./stop128.png>]
<textAdd.png, id=157, 60.225pt x 59.22125pt> <use textAdd.png>
<textDlg1st.png, id=158, 722.7pt x 776.9025pt> <use textDlg1st.png> [10 <./text
Add.png>] [11 <./textDlg1st.png>]
<flowClickInsertLoop.png, id=172, 502.87875pt x 85.31876pt>
<use flowClickInsertLoop.png>
<flowInsertLoopStart.png, id=173, 456.70625pt x 88.33pt>
<use flowInsertLoopStart.png> <loopDlg.png, id=174, 470.75874pt x 357.335pt>
<use loopDlg.png> <loopDlgComplete.png, id=175, 464.73625pt x 352.31625pt>
<use loopDlgComplete.png> [12 <./flowClickInsertLoop.png> <./flowInsertLoopStar
t.png> <./loopDlg.png>] <flowWithLoop.png, id=184, 379.4175pt x 100.375pt>
<use flowWithLoop.png> [13 <./loopDlgComplete.png> <./flowWithLoop.png>]
<keyboardDlg.png, id=192, 582.175pt x 524.96124pt> <use keyboardDlg.png>
<routineFlankerText.png, id=193, 879.285pt x 420.57124pt>
<use routineFlankerText.png> [14 <./keyboardDlg.png>]
<addRoutine.png, id=199, 368.37625pt x 111.41624pt> <use addRoutine.png>
[15 <./routineFlankerText.png> <./addRoutine.png>] <use settingsExp128.png>
<expSettingsFlanker.png, id=209, 436.63126pt x 413.545pt>
<use expSettingsFlanker.png> [16]
Overfull \hbox (162.1762pt too wide) in paragraph at lines 671--671
[]

Underfull \hbox (badness 10000) in paragraph at lines 671--671

[17 <./expSettingsFlanker.png>] [18]
Chapter 3.
<routineTextReveal.png, id=228, 846.16125pt x 216.81pt>
<use routineTextReveal.png> [19]
<revealMaskProperties.png, id=236, 540.0175pt x 531.9875pt>
<use revealMaskProperties.png> [20 <./routineTextReveal.png> <./revealMaskPrope
rties.png>] <heart_red.png, id=244, 141.62404pt x 137.22151pt>
<use heart_red.png> [21 <./heart_red.png>] [22]
Chapter 4.
<flowBlocksWrong.png, id=260, 923.45pt x 163.61125pt>
<use flowBlocksWrong.png> <flowBlocksRight.png, id=261, 698.61pt x 162.6075pt>
<use flowBlocksRight.png> [23 <./flowBlocksWrong.png> <./flowBlocksRight.png>]
<blocksMethodB_blockLoop.png, id=270, 465.74pt x 351.3125pt>
<use blocksMethodB_blockLoop.png> [24]
<blocksMethodBFullFlow.png, id=276, 952.55875pt x 151.56625pt>
<use blocksMethodBFullFlow.png> [25 <./blocksMethodB_blockLoop.png> <./blocksMe
thodBFullFlow.png>] [26]
Chapter 5.

Overfull \hbox (212.15576pt too wide) in paragraph at lines 1207--1207
[]

Underfull \hbox (badness 10000) in paragraph at lines 1207--1207

[27] (/usr/local/texlive/2015/texmf-dist/tex/latex/psnfss/ts1pcr.fd) [28]
[29] [30] [31] <compileScriptButton.png, id=328, 602.25pt x 82.3075pt>
<use compileScriptButton.png> [32] [33 <./compileScriptButton.png>] [34]
Chapter 6.
[35] [36] (./3hrs.ind) [37] (./3hrs.aux) )
(see the transcript file for additional information){/usr/local/texlive/2015/te
xmf-dist/fonts/enc/dvips/base/8r.enc}</usr/local/texlive/2015/texmf-dist/fonts/
type1/urw/courier/ucrb8a.pfb></usr/local/texlive/2015/texmf-dist/fonts/type1/ur
w/courier/ucrr8a.pfb></usr/local/texlive/2015/texmf-dist/fonts/type1/urw/courie
r/ucrro8a.pfb></usr/local/texlive/2015/texmf-dist/fonts/type1/urw/helvetic/uhvb
8a.pfb></usr/local/texlive/2015/texmf-dist/fonts/type1/urw/helvetic/uhvbo8a.pfb
></usr/local/texlive/2015/texmf-dist/fonts/type1/urw/helvetic/uhvr8a.pfb></usr/
local/texlive/2015/texmf-dist/fonts/type1/urw/times/utmb8a.pfb></usr/local/texl
ive/2015/texmf-dist/fonts/type1/urw/times/utmbi8a.pfb></usr/local/texlive/2015/
texmf-dist/fonts/type1/urw/times/utmr8a.pfb></usr/local/texlive/2015/texmf-dist
/fonts/type1/urw/times/utmri8a.pfb>
Output written on 3hrs.pdf (41 pages, 1325819 bytes).
Transcript written on 3hrs.log.
Latexmk: applying rule 'pdflatex'...
This is pdfTeX, Version 3.14159265-2.6-1.40.16 (TeX Live 2015) (preloaded format=pdflatex)
 restricted \write18 enabled.
entering extended mode
(./3hrs.tex
LaTeX2e <2015/01/01>
Babel <3.9l> and hyphenation patterns for 79 languages loaded.
(./sphinxmanual.cls
Document Class: sphinxmanual 2017/03/26 v1.6 Document class (Sphinx manual)
(/usr/local/texlive/2015/texmf-dist/tex/latex/base/report.cls
Document Class: report 2014/09/29 v1.4h Standard LaTeX document class
(/usr/local/texlive/2015/texmf-dist/tex/latex/base/size10.clo)))
(/usr/local/texlive/2015/texmf-dist/tex/latex/base/inputenc.sty
(/usr/local/texlive/2015/texmf-dist/tex/latex/base/utf8.def
(/usr/local/texlive/2015/texmf-dist/tex/latex/base/t1enc.dfu)
(/usr/local/texlive/2015/texmf-dist/tex/latex/base/ot1enc.dfu)
(/usr/local/texlive/2015/texmf-dist/tex/latex/base/omsenc.dfu)))
(/usr/local/texlive/2015/texmf-dist/tex/latex/cmap/cmap.sty)
(/usr/local/texlive/2015/texmf-dist/tex/latex/base/fontenc.sty
(/usr/local/texlive/2015/texmf-dist/tex/latex/base/t1enc.def)<<t1.cmap>>)
(/usr/local/texlive/2015/texmf-dist/tex/latex/amsmath/amsmath.sty
For additional information on amsmath, use the `?' option.
(/usr/local/texlive/2015/texmf-dist/tex/latex/amsmath/amstext.sty
(/usr/local/texlive/2015/texmf-dist/tex/latex/amsmath/amsgen.sty))
(/usr/local/texlive/2015/texmf-dist/tex/latex/amsmath/amsbsy.sty)
(/usr/local/texlive/2015/texmf-dist/tex/latex/amsmath/amsopn.sty))
(/usr/local/texlive/2015/texmf-dist/tex/latex/amsfonts/amssymb.sty
(/usr/local/texlive/2015/texmf-dist/tex/latex/amsfonts/amsfonts.sty))
(/usr/local/texlive/2015/texmf-dist/tex/generic/babel/babel.sty
(/usr/local/texlive/2015/texmf-dist/tex/generic/babel-english/english.ldf
(/usr/local/texlive/2015/texmf-dist/tex/generic/babel/babel.def)))
(/usr/local/texlive/2015/texmf-dist/tex/latex/psnfss/times.sty)
(/usr/local/texlive/2015/texmf-dist/tex/latex/fncychap/fncychap.sty)
(./sphinx.sty
(/usr/local/texlive/2015/texmf-dist/tex/generic/oberdiek/ltxcmds.sty)
(/usr/local/texlive/2015/texmf-dist/tex/latex/graphics/graphicx.sty
(/usr/local/texlive/2015/texmf-dist/tex/latex/graphics/keyval.sty)
(/usr/local/texlive/2015/texmf-dist/tex/latex/graphics/graphics.sty
(/usr/local/texlive/2015/texmf-dist/tex/latex/graphics/trig.sty)
(/usr/local/texlive/2015/texmf-dist/tex/latex/latexconfig/graphics.cfg)
(/usr/local/texlive/2015/texmf-dist/tex/latex/pdftex-def/pdftex.def
(/usr/local/texlive/2015/texmf-dist/tex/generic/oberdiek/infwarerr.sty))))
(/usr/local/texlive/2015/texmf-dist/tex/latex/fancyhdr/fancyhdr.sty)
(/usr/local/texlive/2015/texmf-dist/tex/latex/base/textcomp.sty
(/usr/local/texlive/2015/texmf-dist/tex/latex/base/ts1enc.def
(/usr/local/texlive/2015/texmf-dist/tex/latex/base/ts1enc.dfu)))
(/usr/local/texlive/2015/texmf-dist/tex/latex/titlesec/titlesec.sty)
(/usr/local/texlive/2015/texmf-dist/tex/latex/tabulary/tabulary.sty
(/usr/local/texlive/2015/texmf-dist/tex/latex/tools/array.sty))
(/usr/local/texlive/2015/texmf-dist/tex/latex/tools/longtable.sty)
(/usr/local/texlive/2015/texmf-dist/tex/latex/varwidth/varwidth.sty)
(./sphinxmulticell.sty)
(/usr/local/texlive/2015/texmf-dist/tex/latex/base/makeidx.sty)
(/usr/local/texlive/2015/texmf-dist/tex/latex/framed/framed.sty)
(/usr/local/texlive/2015/texmf-dist/tex/latex/xcolor/xcolor.sty
(/usr/local/texlive/2015/texmf-dist/tex/latex/latexconfig/color.cfg))
(/usr/local/texlive/2015/texmf-dist/tex/latex/fancyvrb/fancyvrb.sty
Style option: `fancyvrb' v2.7a, with DG/SPQR fixes, and firstline=lastline fix 
<2008/02/07> (tvz)) (./footnotehyper-sphinx.sty)
(/usr/local/texlive/2015/texmf-dist/tex/latex/float/float.sty)
(/usr/local/texlive/2015/texmf-dist/tex/latex/wrapfig/wrapfig.sty)
(/usr/local/texlive/2015/texmf-dist/tex/latex/parskip/parskip.sty)
(/usr/local/texlive/2015/texmf-dist/tex/latex/base/alltt.sty)
(/usr/local/texlive/2015/texmf-dist/tex/latex/upquote/upquote.sty)
(/usr/local/texlive/2015/texmf-dist/tex/latex/capt-of/capt-of.sty)
(/usr/local/texlive/2015/texmf-dist/tex/latex/needspace/needspace.sty)
(/usr/local/texlive/2015/texmf-dist/tex/latex/carlisle/remreset.sty)
(./sphinxhighlight.sty)
(/usr/local/texlive/2015/texmf-dist/tex/latex/oberdiek/kvoptions.sty
(/usr/local/texlive/2015/texmf-dist/tex/generic/oberdiek/kvsetkeys.sty
(/usr/local/texlive/2015/texmf-dist/tex/generic/oberdiek/etexcmds.sty
(/usr/local/texlive/2015/texmf-dist/tex/generic/oberdiek/ifluatex.sty)))))
(/usr/local/texlive/2015/texmf-dist/tex/latex/geometry/geometry.sty
(/usr/local/texlive/2015/texmf-dist/tex/generic/oberdiek/ifpdf.sty)
(/usr/local/texlive/2015/texmf-dist/tex/generic/oberdiek/ifvtex.sty)
(/usr/local/texlive/2015/texmf-dist/tex/generic/ifxetex/ifxetex.sty))
(/usr/local/texlive/2015/texmf-dist/tex/latex/hyperref/hyperref.sty
(/usr/local/texlive/2015/texmf-dist/tex/generic/oberdiek/hobsub-hyperref.sty
(/usr/local/texlive/2015/texmf-dist/tex/generic/oberdiek/hobsub-generic.sty))
(/usr/local/texlive/2015/texmf-dist/tex/latex/oberdiek/auxhook.sty)
(/usr/local/texlive/2015/texmf-dist/tex/latex/hyperref/pd1enc.def)
(/usr/local/texlive/2015/texmf-dist/tex/latex/latexconfig/hyperref.cfg)
(/usr/local/texlive/2015/texmf-dist/tex/latex/hyperref/puenc.def)
(/usr/local/texlive/2015/texmf-dist/tex/latex/url/url.sty))

Package hyperref Message: Driver (autodetected): hpdftex.

(/usr/local/texlive/2015/texmf-dist/tex/latex/hyperref/hpdftex.def
(/usr/local/texlive/2015/texmf-dist/tex/latex/oberdiek/rerunfilecheck.sty))
(/usr/local/texlive/2015/texmf-dist/tex/latex/oberdiek/hypcap.sty)
Writing index file 3hrs.idx
(./3hrs.aux) (/usr/local/texlive/2015/texmf-dist/tex/latex/base/ts1cmr.fd)
(/usr/local/texlive/2015/texmf-dist/tex/latex/psnfss/t1ptm.fd)
(/usr/local/texlive/2015/texmf-dist/tex/context/base/supp-pdf.mkii
[Loading MPS to PDF converter (version 2006.09.02).]
) (/usr/local/texlive/2015/texmf-dist/tex/latex/oberdiek/epstopdf-base.sty
(/usr/local/texlive/2015/texmf-dist/tex/latex/oberdiek/grfext.sty)
(/usr/local/texlive/2015/texmf-dist/tex/latex/latexconfig/epstopdf-sys.cfg))
*geometry* driver: auto-detecting
*geometry* detected driver: pdftex
(/usr/local/texlive/2015/texmf-dist/tex/latex/hyperref/nameref.sty
(/usr/local/texlive/2015/texmf-dist/tex/generic/oberdiek/gettitlestring.sty))
(./3hrs.out) (./3hrs.out)
(/usr/local/texlive/2015/texmf-dist/tex/latex/psnfss/t1phv.fd)<<ot1.cmap>><<oml
.cmap>><<oms.cmap>><<omx.cmap>>
(/usr/local/texlive/2015/texmf-dist/tex/latex/amsfonts/umsa.fd)
(/usr/local/texlive/2015/texmf-dist/tex/latex/amsfonts/umsb.fd) [1{/usr/local/t
exlive/2015/texmf-var/fonts/map/pdftex/updmap/pdftex.map}] [2] (./3hrs.toc)
[1] [2]
Chapter 1.
(/usr/local/texlive/2015/texmf-dist/tex/latex/psnfss/ts1ptm.fd)
<nott_logo.png, id=63, 175.65625pt x 73.27374pt>
(/usr/local/texlive/2015/texmf-dist/tex/latex/psnfss/t1pcr.fd)
<use nott_logo.png> [1 <./nott_logo.png>]
<coderView.png, id=77, 1014.79124pt x 1090.0725pt> <use coderView.png>
<builderView.png, id=78, 1251.67625pt x 839.135pt> <use builderView.png>
[2] [3 <./coderView.png>] [4 <./builderView.png>]
Chapter 2.
<flowStroop.png, id=106, 715.67375pt x 125.46875pt> <use flowStroop.png>
<routineStroop.png, id=107, 827.09pt x 319.1925pt> <use routineStroop.png>
[5 <./flowStroop.png>] <componentsView.png, id=116, 196.735pt x 398.48875pt>
<use componentsView.png> [6 <./routineStroop.png>]
<preferences128.png, id=122, 128.48pt x 128.48pt> <use preferences128.png>
[7 <./componentsView.png>] <monitors128.png, id=130, 128.48pt x 128.48pt>
<use monitors128.png> <settingsExp128.png, id=131, 128.48pt x 128.48pt>
<use settingsExp128.png> <compile128.png, id=132, 128.48pt x 128.48pt>
<use compile128.png> <run128.png, id=133, 128.48pt x 128.48pt>
<use run128.png> [8 <./preferences128.png> <./monitors128.png> <./settingsExp12
8.png> <./compile128.png>] <stop128.png, id=142, 128.48pt x 128.48pt>
<use stop128.png> [9 <./run128.png> <./stop128.png>]
<textAdd.png, id=157, 60.225pt x 59.22125pt> <use textAdd.png>
<textDlg1st.png, id=158, 722.7pt x 776.9025pt> <use textDlg1st.png> [10 <./text
Add.png>] [11 <./textDlg1st.png>]
<flowClickInsertLoop.png, id=172, 502.87875pt x 85.31876pt>
<use flowClickInsertLoop.png>
<flowInsertLoopStart.png, id=173, 456.70625pt x 88.33pt>
<use flowInsertLoopStart.png> <loopDlg.png, id=174, 470.75874pt x 357.335pt>
<use loopDlg.png> <loopDlgComplete.png, id=175, 464.73625pt x 352.31625pt>
<use loopDlgComplete.png> [12 <./flowClickInsertLoop.png> <./flowInsertLoopStar
t.png> <./loopDlg.png>] <flowWithLoop.png, id=184, 379.4175pt x 100.375pt>
<use flowWithLoop.png> [13 <./loopDlgComplete.png> <./flowWithLoop.png>]
<keyboardDlg.png, id=192, 582.175pt x 524.96124pt> <use keyboardDlg.png>
<routineFlankerText.png, id=193, 879.285pt x 420.57124pt>
<use routineFlankerText.png> [14 <./keyboardDlg.png>]
<addRoutine.png, id=199, 368.37625pt x 111.41624pt> <use addRoutine.png>
[15 <./routineFlankerText.png> <./addRoutine.png>] <use settingsExp128.png>
<expSettingsFlanker.png, id=209, 436.63126pt x 413.545pt>
<use expSettingsFlanker.png> [16]
Overfull \hbox (162.1762pt too wide) in paragraph at lines 671--671
[]

Underfull \hbox (badness 10000) in paragraph at lines 671--671

[17 <./expSettingsFlanker.png>] [18]
Chapter 3.
<routineTextReveal.png, id=228, 846.16125pt x 216.81pt>
<use routineTextReveal.png> [19]
<revealMaskProperties.png, id=236, 540.0175pt x 531.9875pt>
<use revealMaskProperties.png> [20 <./routineTextReveal.png> <./revealMaskPrope
rties.png>] <heart_red.png, id=244, 141.62404pt x 137.22151pt>
<use heart_red.png> [21 <./heart_red.png>] [22]
Chapter 4.
<flowBlocksWrong.png, id=260, 923.45pt x 163.61125pt>
<use flowBlocksWrong.png> <flowBlocksRight.png, id=261, 698.61pt x 162.6075pt>
<use flowBlocksRight.png> [23 <./flowBlocksWrong.png> <./flowBlocksRight.png>]
<blocksMethodB_blockLoop.png, id=270, 465.74pt x 351.3125pt>
<use blocksMethodB_blockLoop.png> [24]
<blocksMethodBFullFlow.png, id=276, 952.55875pt x 151.56625pt>
<use blocksMethodBFullFlow.png> [25 <./blocksMethodB_blockLoop.png> <./blocksMe
thodBFullFlow.png>] [26]
Chapter 5.

Overfull \hbox (212.15576pt too wide) in paragraph at lines 1207--1207
[]

Underfull \hbox (badness 10000) in paragraph at lines 1207--1207

[27] (/usr/local/texlive/2015/texmf-dist/tex/latex/psnfss/ts1pcr.fd) [28]
[29] [30] [31] <compileScriptButton.png, id=328, 602.25pt x 82.3075pt>
<use compileScriptButton.png> [32] [33 <./compileScriptButton.png>] [34]
Chapter 6.
[35] [36] (./3hrs.ind) [37] (./3hrs.aux) )
(see the transcript file for additional information){/usr/local/texlive/2015/te
xmf-dist/fonts/enc/dvips/base/8r.enc}</usr/local/texlive/2015/texmf-dist/fonts/
type1/urw/courier/ucrb8a.pfb></usr/local/texlive/2015/texmf-dist/fonts/type1/ur
w/courier/ucrr8a.pfb></usr/local/texlive/2015/texmf-dist/fonts/type1/urw/courie
r/ucrro8a.pfb></usr/local/texlive/2015/texmf-dist/fonts/type1/urw/helvetic/uhvb
8a.pfb></usr/local/texlive/2015/texmf-dist/fonts/type1/urw/helvetic/uhvbo8a.pfb
></usr/local/texlive/2015/texmf-dist/fonts/type1/urw/helvetic/uhvr8a.pfb></usr/
local/texlive/2015/texmf-dist/fonts/type1/urw/times/utmb8a.pfb></usr/local/texl
ive/2015/texmf-dist/fonts/type1/urw/times/utmbi8a.pfb></usr/local/texlive/2015/
texmf-dist/fonts/type1/urw/times/utmr8a.pfb></usr/local/texlive/2015/texmf-dist
/fonts/type1/urw/times/utmri8a.pfb>
Output written on 3hrs.pdf (41 pages, 1325073 bytes).
Transcript written on 3hrs.log.
Latexmk: All targets (3hrs.pdf) are up-to-date
