4.7615 	WARNING 	We strongly recommend you activate the PTB sound engine in PsychoPy prefs as the preferred audio engine. Its timing is vastly superior. Your prefs are currently set to use ['sounddevice', 'PTB', 'pyo', 'pygame'] (in that order).
15.7794 	EXP 	Created window1 = Window(allowGUI=True, allowStencil=False, args=UNKNOWN, autoLog=True, bitsMode=UNKNOWN, blendMode='avg', bpc=(8, 8, 8), color=array([0., 0., 0.]), colorSpace='rgb', depthBits=8, fullscr=<method-wrapper '__getattribute__' of attributeSetter object at 0x00000242ACE2B198>, gamma=None, gammaErrorPolicy='raise', kwargs=UNKNOWN, lms=UNKNOWN, monitor=<psychopy.monitors.calibTools.Monitor object at 0x00000242AC9F9AC8>, multiSample=False, name='window1', numSamples=2, pos=[340.0, 200.0], screen=0, size=array([600, 400]), stencilBits=0, stereo=False, units='norm', useFBO=True, useRetina=False, viewOri=0.0, viewPos=None, viewScale=None, waitBlanking=True, winType='pyglet')
15.7796 	EXP 	window1: mouseVisible = True
15.7797 	EXP 	window1: recordFrameIntervals = False
15.9437 	EXP 	window1: recordFrameIntervals = True
16.1272 	EXP 	window1: recordFrameIntervals = False
16.6993 	EXP 	Created sentence = TextStim(__class__=<class 'psychopy.visual.text.TextStim'>, alignHoriz=method-wrapper(...), alignText='center', alignVert=method-wrapper(...), anchorHoriz='center', anchorVert='center', antialias=True, autoLog=True, bold=False, color='white', colorSpace='named', contrast=1.0, depth=0.0, flipHoriz=False, flipVert=False, font='Arial', fontFiles=[], height=0.1, italic=False, languageStyle='LTR', name='sentence', opacity=1.0, ori=0, pos=array([0., 0.]), rgb=array([255., 255., 255.]), text=str(...), units='norm', win=Window(...), wrapWidth=2)
16.7046 	EXP 	Created mask = Rect(__class__=<class 'psychopy.visual.rect.Rect'>, autoDraw=False, autoLog=True, closeShape=True, color=method-wrapper(...), colorSpace=None, contrast=1.0, depth=-1.0, fillColor='grey', fillColorSpace='named', fillRGB=array([128., 128., 128.]), interpolate=True, lineColor='grey', lineColorSpace='named', lineRGB=array([128., 128., 128.]), lineWidth=1, name='mask', opacity=1.0, ori=array(0.), pos=array([0., 0.]), size=array([2. , 0.5]), units='norm', vertices=ndarray(...), win=Window(...))
16.7568 	EXP 	sentence: autoDraw = True
16.7568 	EXP 	mask: autoDraw = True
20.7306 	EXP 	sentence: autoDraw = False
20.7306 	EXP 	mask: autoDraw = False
20.7738 	EXP 	window1: mouseVisible = True
4.8551 	WARNING 	We strongly recommend you activate the PTB sound engine in PsychoPy prefs as the preferred audio engine. Its timing is vastly superior. Your prefs are currently set to use ['sounddevice', 'PTB', 'pyo', 'pygame'] (in that order).
15.9469 	EXP 	Created window1 = Window(allowGUI=True, allowStencil=False, args=UNKNOWN, autoLog=True, bitsMode=UNKNOWN, blendMode='avg', bpc=(8, 8, 8), color=array([0., 0., 0.]), colorSpace='rgb', depthBits=8, fullscr=<method-wrapper '__getattribute__' of attributeSetter object at 0x000001758975B198>, gamma=None, gammaErrorPolicy='raise', kwargs=UNKNOWN, lms=UNKNOWN, monitor=<psychopy.monitors.calibTools.Monitor object at 0x000001758932AAC8>, multiSample=False, name='window1', numSamples=2, pos=[340.0, 200.0], screen=0, size=array([600, 400]), stencilBits=0, stereo=False, units='norm', useFBO=True, useRetina=False, viewOri=0.0, viewPos=None, viewScale=None, waitBlanking=True, winType='pyglet')
15.9471 	EXP 	window1: mouseVisible = True
15.9472 	EXP 	window1: recordFrameIntervals = False
16.1128 	EXP 	window1: recordFrameIntervals = True
16.5801 	EXP 	window1: recordFrameIntervals = False
17.0853 	EXP 	Created sentence = TextStim(__class__=<class 'psychopy.visual.text.TextStim'>, alignHoriz=method-wrapper(...), alignText='center', alignVert=method-wrapper(...), anchorHoriz='center', anchorVert='center', antialias=True, autoLog=True, bold=False, color='white', colorSpace='named', contrast=1.0, depth=0.0, flipHoriz=False, flipVert=False, font='Arial', fontFiles=[], height=0.1, italic=False, languageStyle='LTR', name='sentence', opacity=1.0, ori=0, pos=array([0., 0.]), rgb=array([255., 255., 255.]), text=str(...), units='norm', win=Window(...), wrapWidth=2)
17.0876 	EXP 	Created mask = Rect(__class__=<class 'psychopy.visual.rect.Rect'>, autoDraw=False, autoLog=True, closeShape=True, color=method-wrapper(...), colorSpace=None, contrast=1.0, depth=-1.0, fillColor='grey', fillColorSpace='named', fillRGB=array([128., 128., 128.]), interpolate=True, lineColor='grey', lineColorSpace='named', lineRGB=array([128., 128., 128.]), lineWidth=1, name='mask', opacity=1.0, ori=array(0.), pos=array([0., 0.]), size=array([2. , 0.5]), units='norm', vertices=ndarray(...), win=Window(...))
17.1355 	EXP 	sentence: autoDraw = True
17.1355 	EXP 	mask: autoDraw = True
21.1186 	EXP 	sentence: autoDraw = False
21.1186 	EXP 	mask: autoDraw = False
21.1626 	EXP 	window1: mouseVisible = True
