11.6469 	WARNING 	User requested fullscreen with size [1440  900], but screen is actually [1280, 1024]. Using actual size
14.8231 	WARNING 	Couldn't measure a consistent frame rate.
  - Is your graphics card set to sync to vertical blank?
  - Are you running other processes on your computer?

14.8236 	EXP 	Created window1 = Window(allowGUI=False, allowStencil=False, args=UNKNOWN, autoLog=True, bitsMode=UNKNOWN, blendMode='avg', color=array([0., 0., 0.]), colorSpace='rgb', fullscr=<method-wrapper '__getattribute__' of attributeSetter object at 0x12878beb8>, gamma=None, kwargs=UNKNOWN, lms=UNKNOWN, monitor=<psychopy.monitors.calibTools.Monitor object at 0x1287b2cc0>, multiSample=False, name='window1', numSamples=2, pos=[0.0, 0.0], screen=0, size=array([1280, 1024]), stereo=False, units='norm', useFBO=True, useRetina=False, viewOri=0.0, viewPos=None, viewScale=None, waitBlanking=True, winType='pyglet')
14.8236 	EXP 	window1: recordFrameIntervals = False
14.9844 	EXP 	window1: recordFrameIntervals = True
15.0230 	WARNING 	t of last frame was 22.96ms (=1/43)
15.0535 	WARNING 	t of last frame was 20.86ms (=1/47)
15.0888 	WARNING 	t of last frame was 23.08ms (=1/43)
15.1217 	WARNING 	t of last frame was 21.96ms (=1/45)
15.1557 	WARNING 	Multiple dropped frames have occurred - I'll stop bothering you about them!
16.6549 	WARNING 	Couldn't measure a consistent frame rate.
  - Is your graphics card set to sync to vertical blank?
  - Are you running other processes on your computer?

16.6628 	EXP 	Created rotatingDisk = GratingStim(__class__=<class 'psychopy.visual.grating.GratingStim'>, autoDraw=False, autoLog=True, blendmode='avg', color=array([1., 1., 1.]), colorSpace='rgb', contrast=1.0, depth=0.0, interpolate=True, mask='circle', maskParams=None, name='rotatingDisk', opacity=1.0, ori=1.0, phase=array([0., 0.]), pos=array([0., 0.]), rgbPedestal=array([0., 0., 0.]), sf=array([1., 1.]), size=array([0.8, 0.8]), tex=ndarray(...), texRes=128, units='height', win=Window(...))
16.6809 	EXP 	Created topTarget = Polygon(__class__=<class 'psychopy.visual.polygon.Polygon'>, autoDraw=False, autoLog=True, closeShape=True, color=method-wrapper(...), colorSpace=None, contrast=1.0, depth=-1.0, fillColor='red', fillColorSpace='named', fillRGB=array([255.,   0.,   0.]), interpolate=True, lineColor='red', lineColorSpace='named', lineRGB=array([255.,   0.,   0.]), lineWidth=1, name='topTarget', opacity=1.0, ori=array(0.), pos=array([0. , 0.3]), size=array([0.05, 0.05]), units='height', vertices=ndarray(...), win=Window(...))
16.6845 	EXP 	Created bottomTarget = Polygon(__class__=<class 'psychopy.visual.polygon.Polygon'>, autoDraw=False, autoLog=True, closeShape=True, color=method-wrapper(...), colorSpace=None, contrast=1.0, depth=-2.0, fillColor='red', fillColorSpace='named', fillRGB=array([255.,   0.,   0.]), interpolate=True, lineColor='red', lineColorSpace='named', lineRGB=array([255.,   0.,   0.]), lineWidth=1, name='bottomTarget', opacity=1.0, ori=array(0.), pos=array([ 0. , -0.3]), size=array([0.05, 0.05]), units='height', vertices=ndarray(...), win=Window(...))
16.6904 	EXP 	Created fixation = Polygon(__class__=<class 'psychopy.visual.polygon.Polygon'>, autoDraw=False, autoLog=True, closeShape=True, color=method-wrapper(...), colorSpace=None, contrast=1.0, depth=-3.0, fillColor='red', fillColorSpace='named', fillRGB=array([255.,   0.,   0.]), interpolate=True, lineColor=array([1., 1., 1.]), lineColorSpace='rgb', lineRGB=array([1., 1., 1.]), lineWidth=1, name='fixation', opacity=1.0, ori=array(0.), pos=array([0., 0.]), size=array([0.01, 0.01]), units='height', vertices=ndarray(...), win=Window(...))
16.7115 	EXP 	rotatingDisk: autoDraw = True
16.7115 	EXP 	topTarget: autoDraw = True
16.7115 	EXP 	bottomTarget: autoDraw = True
16.7115 	EXP 	fixation: autoDraw = True
27.0024 	EXP 	window1: mouseVisible = True
