5.3455 	WARNING 	Couldn't measure a consistent frame rate.
  - Is your graphics card set to sync to vertical blank?
  - Are you running other processes on your computer?

5.3459 	EXP 	Created window1 = Window(allowGUI=False, allowStencil=False, args=UNKNOWN, autoLog=True, bitsMode=UNKNOWN, blendMode='avg', color=array([0., 0., 0.]), colorSpace='rgb', fullscr=<method-wrapper '__getattribute__' of attributeSetter object at 0x10e626c10>, gamma=None, kwargs=UNKNOWN, lms=UNKNOWN, monitor=<psychopy.monitors.calibTools.Monitor object at 0x11066bb50>, multiSample=False, name='window1', numSamples=2, pos=[0, 0], screen=0, size=array([1440,  900]), stereo=False, units=u'norm', useFBO=True, useRetina=False, viewOri=0.0, viewPos=None, viewScale=None, waitBlanking=True, winType=u'pyglet')
5.3459 	EXP 	window1: recordFrameIntervals = False
5.5638 	EXP 	window1: recordFrameIntervals = True
5.6809 	WARNING 	t of last frame was 33.16ms (=1/30)
5.7140 	WARNING 	t of last frame was 33.06ms (=1/30)
5.7856 	WARNING 	t of last frame was 21.50ms (=1/46)
5.8302 	WARNING 	t of last frame was 30.68ms (=1/32)
5.8986 	WARNING 	Multiple dropped frames have occurred - I'll stop bothering you about them!
7.8705 	WARNING 	Couldn't measure a consistent frame rate.
  - Is your graphics card set to sync to vertical blank?
  - Are you running other processes on your computer?

7.8840 	EXP 	Created rotatingDisk = GratingStim(autoDraw=False, autoLog=True, blendmode='avg', color=array([1., 1., 1.]), colorSpace='rgb', contrast=1.0, depth=0.0, interpolate=True, mask='circle', maskParams=None, name='rotatingDisk', opacity=1.0, ori=1.0, phase=array([0., 0.]), pos=array([0., 0.]), rgbPedestal=array([0., 0., 0.]), sf=array([1., 1.]), size=array([0.8, 0.8]), tex=ndarray(...), texRes=128, units='height', win=Window(...))
7.8956 	EXP 	Created topTarget = Polygon(autoDraw=False, autoLog=True, closeShape=True, color=method-wrapper(...), colorSpace=None, contrast=1.0, depth=-1.0, fillColor='red', fillColorSpace='named', fillRGB=array([255.,   0.,   0.]), interpolate=True, lineColor='red', lineColorSpace='named', lineRGB=array([255.,   0.,   0.]), lineWidth=1, name='topTarget', opacity=1.0, ori=array(0.), pos=array([0. , 0.3]), size=array([0.05, 0.05]), units='height', vertices=ndarray(...), win=Window(...))
7.9005 	EXP 	Created bottomTarget = Polygon(autoDraw=False, autoLog=True, closeShape=True, color=method-wrapper(...), colorSpace=None, contrast=1.0, depth=-2.0, fillColor='red', fillColorSpace='named', fillRGB=array([255.,   0.,   0.]), interpolate=True, lineColor='red', lineColorSpace='named', lineRGB=array([255.,   0.,   0.]), lineWidth=1, name='bottomTarget', opacity=1.0, ori=array(0.), pos=array([ 0. , -0.3]), size=array([0.05, 0.05]), units='height', vertices=ndarray(...), win=Window(...))
7.9062 	EXP 	Created fixation = Polygon(autoDraw=False, autoLog=True, closeShape=True, color=method-wrapper(...), colorSpace=None, contrast=1.0, depth=-3.0, fillColor='red', fillColorSpace='named', fillRGB=array([255.,   0.,   0.]), interpolate=True, lineColor=array([1., 1., 1.]), lineColorSpace='rgb', lineRGB=array([1., 1., 1.]), lineWidth=1, name='fixation', opacity=1.0, ori=array(0.), pos=array([0., 0.]), size=array([0.01, 0.01]), units='height', vertices=ndarray(...), win=Window(...))
7.9365 	EXP 	rotatingDisk: autoDraw = True
7.9365 	EXP 	topTarget: autoDraw = True
7.9365 	EXP 	bottomTarget: autoDraw = True
7.9365 	EXP 	fixation: autoDraw = True
18.1929 	EXP 	window1: mouseVisible = True
