latexmk -pdf -dvi- -ps-  '3days.tex'
Latexmk: applying rule 'pdflatex'...
This is pdfTeX, Version 3.14159265-2.6-1.40.17 (TeX Live 2016) (preloaded format=pdflatex)
 restricted \write18 enabled.
entering extended mode
(./3days.tex
LaTeX2e <2016/03/31>
Babel <3.9r> and hyphenation patterns for 83 language(s) loaded.
(./sphinxmanual.cls
Document Class: sphinxmanual 2018/12/23 v2.0 Document class (Sphinx manual)
(/usr/local/texlive/2016/texmf-dist/tex/latex/base/report.cls
Document Class: report 2014/09/29 v1.4h Standard LaTeX document class
(/usr/local/texlive/2016/texmf-dist/tex/latex/base/size10.clo)))
(/usr/local/texlive/2016/texmf-dist/tex/latex/base/inputenc.sty
(/usr/local/texlive/2016/texmf-dist/tex/latex/base/utf8.def
(/usr/local/texlive/2016/texmf-dist/tex/latex/base/t1enc.dfu)
(/usr/local/texlive/2016/texmf-dist/tex/latex/base/ot1enc.dfu)
(/usr/local/texlive/2016/texmf-dist/tex/latex/base/omsenc.dfu)))
(/usr/local/texlive/2016/texmf-dist/tex/latex/cmap/cmap.sty)
(/usr/local/texlive/2016/texmf-dist/tex/latex/base/fontenc.sty
(/usr/local/texlive/2016/texmf-dist/tex/latex/base/t1enc.def)<<t1.cmap>>)
(/usr/local/texlive/2016/texmf-dist/tex/latex/amsmath/amsmath.sty
For additional information on amsmath, use the `?' option.
(/usr/local/texlive/2016/texmf-dist/tex/latex/amsmath/amstext.sty
(/usr/local/texlive/2016/texmf-dist/tex/latex/amsmath/amsgen.sty))
(/usr/local/texlive/2016/texmf-dist/tex/latex/amsmath/amsbsy.sty)
(/usr/local/texlive/2016/texmf-dist/tex/latex/amsmath/amsopn.sty))
(/usr/local/texlive/2016/texmf-dist/tex/latex/amsfonts/amssymb.sty
(/usr/local/texlive/2016/texmf-dist/tex/latex/amsfonts/amsfonts.sty))
(/usr/local/texlive/2016/texmf-dist/tex/generic/babel/babel.sty
(/usr/local/texlive/2016/texmf-dist/tex/generic/babel-english/english.ldf
(/usr/local/texlive/2016/texmf-dist/tex/generic/babel/babel.def)))
(/usr/local/texlive/2016/texmf-dist/tex/latex/psnfss/times.sty)
(/usr/local/texlive/2016/texmf-dist/tex/latex/fncychap/fncychap.sty)
(./sphinx.sty
(/usr/local/texlive/2016/texmf-dist/tex/generic/oberdiek/ltxcmds.sty)
(/usr/local/texlive/2016/texmf-dist/tex/latex/graphics/graphicx.sty
(/usr/local/texlive/2016/texmf-dist/tex/latex/graphics/keyval.sty)
(/usr/local/texlive/2016/texmf-dist/tex/latex/graphics/graphics.sty
(/usr/local/texlive/2016/texmf-dist/tex/latex/graphics/trig.sty)
(/usr/local/texlive/2016/texmf-dist/tex/latex/graphics-cfg/graphics.cfg)
(/usr/local/texlive/2016/texmf-dist/tex/latex/pdftex-def/pdftex.def
(/usr/local/texlive/2016/texmf-dist/tex/generic/oberdiek/infwarerr.sty))))
(/usr/local/texlive/2016/texmf-dist/tex/latex/fancyhdr/fancyhdr.sty)
(/usr/local/texlive/2016/texmf-dist/tex/latex/base/textcomp.sty
(/usr/local/texlive/2016/texmf-dist/tex/latex/base/ts1enc.def
(/usr/local/texlive/2016/texmf-dist/tex/latex/base/ts1enc.dfu)))
(/usr/local/texlive/2016/texmf-dist/tex/latex/titlesec/titlesec.sty)
(/usr/local/texlive/2016/texmf-dist/tex/latex/tabulary/tabulary.sty
(/usr/local/texlive/2016/texmf-dist/tex/latex/tools/array.sty))
(/usr/local/texlive/2016/texmf-dist/tex/latex/tools/longtable.sty)
(/usr/local/texlive/2016/texmf-dist/tex/latex/varwidth/varwidth.sty)
(./sphinxmulticell.sty)
(/usr/local/texlive/2016/texmf-dist/tex/latex/base/makeidx.sty)
(/usr/local/texlive/2016/texmf-dist/tex/latex/framed/framed.sty)
(/usr/local/texlive/2016/texmf-dist/tex/latex/xcolor/xcolor.sty
(/usr/local/texlive/2016/texmf-dist/tex/latex/graphics-cfg/color.cfg))
(/usr/local/texlive/2016/texmf-dist/tex/latex/fancyvrb/fancyvrb.sty
Style option: `fancyvrb' v2.7a, with DG/SPQR fixes, and firstline=lastline fix 
<2008/02/07> (tvz)) (./footnotehyper-sphinx.sty)
(/usr/local/texlive/2016/texmf-dist/tex/latex/float/float.sty)
(/usr/local/texlive/2016/texmf-dist/tex/latex/wrapfig/wrapfig.sty)
(/usr/local/texlive/2016/texmf-dist/tex/latex/parskip/parskip.sty)
(/usr/local/texlive/2016/texmf-dist/tex/latex/base/alltt.sty)
(/usr/local/texlive/2016/texmf-dist/tex/latex/upquote/upquote.sty)
(/usr/local/texlive/2016/texmf-dist/tex/latex/capt-of/capt-of.sty)
(/usr/local/texlive/2016/texmf-dist/tex/latex/needspace/needspace.sty)
(/usr/local/texlive/2016/texmf-dist/tex/latex/carlisle/remreset.sty)
(./sphinxhighlight.sty)
(/usr/local/texlive/2016/texmf-dist/tex/latex/oberdiek/kvoptions.sty
(/usr/local/texlive/2016/texmf-dist/tex/generic/oberdiek/kvsetkeys.sty
(/usr/local/texlive/2016/texmf-dist/tex/generic/oberdiek/etexcmds.sty
(/usr/local/texlive/2016/texmf-dist/tex/generic/oberdiek/ifluatex.sty)))))
(/usr/local/texlive/2016/texmf-dist/tex/latex/geometry/geometry.sty
(/usr/local/texlive/2016/texmf-dist/tex/generic/oberdiek/ifpdf.sty)
(/usr/local/texlive/2016/texmf-dist/tex/generic/oberdiek/ifvtex.sty)
(/usr/local/texlive/2016/texmf-dist/tex/generic/ifxetex/ifxetex.sty))
(/usr/local/texlive/2016/texmf-dist/tex/latex/hyperref/hyperref.sty
(/usr/local/texlive/2016/texmf-dist/tex/generic/oberdiek/hobsub-hyperref.sty
(/usr/local/texlive/2016/texmf-dist/tex/generic/oberdiek/hobsub-generic.sty))
(/usr/local/texlive/2016/texmf-dist/tex/latex/oberdiek/auxhook.sty)
(/usr/local/texlive/2016/texmf-dist/tex/latex/hyperref/pd1enc.def)
(/usr/local/texlive/2016/texmf-dist/tex/latex/latexconfig/hyperref.cfg)
(/usr/local/texlive/2016/texmf-dist/tex/latex/hyperref/puenc.def)
(/usr/local/texlive/2016/texmf-dist/tex/latex/url/url.sty))

Package hyperref Message: Driver (autodetected): hpdftex.

(/usr/local/texlive/2016/texmf-dist/tex/latex/hyperref/hpdftex.def
(/usr/local/texlive/2016/texmf-dist/tex/latex/oberdiek/rerunfilecheck.sty))
(/usr/local/texlive/2016/texmf-dist/tex/latex/oberdiek/hypcap.sty)
(./sphinxmessages.sty)
Writing index file 3days.idx
(./3days.aux) (/usr/local/texlive/2016/texmf-dist/tex/latex/base/ts1cmr.fd)
(/usr/local/texlive/2016/texmf-dist/tex/latex/psnfss/t1ptm.fd)
(/usr/local/texlive/2016/texmf-dist/tex/context/base/mkii/supp-pdf.mkii
[Loading MPS to PDF converter (version 2006.09.02).]
) (/usr/local/texlive/2016/texmf-dist/tex/latex/oberdiek/epstopdf-base.sty
(/usr/local/texlive/2016/texmf-dist/tex/latex/oberdiek/grfext.sty)
(/usr/local/texlive/2016/texmf-dist/tex/latex/latexconfig/epstopdf-sys.cfg))
*geometry* driver: auto-detecting
*geometry* detected driver: pdftex
(/usr/local/texlive/2016/texmf-dist/tex/latex/hyperref/nameref.sty
(/usr/local/texlive/2016/texmf-dist/tex/generic/oberdiek/gettitlestring.sty))
(./3days.out) (./3days.out)
(/usr/local/texlive/2016/texmf-dist/tex/latex/psnfss/t1phv.fd)<<ot1.cmap>><<oml
.cmap>><<oms.cmap>><<omx.cmap>>
(/usr/local/texlive/2016/texmf-dist/tex/latex/amsfonts/umsa.fd)
(/usr/local/texlive/2016/texmf-dist/tex/latex/amsfonts/umsb.fd) [1{/usr/local/t
exlive/2016/texmf-var/fonts/map/pdftex/updmap/pdftex.map}] [2] (./3days.toc)
[1] [2]
Chapter 1.
(/usr/local/texlive/2016/texmf-dist/tex/latex/psnfss/ts1ptm.fd)
<nott_logo.png, id=63, 175.65625pt x 73.27374pt>
(/usr/local/texlive/2016/texmf-dist/tex/latex/psnfss/t1pcr.fd)
<use nott_logo.png> [1 <./nott_logo.png>]
<coderView.png, id=77, 1014.79124pt x 1090.0725pt> <use coderView.png>
<builderView.png, id=78, 1251.67625pt x 839.135pt> <use builderView.png>
[2] [3 <./coderView.png>] [4 <./builderView.png>]
Chapter 2.
<flowStroop.png, id=106, 715.67375pt x 125.46875pt> <use flowStroop.png>
<routineStroop.png, id=107, 827.09pt x 319.1925pt> <use routineStroop.png>
[5 <./flowStroop.png>] <componentsView.png, id=117, 196.735pt x 398.48875pt>
<use componentsView.png> [6 <./routineStroop.png>]
<preferences128.png, id=123, 128.48pt x 128.48pt> <use preferences128.png>
[7 <./componentsView.png> <./preferences128.png>]
<monitors128.png, id=132, 128.48pt x 128.48pt> <use monitors128.png>
<settingsExp128.png, id=133, 128.48pt x 128.48pt> <use settingsExp128.png>
<compile128.png, id=134, 128.48pt x 128.48pt> <use compile128.png>
<run128.png, id=135, 128.48pt x 128.48pt> <use run128.png>
<stop128.png, id=136, 128.48pt x 128.48pt> <use stop128.png> [8 <./monitors128.
png> <./settingsExp128.png> <./compile128.png> <./run128.png>]

LaTeX Warning: Citation `buildingBetter:erikson' on page 9 undefined on input l
ine 370.

[9 <./stop128.png>] <textAdd.png, id=156, 60.225pt x 59.22125pt>
<use textAdd.png> <textDlg1st.png, id=157, 722.7pt x 776.9025pt>
<use textDlg1st.png>
<flowClickInsertLoop.png, id=158, 502.87875pt x 85.31876pt>
<use flowClickInsertLoop.png>
<flowInsertLoopStart.png, id=159, 456.70625pt x 88.33pt>
<use flowInsertLoopStart.png> [10 <./textAdd.png> <./flowClickInsertLoop.png>]
[11 <./textDlg1st.png>] <loopDlg.png, id=173, 470.75874pt x 357.335pt>
<use loopDlg.png> <loopDlgComplete.png, id=174, 464.73625pt x 352.31625pt>
<use loopDlgComplete.png> [12 <./flowInsertLoopStart.png> <./loopDlg.png>]
<flowWithLoop.png, id=181, 379.4175pt x 100.375pt> <use flowWithLoop.png>
[13 <./loopDlgComplete.png> <./flowWithLoop.png>]
<keyboardDlg.png, id=190, 582.175pt x 524.96124pt> <use keyboardDlg.png>
<routineFlankerText.png, id=191, 879.285pt x 420.57124pt>
<use routineFlankerText.png> [14 <./keyboardDlg.png>]
<addRoutine.png, id=197, 368.37625pt x 111.41624pt> <use addRoutine.png>
[15 <./routineFlankerText.png> <./addRoutine.png>] <use settingsExp128.png>
<expSettingsFlanker.png, id=207, 436.63126pt x 413.545pt>
<use expSettingsFlanker.png> [16]
Overfull \hbox (162.1762pt too wide) in paragraph at lines 691--691
[]

Underfull \hbox (badness 10000) in paragraph at lines 691--691

[17 <./expSettingsFlanker.png>]
<routineTextReveal.png, id=221, 846.16125pt x 216.81pt>
<use routineTextReveal.png> [18]
<revealMaskProperties.png, id=230, 540.0175pt x 531.9875pt>
<use revealMaskProperties.png> [19 <./routineTextReveal.png> <./revealMaskPrope
rties.png>] <heart_red.png, id=238, 141.62404pt x 137.22151pt>
<use heart_red.png> <flowBlocksWrong.png, id=239, 923.45pt x 163.61125pt>
<use flowBlocksWrong.png> [20 <./heart_red.png> <./flowBlocksWrong.png>]
<flowBlocksRight.png, id=251, 698.61pt x 162.6075pt> <use flowBlocksRight.png>
[21 <./flowBlocksRight.png>]
<blocksMethodB_blockLoop.png, id=260, 465.74pt x 351.3125pt>
<use blocksMethodB_blockLoop.png>
<blocksMethodBFullFlow.png, id=261, 952.55875pt x 151.56625pt>
<use blocksMethodBFullFlow.png> [22 <./blocksMethodB_blockLoop.png> <./blocksMe
thodBFullFlow.png>] [23] [24]
Chapter 3.
[25] [26]
Chapter 4.
[27] (/usr/local/texlive/2016/texmf-dist/tex/latex/psnfss/ts1pcr.fd) [28]
[29] [30] [31] [32] [33] [34]
Chapter 5.

Overfull \hbox (83.70699pt too wide) in paragraph at lines 1954--1955
[]

Underfull \hbox (badness 10000) in paragraph at lines 1954--1955

[35] [36] [37] [38] [39] [40] [41] [42] [43] [44] [45] [46] [47] [48] [49]
[50] [51] [52]
Overfull \vbox (4.16429pt too high) detected at line 3236
[53] [54] [55] [56] [57] [58] [59] [60] [61] [62] [63] [64]
Chapter 6.
[65] [66] [67] [68] (./3days.ind) [69] (./3days.aux)

Package rerunfilecheck Warning: File `3days.out' has changed.
(rerunfilecheck)                Rerun to get outlines right
(rerunfilecheck)                or use package `bookmark'.


LaTeX Warning: There were undefined references.


LaTeX Warning: Label(s) may have changed. Rerun to get cross-references right.

 )
(see the transcript file for additional information)pdfTeX warning (dest): name
{chapter*.16} has been referenced but does not exist, replaced by a fixed one

{/usr/local/texlive/2016/texmf-dist/fonts/enc/dvips/base/8r.enc}</usr/local/tex
live/2016/texmf-dist/fonts/type1/public/amsfonts/cm/cmmi5.pfb></usr/local/texli
ve/2016/texmf-dist/fonts/type1/public/amsfonts/cm/cmsy5.pfb></usr/local/texlive
/2016/texmf-dist/fonts/type1/urw/courier/ucrb8a.pfb></usr/local/texlive/2016/te
xmf-dist/fonts/type1/urw/courier/ucrr8a.pfb></usr/local/texlive/2016/texmf-dist
/fonts/type1/urw/courier/ucrro8a.pfb></usr/local/texlive/2016/texmf-dist/fonts/
type1/urw/helvetic/uhvb8a.pfb></usr/local/texlive/2016/texmf-dist/fonts/type1/u
rw/helvetic/uhvbo8a.pfb></usr/local/texlive/2016/texmf-dist/fonts/type1/urw/hel
vetic/uhvr8a.pfb></usr/local/texlive/2016/texmf-dist/fonts/type1/urw/times/utmb
8a.pfb></usr/local/texlive/2016/texmf-dist/fonts/type1/urw/times/utmbi8a.pfb></
usr/local/texlive/2016/texmf-dist/fonts/type1/urw/times/utmr8a.pfb></usr/local/
texlive/2016/texmf-dist/fonts/type1/urw/times/utmri8a.pfb>
Output written on 3days.pdf (73 pages, 1450682 bytes).
Transcript written on 3days.log.
Latexmk: applying rule 'pdflatex'...
This is pdfTeX, Version 3.14159265-2.6-1.40.17 (TeX Live 2016) (preloaded format=pdflatex)
 restricted \write18 enabled.
entering extended mode
(./3days.tex
LaTeX2e <2016/03/31>
Babel <3.9r> and hyphenation patterns for 83 language(s) loaded.
(./sphinxmanual.cls
Document Class: sphinxmanual 2018/12/23 v2.0 Document class (Sphinx manual)
(/usr/local/texlive/2016/texmf-dist/tex/latex/base/report.cls
Document Class: report 2014/09/29 v1.4h Standard LaTeX document class
(/usr/local/texlive/2016/texmf-dist/tex/latex/base/size10.clo)))
(/usr/local/texlive/2016/texmf-dist/tex/latex/base/inputenc.sty
(/usr/local/texlive/2016/texmf-dist/tex/latex/base/utf8.def
(/usr/local/texlive/2016/texmf-dist/tex/latex/base/t1enc.dfu)
(/usr/local/texlive/2016/texmf-dist/tex/latex/base/ot1enc.dfu)
(/usr/local/texlive/2016/texmf-dist/tex/latex/base/omsenc.dfu)))
(/usr/local/texlive/2016/texmf-dist/tex/latex/cmap/cmap.sty)
(/usr/local/texlive/2016/texmf-dist/tex/latex/base/fontenc.sty
(/usr/local/texlive/2016/texmf-dist/tex/latex/base/t1enc.def)<<t1.cmap>>)
(/usr/local/texlive/2016/texmf-dist/tex/latex/amsmath/amsmath.sty
For additional information on amsmath, use the `?' option.
(/usr/local/texlive/2016/texmf-dist/tex/latex/amsmath/amstext.sty
(/usr/local/texlive/2016/texmf-dist/tex/latex/amsmath/amsgen.sty))
(/usr/local/texlive/2016/texmf-dist/tex/latex/amsmath/amsbsy.sty)
(/usr/local/texlive/2016/texmf-dist/tex/latex/amsmath/amsopn.sty))
(/usr/local/texlive/2016/texmf-dist/tex/latex/amsfonts/amssymb.sty
(/usr/local/texlive/2016/texmf-dist/tex/latex/amsfonts/amsfonts.sty))
(/usr/local/texlive/2016/texmf-dist/tex/generic/babel/babel.sty
(/usr/local/texlive/2016/texmf-dist/tex/generic/babel-english/english.ldf
(/usr/local/texlive/2016/texmf-dist/tex/generic/babel/babel.def)))
(/usr/local/texlive/2016/texmf-dist/tex/latex/psnfss/times.sty)
(/usr/local/texlive/2016/texmf-dist/tex/latex/fncychap/fncychap.sty)
(./sphinx.sty
(/usr/local/texlive/2016/texmf-dist/tex/generic/oberdiek/ltxcmds.sty)
(/usr/local/texlive/2016/texmf-dist/tex/latex/graphics/graphicx.sty
(/usr/local/texlive/2016/texmf-dist/tex/latex/graphics/keyval.sty)
(/usr/local/texlive/2016/texmf-dist/tex/latex/graphics/graphics.sty
(/usr/local/texlive/2016/texmf-dist/tex/latex/graphics/trig.sty)
(/usr/local/texlive/2016/texmf-dist/tex/latex/graphics-cfg/graphics.cfg)
(/usr/local/texlive/2016/texmf-dist/tex/latex/pdftex-def/pdftex.def
(/usr/local/texlive/2016/texmf-dist/tex/generic/oberdiek/infwarerr.sty))))
(/usr/local/texlive/2016/texmf-dist/tex/latex/fancyhdr/fancyhdr.sty)
(/usr/local/texlive/2016/texmf-dist/tex/latex/base/textcomp.sty
(/usr/local/texlive/2016/texmf-dist/tex/latex/base/ts1enc.def
(/usr/local/texlive/2016/texmf-dist/tex/latex/base/ts1enc.dfu)))
(/usr/local/texlive/2016/texmf-dist/tex/latex/titlesec/titlesec.sty)
(/usr/local/texlive/2016/texmf-dist/tex/latex/tabulary/tabulary.sty
(/usr/local/texlive/2016/texmf-dist/tex/latex/tools/array.sty))
(/usr/local/texlive/2016/texmf-dist/tex/latex/tools/longtable.sty)
(/usr/local/texlive/2016/texmf-dist/tex/latex/varwidth/varwidth.sty)
(./sphinxmulticell.sty)
(/usr/local/texlive/2016/texmf-dist/tex/latex/base/makeidx.sty)
(/usr/local/texlive/2016/texmf-dist/tex/latex/framed/framed.sty)
(/usr/local/texlive/2016/texmf-dist/tex/latex/xcolor/xcolor.sty
(/usr/local/texlive/2016/texmf-dist/tex/latex/graphics-cfg/color.cfg))
(/usr/local/texlive/2016/texmf-dist/tex/latex/fancyvrb/fancyvrb.sty
Style option: `fancyvrb' v2.7a, with DG/SPQR fixes, and firstline=lastline fix 
<2008/02/07> (tvz)) (./footnotehyper-sphinx.sty)
(/usr/local/texlive/2016/texmf-dist/tex/latex/float/float.sty)
(/usr/local/texlive/2016/texmf-dist/tex/latex/wrapfig/wrapfig.sty)
(/usr/local/texlive/2016/texmf-dist/tex/latex/parskip/parskip.sty)
(/usr/local/texlive/2016/texmf-dist/tex/latex/base/alltt.sty)
(/usr/local/texlive/2016/texmf-dist/tex/latex/upquote/upquote.sty)
(/usr/local/texlive/2016/texmf-dist/tex/latex/capt-of/capt-of.sty)
(/usr/local/texlive/2016/texmf-dist/tex/latex/needspace/needspace.sty)
(/usr/local/texlive/2016/texmf-dist/tex/latex/carlisle/remreset.sty)
(./sphinxhighlight.sty)
(/usr/local/texlive/2016/texmf-dist/tex/latex/oberdiek/kvoptions.sty
(/usr/local/texlive/2016/texmf-dist/tex/generic/oberdiek/kvsetkeys.sty
(/usr/local/texlive/2016/texmf-dist/tex/generic/oberdiek/etexcmds.sty
(/usr/local/texlive/2016/texmf-dist/tex/generic/oberdiek/ifluatex.sty)))))
(/usr/local/texlive/2016/texmf-dist/tex/latex/geometry/geometry.sty
(/usr/local/texlive/2016/texmf-dist/tex/generic/oberdiek/ifpdf.sty)
(/usr/local/texlive/2016/texmf-dist/tex/generic/oberdiek/ifvtex.sty)
(/usr/local/texlive/2016/texmf-dist/tex/generic/ifxetex/ifxetex.sty))
(/usr/local/texlive/2016/texmf-dist/tex/latex/hyperref/hyperref.sty
(/usr/local/texlive/2016/texmf-dist/tex/generic/oberdiek/hobsub-hyperref.sty
(/usr/local/texlive/2016/texmf-dist/tex/generic/oberdiek/hobsub-generic.sty))
(/usr/local/texlive/2016/texmf-dist/tex/latex/oberdiek/auxhook.sty)
(/usr/local/texlive/2016/texmf-dist/tex/latex/hyperref/pd1enc.def)
(/usr/local/texlive/2016/texmf-dist/tex/latex/latexconfig/hyperref.cfg)
(/usr/local/texlive/2016/texmf-dist/tex/latex/hyperref/puenc.def)
(/usr/local/texlive/2016/texmf-dist/tex/latex/url/url.sty))

Package hyperref Message: Driver (autodetected): hpdftex.

(/usr/local/texlive/2016/texmf-dist/tex/latex/hyperref/hpdftex.def
(/usr/local/texlive/2016/texmf-dist/tex/latex/oberdiek/rerunfilecheck.sty))
(/usr/local/texlive/2016/texmf-dist/tex/latex/oberdiek/hypcap.sty)
(./sphinxmessages.sty)
Writing index file 3days.idx
(./3days.aux) (/usr/local/texlive/2016/texmf-dist/tex/latex/base/ts1cmr.fd)
(/usr/local/texlive/2016/texmf-dist/tex/latex/psnfss/t1ptm.fd)
(/usr/local/texlive/2016/texmf-dist/tex/context/base/mkii/supp-pdf.mkii
[Loading MPS to PDF converter (version 2006.09.02).]
) (/usr/local/texlive/2016/texmf-dist/tex/latex/oberdiek/epstopdf-base.sty
(/usr/local/texlive/2016/texmf-dist/tex/latex/oberdiek/grfext.sty)
(/usr/local/texlive/2016/texmf-dist/tex/latex/latexconfig/epstopdf-sys.cfg))
*geometry* driver: auto-detecting
*geometry* detected driver: pdftex
(/usr/local/texlive/2016/texmf-dist/tex/latex/hyperref/nameref.sty
(/usr/local/texlive/2016/texmf-dist/tex/generic/oberdiek/gettitlestring.sty))
(./3days.out) (./3days.out)
(/usr/local/texlive/2016/texmf-dist/tex/latex/psnfss/t1phv.fd)<<ot1.cmap>><<oml
.cmap>><<oms.cmap>><<omx.cmap>>
(/usr/local/texlive/2016/texmf-dist/tex/latex/amsfonts/umsa.fd)
(/usr/local/texlive/2016/texmf-dist/tex/latex/amsfonts/umsb.fd) [1{/usr/local/t
exlive/2016/texmf-var/fonts/map/pdftex/updmap/pdftex.map}] [2] (./3days.toc)
[1] [2]
Chapter 1.
(/usr/local/texlive/2016/texmf-dist/tex/latex/psnfss/ts1ptm.fd)
<nott_logo.png, id=63, 175.65625pt x 73.27374pt>
(/usr/local/texlive/2016/texmf-dist/tex/latex/psnfss/t1pcr.fd)
<use nott_logo.png> [1 <./nott_logo.png>]
<coderView.png, id=77, 1014.79124pt x 1090.0725pt> <use coderView.png>
<builderView.png, id=78, 1251.67625pt x 839.135pt> <use builderView.png>
[2] [3 <./coderView.png>] [4 <./builderView.png>]
Chapter 2.
<flowStroop.png, id=106, 715.67375pt x 125.46875pt> <use flowStroop.png>
<routineStroop.png, id=107, 827.09pt x 319.1925pt> <use routineStroop.png>
[5 <./flowStroop.png>] <componentsView.png, id=117, 196.735pt x 398.48875pt>
<use componentsView.png> [6 <./routineStroop.png>]
<preferences128.png, id=123, 128.48pt x 128.48pt> <use preferences128.png>
[7 <./componentsView.png> <./preferences128.png>]
<monitors128.png, id=132, 128.48pt x 128.48pt> <use monitors128.png>
<settingsExp128.png, id=133, 128.48pt x 128.48pt> <use settingsExp128.png>
<compile128.png, id=134, 128.48pt x 128.48pt> <use compile128.png>
<run128.png, id=135, 128.48pt x 128.48pt> <use run128.png>
<stop128.png, id=136, 128.48pt x 128.48pt> <use stop128.png> [8 <./monitors128.
png> <./settingsExp128.png> <./compile128.png> <./run128.png>] [9 <./stop128.pn
g>] <textAdd.png, id=158, 60.225pt x 59.22125pt> <use textAdd.png>
<textDlg1st.png, id=159, 722.7pt x 776.9025pt> <use textDlg1st.png>
<flowClickInsertLoop.png, id=160, 502.87875pt x 85.31876pt>
<use flowClickInsertLoop.png>
<flowInsertLoopStart.png, id=161, 456.70625pt x 88.33pt>
<use flowInsertLoopStart.png> [10 <./textAdd.png> <./flowClickInsertLoop.png>]
[11 <./textDlg1st.png>] <loopDlg.png, id=175, 470.75874pt x 357.335pt>
<use loopDlg.png> <loopDlgComplete.png, id=176, 464.73625pt x 352.31625pt>
<use loopDlgComplete.png> [12 <./flowInsertLoopStart.png> <./loopDlg.png>]
<flowWithLoop.png, id=184, 379.4175pt x 100.375pt> <use flowWithLoop.png>
[13 <./loopDlgComplete.png> <./flowWithLoop.png>]
<keyboardDlg.png, id=192, 582.175pt x 524.96124pt> <use keyboardDlg.png>
<routineFlankerText.png, id=193, 879.285pt x 420.57124pt>
<use routineFlankerText.png> [14 <./keyboardDlg.png>]
<addRoutine.png, id=199, 368.37625pt x 111.41624pt> <use addRoutine.png>
[15 <./routineFlankerText.png> <./addRoutine.png>] <use settingsExp128.png>
<expSettingsFlanker.png, id=209, 436.63126pt x 413.545pt>
<use expSettingsFlanker.png> [16]
Overfull \hbox (162.1762pt too wide) in paragraph at lines 691--691
[]

Underfull \hbox (badness 10000) in paragraph at lines 691--691

[17 <./expSettingsFlanker.png>]
<routineTextReveal.png, id=223, 846.16125pt x 216.81pt>
<use routineTextReveal.png> [18]
<revealMaskProperties.png, id=232, 540.0175pt x 531.9875pt>
<use revealMaskProperties.png> [19 <./routineTextReveal.png> <./revealMaskPrope
rties.png>] <heart_red.png, id=240, 141.62404pt x 137.22151pt>
<use heart_red.png> <flowBlocksWrong.png, id=241, 923.45pt x 163.61125pt>
<use flowBlocksWrong.png> [20 <./heart_red.png> <./flowBlocksWrong.png>]
<flowBlocksRight.png, id=253, 698.61pt x 162.6075pt> <use flowBlocksRight.png>
[21 <./flowBlocksRight.png>]
<blocksMethodB_blockLoop.png, id=262, 465.74pt x 351.3125pt>
<use blocksMethodB_blockLoop.png>
<blocksMethodBFullFlow.png, id=263, 952.55875pt x 151.56625pt>
<use blocksMethodBFullFlow.png> [22 <./blocksMethodB_blockLoop.png> <./blocksMe
thodBFullFlow.png>] [23] [24]
Chapter 3.
[25] [26]
Chapter 4.
[27] (/usr/local/texlive/2016/texmf-dist/tex/latex/psnfss/ts1pcr.fd) [28]
[29] [30] [31] [32] [33] [34]
Chapter 5.

Overfull \hbox (83.70699pt too wide) in paragraph at lines 1954--1955
[]

Underfull \hbox (badness 10000) in paragraph at lines 1954--1955

[35] [36] [37] [38] [39] [40] [41] [42] [43] [44] [45] [46] [47] [48] [49]
[50] [51] [52]
Overfull \vbox (4.16429pt too high) detected at line 3236
[53] [54] [55] [56] [57] [58] [59] [60] [61] [62] [63] [64]
Chapter 6.
[65] [66] [67] [68] (./3days.ind) [69] (./3days.aux) )
(see the transcript file for additional information){/usr/local/texlive/2016/te
xmf-dist/fonts/enc/dvips/base/8r.enc}</usr/local/texlive/2016/texmf-dist/fonts/
type1/public/amsfonts/cm/cmmi5.pfb></usr/local/texlive/2016/texmf-dist/fonts/ty
pe1/public/amsfonts/cm/cmsy5.pfb></usr/local/texlive/2016/texmf-dist/fonts/type
1/urw/courier/ucrb8a.pfb></usr/local/texlive/2016/texmf-dist/fonts/type1/urw/co
urier/ucrr8a.pfb></usr/local/texlive/2016/texmf-dist/fonts/type1/urw/courier/uc
rro8a.pfb></usr/local/texlive/2016/texmf-dist/fonts/type1/urw/helvetic/uhvb8a.p
fb></usr/local/texlive/2016/texmf-dist/fonts/type1/urw/helvetic/uhvbo8a.pfb></u
sr/local/texlive/2016/texmf-dist/fonts/type1/urw/helvetic/uhvr8a.pfb></usr/loca
l/texlive/2016/texmf-dist/fonts/type1/urw/times/utmb8a.pfb></usr/local/texlive/
2016/texmf-dist/fonts/type1/urw/times/utmbi8a.pfb></usr/local/texlive/2016/texm
f-dist/fonts/type1/urw/times/utmr8a.pfb></usr/local/texlive/2016/texmf-dist/fon
ts/type1/urw/times/utmri8a.pfb>
Output written on 3days.pdf (73 pages, 1454860 bytes).
Transcript written on 3days.log.
Latexmk: All targets (3days.pdf) are up-to-date
latexmk -pdf -dvi- -ps-  '3days2019.tex'
Latexmk: applying rule 'pdflatex'...
This is pdfTeX, Version 3.14159265-2.6-1.40.17 (TeX Live 2016) (preloaded format=pdflatex)
 restricted \write18 enabled.
entering extended mode
(./3days2019.tex
LaTeX2e <2016/03/31>
Babel <3.9r> and hyphenation patterns for 83 language(s) loaded.
(./sphinxmanual.cls
Document Class: sphinxmanual 2018/12/23 v2.0 Document class (Sphinx manual)
(/usr/local/texlive/2016/texmf-dist/tex/latex/base/report.cls
Document Class: report 2014/09/29 v1.4h Standard LaTeX document class
(/usr/local/texlive/2016/texmf-dist/tex/latex/base/size10.clo)))
(/usr/local/texlive/2016/texmf-dist/tex/latex/base/inputenc.sty
(/usr/local/texlive/2016/texmf-dist/tex/latex/base/utf8.def
(/usr/local/texlive/2016/texmf-dist/tex/latex/base/t1enc.dfu)
(/usr/local/texlive/2016/texmf-dist/tex/latex/base/ot1enc.dfu)
(/usr/local/texlive/2016/texmf-dist/tex/latex/base/omsenc.dfu)))
(/usr/local/texlive/2016/texmf-dist/tex/latex/cmap/cmap.sty)
(/usr/local/texlive/2016/texmf-dist/tex/latex/base/fontenc.sty
(/usr/local/texlive/2016/texmf-dist/tex/latex/base/t1enc.def)<<t1.cmap>>)
(/usr/local/texlive/2016/texmf-dist/tex/latex/amsmath/amsmath.sty
For additional information on amsmath, use the `?' option.
(/usr/local/texlive/2016/texmf-dist/tex/latex/amsmath/amstext.sty
(/usr/local/texlive/2016/texmf-dist/tex/latex/amsmath/amsgen.sty))
(/usr/local/texlive/2016/texmf-dist/tex/latex/amsmath/amsbsy.sty)
(/usr/local/texlive/2016/texmf-dist/tex/latex/amsmath/amsopn.sty))
(/usr/local/texlive/2016/texmf-dist/tex/latex/amsfonts/amssymb.sty
(/usr/local/texlive/2016/texmf-dist/tex/latex/amsfonts/amsfonts.sty))
(/usr/local/texlive/2016/texmf-dist/tex/generic/babel/babel.sty
(/usr/local/texlive/2016/texmf-dist/tex/generic/babel-english/english.ldf
(/usr/local/texlive/2016/texmf-dist/tex/generic/babel/babel.def)))
(/usr/local/texlive/2016/texmf-dist/tex/latex/psnfss/times.sty)
(/usr/local/texlive/2016/texmf-dist/tex/latex/fncychap/fncychap.sty)
(./sphinx.sty
(/usr/local/texlive/2016/texmf-dist/tex/generic/oberdiek/ltxcmds.sty)
(/usr/local/texlive/2016/texmf-dist/tex/latex/graphics/graphicx.sty
(/usr/local/texlive/2016/texmf-dist/tex/latex/graphics/keyval.sty)
(/usr/local/texlive/2016/texmf-dist/tex/latex/graphics/graphics.sty
(/usr/local/texlive/2016/texmf-dist/tex/latex/graphics/trig.sty)
(/usr/local/texlive/2016/texmf-dist/tex/latex/graphics-cfg/graphics.cfg)
(/usr/local/texlive/2016/texmf-dist/tex/latex/pdftex-def/pdftex.def
(/usr/local/texlive/2016/texmf-dist/tex/generic/oberdiek/infwarerr.sty))))
(/usr/local/texlive/2016/texmf-dist/tex/latex/fancyhdr/fancyhdr.sty)
(/usr/local/texlive/2016/texmf-dist/tex/latex/base/textcomp.sty
(/usr/local/texlive/2016/texmf-dist/tex/latex/base/ts1enc.def
(/usr/local/texlive/2016/texmf-dist/tex/latex/base/ts1enc.dfu)))
(/usr/local/texlive/2016/texmf-dist/tex/latex/titlesec/titlesec.sty)
(/usr/local/texlive/2016/texmf-dist/tex/latex/tabulary/tabulary.sty
(/usr/local/texlive/2016/texmf-dist/tex/latex/tools/array.sty))
(/usr/local/texlive/2016/texmf-dist/tex/latex/tools/longtable.sty)
(/usr/local/texlive/2016/texmf-dist/tex/latex/varwidth/varwidth.sty)
(./sphinxmulticell.sty)
(/usr/local/texlive/2016/texmf-dist/tex/latex/base/makeidx.sty)
(/usr/local/texlive/2016/texmf-dist/tex/latex/framed/framed.sty)
(/usr/local/texlive/2016/texmf-dist/tex/latex/xcolor/xcolor.sty
(/usr/local/texlive/2016/texmf-dist/tex/latex/graphics-cfg/color.cfg))
(/usr/local/texlive/2016/texmf-dist/tex/latex/fancyvrb/fancyvrb.sty
Style option: `fancyvrb' v2.7a, with DG/SPQR fixes, and firstline=lastline fix 
<2008/02/07> (tvz)) (./footnotehyper-sphinx.sty)
(/usr/local/texlive/2016/texmf-dist/tex/latex/float/float.sty)
(/usr/local/texlive/2016/texmf-dist/tex/latex/wrapfig/wrapfig.sty)
(/usr/local/texlive/2016/texmf-dist/tex/latex/parskip/parskip.sty)
(/usr/local/texlive/2016/texmf-dist/tex/latex/base/alltt.sty)
(/usr/local/texlive/2016/texmf-dist/tex/latex/upquote/upquote.sty)
(/usr/local/texlive/2016/texmf-dist/tex/latex/capt-of/capt-of.sty)
(/usr/local/texlive/2016/texmf-dist/tex/latex/needspace/needspace.sty)
(/usr/local/texlive/2016/texmf-dist/tex/latex/carlisle/remreset.sty)
(./sphinxhighlight.sty)
(/usr/local/texlive/2016/texmf-dist/tex/latex/oberdiek/kvoptions.sty
(/usr/local/texlive/2016/texmf-dist/tex/generic/oberdiek/kvsetkeys.sty
(/usr/local/texlive/2016/texmf-dist/tex/generic/oberdiek/etexcmds.sty
(/usr/local/texlive/2016/texmf-dist/tex/generic/oberdiek/ifluatex.sty)))))
(/usr/local/texlive/2016/texmf-dist/tex/latex/geometry/geometry.sty
(/usr/local/texlive/2016/texmf-dist/tex/generic/oberdiek/ifpdf.sty)
(/usr/local/texlive/2016/texmf-dist/tex/generic/oberdiek/ifvtex.sty)
(/usr/local/texlive/2016/texmf-dist/tex/generic/ifxetex/ifxetex.sty))
(/usr/local/texlive/2016/texmf-dist/tex/latex/hyperref/hyperref.sty
(/usr/local/texlive/2016/texmf-dist/tex/generic/oberdiek/hobsub-hyperref.sty
(/usr/local/texlive/2016/texmf-dist/tex/generic/oberdiek/hobsub-generic.sty))
(/usr/local/texlive/2016/texmf-dist/tex/latex/oberdiek/auxhook.sty)
(/usr/local/texlive/2016/texmf-dist/tex/latex/hyperref/pd1enc.def)
(/usr/local/texlive/2016/texmf-dist/tex/latex/latexconfig/hyperref.cfg)
(/usr/local/texlive/2016/texmf-dist/tex/latex/hyperref/puenc.def)
(/usr/local/texlive/2016/texmf-dist/tex/latex/url/url.sty))

Package hyperref Message: Driver (autodetected): hpdftex.

(/usr/local/texlive/2016/texmf-dist/tex/latex/hyperref/hpdftex.def
(/usr/local/texlive/2016/texmf-dist/tex/latex/oberdiek/rerunfilecheck.sty))
(/usr/local/texlive/2016/texmf-dist/tex/latex/oberdiek/hypcap.sty)
Writing index file 3days2019.idx
(./3days2019.aux) (/usr/local/texlive/2016/texmf-dist/tex/latex/base/ts1cmr.fd)
(/usr/local/texlive/2016/texmf-dist/tex/latex/psnfss/t1ptm.fd)
(/usr/local/texlive/2016/texmf-dist/tex/context/base/mkii/supp-pdf.mkii
[Loading MPS to PDF converter (version 2006.09.02).]
) (/usr/local/texlive/2016/texmf-dist/tex/latex/oberdiek/epstopdf-base.sty
(/usr/local/texlive/2016/texmf-dist/tex/latex/oberdiek/grfext.sty)
(/usr/local/texlive/2016/texmf-dist/tex/latex/latexconfig/epstopdf-sys.cfg))
*geometry* driver: auto-detecting
*geometry* detected driver: pdftex
(/usr/local/texlive/2016/texmf-dist/tex/latex/hyperref/nameref.sty
(/usr/local/texlive/2016/texmf-dist/tex/generic/oberdiek/gettitlestring.sty))
(./3days2019.out) (./3days2019.out)<<ot1.cmap>><<oml.cmap>><<oms.cmap>><<omx.cm
ap>> (/usr/local/texlive/2016/texmf-dist/tex/latex/amsfonts/umsa.fd)
(/usr/local/texlive/2016/texmf-dist/tex/latex/amsfonts/umsb.fd) [1{/usr/local/t
exlive/2016/texmf-var/fonts/map/pdftex/updmap/pdftex.map}]
(/usr/local/texlive/2016/texmf-dist/tex/latex/psnfss/t1phv.fd) (./3days2019.toc
) [1] [2]
Chapter 1.
(/usr/local/texlive/2016/texmf-dist/tex/latex/psnfss/ts1ptm.fd)
<flowStroop.png, id=61, 715.67375pt x 125.46875pt>
(/usr/local/texlive/2016/texmf-dist/tex/latex/psnfss/t1pcr.fd)
<use flowStroop.png> <routineStroop.png, id=63, 827.09pt x 319.1925pt>
<use routineStroop.png>pdfTeX warning (ext4): destination with the same identif
ier (name{page.1}) has been already used, duplicate ignored
<to be read again> 
                   \relax 
l.129 T
       he ‘trial’ Routine in the basic Stroop task. You can see there ar...
[1 <./flowStroop.png>] <componentsView.png, id=74, 196.735pt x 398.48875pt>
<use componentsView.png> [2 <./routineStroop.png>]
<preferences128.png, id=81, 128.48pt x 128.48pt> <use preferences128.png>
[3 <./componentsView.png> <./preferences128.png>]
<monitors128.png, id=89, 128.48pt x 128.48pt> <use monitors128.png>
<settingsExp128.png, id=90, 128.48pt x 128.48pt> <use settingsExp128.png>
<compile128.png, id=91, 128.48pt x 128.48pt> <use compile128.png>
<run128.png, id=92, 128.48pt x 128.48pt> <use run128.png>
<stop128.png, id=93, 128.48pt x 128.48pt> <use stop128.png> [4 <./monitors128.p
ng> <./settingsExp128.png> <./compile128.png> <./run128.png>] [5 <./stop128.png
>] <textAdd.png, id=116, 60.225pt x 59.22125pt> <use textAdd.png>
<textDlg1st.png, id=117, 722.7pt x 776.9025pt> <use textDlg1st.png>
<flowClickInsertLoop.png, id=118, 502.87875pt x 85.31876pt>
<use flowClickInsertLoop.png>
<flowInsertLoopStart.png, id=119, 456.70625pt x 88.33pt>
<use flowInsertLoopStart.png> [6 <./textAdd.png> <./flowClickInsertLoop.png>]
[7 <./textDlg1st.png>] <loopDlg.png, id=133, 470.75874pt x 357.335pt>
<use loopDlg.png> <loopDlgComplete.png, id=134, 464.73625pt x 352.31625pt>
<use loopDlgComplete.png> [8 <./flowInsertLoopStart.png> <./loopDlg.png>]
<flowWithLoop.png, id=141, 379.4175pt x 100.375pt> <use flowWithLoop.png>
[9 <./loopDlgComplete.png> <./flowWithLoop.png>]
<keyboardDlg.png, id=149, 582.175pt x 524.96124pt> <use keyboardDlg.png>
<routineFlankerText.png, id=150, 879.285pt x 420.57124pt>
<use routineFlankerText.png> [10 <./keyboardDlg.png>]
<addRoutine.png, id=157, 368.37625pt x 111.41624pt> <use addRoutine.png>
[11 <./routineFlankerText.png> <./addRoutine.png>] <use settingsExp128.png>
<expSettingsFlanker.png, id=166, 436.63126pt x 413.545pt>
<use expSettingsFlanker.png> [12]
Overfull \hbox (162.1762pt too wide) in paragraph at lines 502--502
[]

Underfull \hbox (badness 10000) in paragraph at lines 502--502

[13 <./expSettingsFlanker.png>]
<routineTextReveal.png, id=180, 846.16125pt x 216.81pt>
<use routineTextReveal.png> [14]
<revealMaskProperties.png, id=189, 540.0175pt x 531.9875pt>
<use revealMaskProperties.png> [15 <./routineTextReveal.png> <./revealMaskPrope
rties.png>] <heart_red.png, id=198, 141.62404pt x 137.22151pt>
<use heart_red.png> <flowBlocksWrong.png, id=199, 923.45pt x 163.61125pt>
<use flowBlocksWrong.png> [16 <./heart_red.png> <./flowBlocksWrong.png>]
<flowBlocksRight.png, id=212, 698.61pt x 162.6075pt> <use flowBlocksRight.png>
[17 <./flowBlocksRight.png>]
<blocksMethodB_blockLoop.png, id=220, 465.74pt x 351.3125pt>
<use blocksMethodB_blockLoop.png>
<blocksMethodBFullFlow.png, id=221, 952.55875pt x 151.56625pt>
<use blocksMethodBFullFlow.png> [18 <./blocksMethodB_blockLoop.png> <./blocksMe
thodBFullFlow.png>] [19]
(/usr/local/texlive/2016/texmf-dist/tex/latex/psnfss/ts1pcr.fd) [20] [21]
[22] [23] [24] [25] [26]
<Terminal_Python.png, id=296, 725.71124pt x 450.68375pt>
<use Terminal_Python.png> [27]
<Builder_GUI.png, id=305, 1102.1175pt x 796.9775pt> <use Builder_GUI.png>
[28 <./Terminal_Python.png>]
<Coder_GUI.png, id=314, 812.03375pt x 757.83125pt> <use Coder_GUI.png> [29 <./B
uilder_GUI.png>] [30 <./Coder_GUI.png>] [31]
Overfull \hbox (83.70699pt too wide) in paragraph at lines 1913--1915
[]

Underfull \hbox (badness 10000) in paragraph at lines 1913--1915

[32] [33] [34] [35] [36] [37] [38] [39] [40] [41] [42] [43] [44] [45] [46]
[47] [48] [49] [50]
Overfull \vbox (4.1643pt too high) detected at line 3348
[51] [52] [53] [54] [55] [56] [57] [58] [59] [60] [61] [62] [63] [64] [65]
[66] (./3days2019.ind) [67] (./3days2019.aux)

LaTeX Warning: Label(s) may have changed. Rerun to get cross-references right.

 )
(see the transcript file for additional information){/usr/local/texlive/2016/te
xmf-dist/fonts/enc/dvips/base/8r.enc}</usr/local/texlive/2016/texmf-dist/fonts/
type1/public/amsfonts/cm/cmmi5.pfb></usr/local/texlive/2016/texmf-dist/fonts/ty
pe1/public/amsfonts/cm/cmsy5.pfb></usr/local/texlive/2016/texmf-dist/fonts/type
1/urw/courier/ucrb8a.pfb></usr/local/texlive/2016/texmf-dist/fonts/type1/urw/co
urier/ucrr8a.pfb></usr/local/texlive/2016/texmf-dist/fonts/type1/urw/courier/uc
rro8a.pfb></usr/local/texlive/2016/texmf-dist/fonts/type1/urw/helvetic/uhvb8a.p
fb></usr/local/texlive/2016/texmf-dist/fonts/type1/urw/helvetic/uhvbo8a.pfb></u
sr/local/texlive/2016/texmf-dist/fonts/type1/urw/helvetic/uhvr8a.pfb></usr/loca
l/texlive/2016/texmf-dist/fonts/type1/urw/times/utmb8a.pfb></usr/local/texlive/
2016/texmf-dist/fonts/type1/urw/times/utmbi8a.pfb></usr/local/texlive/2016/texm
f-dist/fonts/type1/urw/times/utmr8a.pfb></usr/local/texlive/2016/texmf-dist/fon
ts/type1/urw/times/utmri8a.pfb>
Output written on 3days2019.pdf (70 pages, 1536783 bytes).
Transcript written on 3days2019.log.
Latexmk: applying rule 'pdflatex'...
This is pdfTeX, Version 3.14159265-2.6-1.40.17 (TeX Live 2016) (preloaded format=pdflatex)
 restricted \write18 enabled.
entering extended mode
(./3days2019.tex
LaTeX2e <2016/03/31>
Babel <3.9r> and hyphenation patterns for 83 language(s) loaded.
(./sphinxmanual.cls
Document Class: sphinxmanual 2018/12/23 v2.0 Document class (Sphinx manual)
(/usr/local/texlive/2016/texmf-dist/tex/latex/base/report.cls
Document Class: report 2014/09/29 v1.4h Standard LaTeX document class
(/usr/local/texlive/2016/texmf-dist/tex/latex/base/size10.clo)))
(/usr/local/texlive/2016/texmf-dist/tex/latex/base/inputenc.sty
(/usr/local/texlive/2016/texmf-dist/tex/latex/base/utf8.def
(/usr/local/texlive/2016/texmf-dist/tex/latex/base/t1enc.dfu)
(/usr/local/texlive/2016/texmf-dist/tex/latex/base/ot1enc.dfu)
(/usr/local/texlive/2016/texmf-dist/tex/latex/base/omsenc.dfu)))
(/usr/local/texlive/2016/texmf-dist/tex/latex/cmap/cmap.sty)
(/usr/local/texlive/2016/texmf-dist/tex/latex/base/fontenc.sty
(/usr/local/texlive/2016/texmf-dist/tex/latex/base/t1enc.def)<<t1.cmap>>)
(/usr/local/texlive/2016/texmf-dist/tex/latex/amsmath/amsmath.sty
For additional information on amsmath, use the `?' option.
(/usr/local/texlive/2016/texmf-dist/tex/latex/amsmath/amstext.sty
(/usr/local/texlive/2016/texmf-dist/tex/latex/amsmath/amsgen.sty))
(/usr/local/texlive/2016/texmf-dist/tex/latex/amsmath/amsbsy.sty)
(/usr/local/texlive/2016/texmf-dist/tex/latex/amsmath/amsopn.sty))
(/usr/local/texlive/2016/texmf-dist/tex/latex/amsfonts/amssymb.sty
(/usr/local/texlive/2016/texmf-dist/tex/latex/amsfonts/amsfonts.sty))
(/usr/local/texlive/2016/texmf-dist/tex/generic/babel/babel.sty
(/usr/local/texlive/2016/texmf-dist/tex/generic/babel-english/english.ldf
(/usr/local/texlive/2016/texmf-dist/tex/generic/babel/babel.def)))
(/usr/local/texlive/2016/texmf-dist/tex/latex/psnfss/times.sty)
(/usr/local/texlive/2016/texmf-dist/tex/latex/fncychap/fncychap.sty)
(./sphinx.sty
(/usr/local/texlive/2016/texmf-dist/tex/generic/oberdiek/ltxcmds.sty)
(/usr/local/texlive/2016/texmf-dist/tex/latex/graphics/graphicx.sty
(/usr/local/texlive/2016/texmf-dist/tex/latex/graphics/keyval.sty)
(/usr/local/texlive/2016/texmf-dist/tex/latex/graphics/graphics.sty
(/usr/local/texlive/2016/texmf-dist/tex/latex/graphics/trig.sty)
(/usr/local/texlive/2016/texmf-dist/tex/latex/graphics-cfg/graphics.cfg)
(/usr/local/texlive/2016/texmf-dist/tex/latex/pdftex-def/pdftex.def
(/usr/local/texlive/2016/texmf-dist/tex/generic/oberdiek/infwarerr.sty))))
(/usr/local/texlive/2016/texmf-dist/tex/latex/fancyhdr/fancyhdr.sty)
(/usr/local/texlive/2016/texmf-dist/tex/latex/base/textcomp.sty
(/usr/local/texlive/2016/texmf-dist/tex/latex/base/ts1enc.def
(/usr/local/texlive/2016/texmf-dist/tex/latex/base/ts1enc.dfu)))
(/usr/local/texlive/2016/texmf-dist/tex/latex/titlesec/titlesec.sty)
(/usr/local/texlive/2016/texmf-dist/tex/latex/tabulary/tabulary.sty
(/usr/local/texlive/2016/texmf-dist/tex/latex/tools/array.sty))
(/usr/local/texlive/2016/texmf-dist/tex/latex/tools/longtable.sty)
(/usr/local/texlive/2016/texmf-dist/tex/latex/varwidth/varwidth.sty)
(./sphinxmulticell.sty)
(/usr/local/texlive/2016/texmf-dist/tex/latex/base/makeidx.sty)
(/usr/local/texlive/2016/texmf-dist/tex/latex/framed/framed.sty)
(/usr/local/texlive/2016/texmf-dist/tex/latex/xcolor/xcolor.sty
(/usr/local/texlive/2016/texmf-dist/tex/latex/graphics-cfg/color.cfg))
(/usr/local/texlive/2016/texmf-dist/tex/latex/fancyvrb/fancyvrb.sty
Style option: `fancyvrb' v2.7a, with DG/SPQR fixes, and firstline=lastline fix 
<2008/02/07> (tvz)) (./footnotehyper-sphinx.sty)
(/usr/local/texlive/2016/texmf-dist/tex/latex/float/float.sty)
(/usr/local/texlive/2016/texmf-dist/tex/latex/wrapfig/wrapfig.sty)
(/usr/local/texlive/2016/texmf-dist/tex/latex/parskip/parskip.sty)
(/usr/local/texlive/2016/texmf-dist/tex/latex/base/alltt.sty)
(/usr/local/texlive/2016/texmf-dist/tex/latex/upquote/upquote.sty)
(/usr/local/texlive/2016/texmf-dist/tex/latex/capt-of/capt-of.sty)
(/usr/local/texlive/2016/texmf-dist/tex/latex/needspace/needspace.sty)
(/usr/local/texlive/2016/texmf-dist/tex/latex/carlisle/remreset.sty)
(./sphinxhighlight.sty)
(/usr/local/texlive/2016/texmf-dist/tex/latex/oberdiek/kvoptions.sty
(/usr/local/texlive/2016/texmf-dist/tex/generic/oberdiek/kvsetkeys.sty
(/usr/local/texlive/2016/texmf-dist/tex/generic/oberdiek/etexcmds.sty
(/usr/local/texlive/2016/texmf-dist/tex/generic/oberdiek/ifluatex.sty)))))
(/usr/local/texlive/2016/texmf-dist/tex/latex/geometry/geometry.sty
(/usr/local/texlive/2016/texmf-dist/tex/generic/oberdiek/ifpdf.sty)
(/usr/local/texlive/2016/texmf-dist/tex/generic/oberdiek/ifvtex.sty)
(/usr/local/texlive/2016/texmf-dist/tex/generic/ifxetex/ifxetex.sty))
(/usr/local/texlive/2016/texmf-dist/tex/latex/hyperref/hyperref.sty
(/usr/local/texlive/2016/texmf-dist/tex/generic/oberdiek/hobsub-hyperref.sty
(/usr/local/texlive/2016/texmf-dist/tex/generic/oberdiek/hobsub-generic.sty))
(/usr/local/texlive/2016/texmf-dist/tex/latex/oberdiek/auxhook.sty)
(/usr/local/texlive/2016/texmf-dist/tex/latex/hyperref/pd1enc.def)
(/usr/local/texlive/2016/texmf-dist/tex/latex/latexconfig/hyperref.cfg)
(/usr/local/texlive/2016/texmf-dist/tex/latex/hyperref/puenc.def)
(/usr/local/texlive/2016/texmf-dist/tex/latex/url/url.sty))

Package hyperref Message: Driver (autodetected): hpdftex.

(/usr/local/texlive/2016/texmf-dist/tex/latex/hyperref/hpdftex.def
(/usr/local/texlive/2016/texmf-dist/tex/latex/oberdiek/rerunfilecheck.sty))
(/usr/local/texlive/2016/texmf-dist/tex/latex/oberdiek/hypcap.sty)
Writing index file 3days2019.idx
(./3days2019.aux) (/usr/local/texlive/2016/texmf-dist/tex/latex/base/ts1cmr.fd)
(/usr/local/texlive/2016/texmf-dist/tex/latex/psnfss/t1ptm.fd)
(/usr/local/texlive/2016/texmf-dist/tex/context/base/mkii/supp-pdf.mkii
[Loading MPS to PDF converter (version 2006.09.02).]
) (/usr/local/texlive/2016/texmf-dist/tex/latex/oberdiek/epstopdf-base.sty
(/usr/local/texlive/2016/texmf-dist/tex/latex/oberdiek/grfext.sty)
(/usr/local/texlive/2016/texmf-dist/tex/latex/latexconfig/epstopdf-sys.cfg))
*geometry* driver: auto-detecting
*geometry* detected driver: pdftex
(/usr/local/texlive/2016/texmf-dist/tex/latex/hyperref/nameref.sty
(/usr/local/texlive/2016/texmf-dist/tex/generic/oberdiek/gettitlestring.sty))
(./3days2019.out) (./3days2019.out)<<ot1.cmap>><<oml.cmap>><<oms.cmap>><<omx.cm
ap>> (/usr/local/texlive/2016/texmf-dist/tex/latex/amsfonts/umsa.fd)
(/usr/local/texlive/2016/texmf-dist/tex/latex/amsfonts/umsb.fd) [1{/usr/local/t
exlive/2016/texmf-var/fonts/map/pdftex/updmap/pdftex.map}]
(/usr/local/texlive/2016/texmf-dist/tex/latex/psnfss/t1phv.fd) (./3days2019.toc
) [1] [2]
Chapter 1.
(/usr/local/texlive/2016/texmf-dist/tex/latex/psnfss/ts1ptm.fd)
<flowStroop.png, id=61, 715.67375pt x 125.46875pt>
(/usr/local/texlive/2016/texmf-dist/tex/latex/psnfss/t1pcr.fd)
<use flowStroop.png> <routineStroop.png, id=63, 827.09pt x 319.1925pt>
<use routineStroop.png>pdfTeX warning (ext4): destination with the same identif
ier (name{page.1}) has been already used, duplicate ignored
<to be read again> 
                   \relax 
l.129 T
       he ‘trial’ Routine in the basic Stroop task. You can see there ar...
[1 <./flowStroop.png>] <componentsView.png, id=74, 196.735pt x 398.48875pt>
<use componentsView.png> [2 <./routineStroop.png>]
<preferences128.png, id=81, 128.48pt x 128.48pt> <use preferences128.png>
[3 <./componentsView.png> <./preferences128.png>]
<monitors128.png, id=89, 128.48pt x 128.48pt> <use monitors128.png>
<settingsExp128.png, id=90, 128.48pt x 128.48pt> <use settingsExp128.png>
<compile128.png, id=91, 128.48pt x 128.48pt> <use compile128.png>
<run128.png, id=92, 128.48pt x 128.48pt> <use run128.png>
<stop128.png, id=93, 128.48pt x 128.48pt> <use stop128.png> [4 <./monitors128.p
ng> <./settingsExp128.png> <./compile128.png> <./run128.png>] [5 <./stop128.png
>] <textAdd.png, id=116, 60.225pt x 59.22125pt> <use textAdd.png>
<textDlg1st.png, id=117, 722.7pt x 776.9025pt> <use textDlg1st.png>
<flowClickInsertLoop.png, id=118, 502.87875pt x 85.31876pt>
<use flowClickInsertLoop.png>
<flowInsertLoopStart.png, id=119, 456.70625pt x 88.33pt>
<use flowInsertLoopStart.png> [6 <./textAdd.png> <./flowClickInsertLoop.png>]
[7 <./textDlg1st.png>] <loopDlg.png, id=133, 470.75874pt x 357.335pt>
<use loopDlg.png> <loopDlgComplete.png, id=134, 464.73625pt x 352.31625pt>
<use loopDlgComplete.png> [8 <./flowInsertLoopStart.png> <./loopDlg.png>]
<flowWithLoop.png, id=141, 379.4175pt x 100.375pt> <use flowWithLoop.png>
[9 <./loopDlgComplete.png> <./flowWithLoop.png>]
<keyboardDlg.png, id=149, 582.175pt x 524.96124pt> <use keyboardDlg.png>
<routineFlankerText.png, id=150, 879.285pt x 420.57124pt>
<use routineFlankerText.png> [10 <./keyboardDlg.png>]
<addRoutine.png, id=157, 368.37625pt x 111.41624pt> <use addRoutine.png>
[11 <./routineFlankerText.png> <./addRoutine.png>] <use settingsExp128.png>
<expSettingsFlanker.png, id=166, 436.63126pt x 413.545pt>
<use expSettingsFlanker.png> [12]
Overfull \hbox (162.1762pt too wide) in paragraph at lines 502--502
[]

Underfull \hbox (badness 10000) in paragraph at lines 502--502

[13 <./expSettingsFlanker.png>]
<routineTextReveal.png, id=180, 846.16125pt x 216.81pt>
<use routineTextReveal.png> [14]
<revealMaskProperties.png, id=189, 540.0175pt x 531.9875pt>
<use revealMaskProperties.png> [15 <./routineTextReveal.png> <./revealMaskPrope
rties.png>] <heart_red.png, id=198, 141.62404pt x 137.22151pt>
<use heart_red.png> <flowBlocksWrong.png, id=199, 923.45pt x 163.61125pt>
<use flowBlocksWrong.png> [16 <./heart_red.png> <./flowBlocksWrong.png>]
<flowBlocksRight.png, id=212, 698.61pt x 162.6075pt> <use flowBlocksRight.png>
[17 <./flowBlocksRight.png>]
<blocksMethodB_blockLoop.png, id=220, 465.74pt x 351.3125pt>
<use blocksMethodB_blockLoop.png>
<blocksMethodBFullFlow.png, id=221, 952.55875pt x 151.56625pt>
<use blocksMethodBFullFlow.png> [18 <./blocksMethodB_blockLoop.png> <./blocksMe
thodBFullFlow.png>] [19]
(/usr/local/texlive/2016/texmf-dist/tex/latex/psnfss/ts1pcr.fd) [20] [21]
[22] [23] [24] [25] [26]
<Terminal_Python.png, id=296, 725.71124pt x 450.68375pt>
<use Terminal_Python.png> [27]
<Builder_GUI.png, id=305, 1102.1175pt x 796.9775pt> <use Builder_GUI.png>
[28 <./Terminal_Python.png>]
<Coder_GUI.png, id=314, 812.03375pt x 757.83125pt> <use Coder_GUI.png> [29 <./B
uilder_GUI.png>] [30 <./Coder_GUI.png>] [31]
Overfull \hbox (83.70699pt too wide) in paragraph at lines 1913--1915
[]

Underfull \hbox (badness 10000) in paragraph at lines 1913--1915

[32] [33] [34] [35] [36] [37] [38] [39] [40] [41] [42] [43] [44] [45] [46]
[47] [48] [49] [50]
Overfull \vbox (4.1643pt too high) detected at line 3348
[51] [52] [53] [54] [55] [56] [57] [58] [59] [60] [61] [62] [63] [64] [65]
[66] (./3days2019.ind) [67] (./3days2019.aux) )
(see the transcript file for additional information){/usr/local/texlive/2016/te
xmf-dist/fonts/enc/dvips/base/8r.enc}</usr/local/texlive/2016/texmf-dist/fonts/
type1/public/amsfonts/cm/cmmi5.pfb></usr/local/texlive/2016/texmf-dist/fonts/ty
pe1/public/amsfonts/cm/cmsy5.pfb></usr/local/texlive/2016/texmf-dist/fonts/type
1/urw/courier/ucrb8a.pfb></usr/local/texlive/2016/texmf-dist/fonts/type1/urw/co
urier/ucrr8a.pfb></usr/local/texlive/2016/texmf-dist/fonts/type1/urw/courier/uc
rro8a.pfb></usr/local/texlive/2016/texmf-dist/fonts/type1/urw/helvetic/uhvb8a.p
fb></usr/local/texlive/2016/texmf-dist/fonts/type1/urw/helvetic/uhvbo8a.pfb></u
sr/local/texlive/2016/texmf-dist/fonts/type1/urw/helvetic/uhvr8a.pfb></usr/loca
l/texlive/2016/texmf-dist/fonts/type1/urw/times/utmb8a.pfb></usr/local/texlive/
2016/texmf-dist/fonts/type1/urw/times/utmbi8a.pfb></usr/local/texlive/2016/texm
f-dist/fonts/type1/urw/times/utmr8a.pfb></usr/local/texlive/2016/texmf-dist/fon
ts/type1/urw/times/utmri8a.pfb>
Output written on 3days2019.pdf (70 pages, 1561941 bytes).
Transcript written on 3days2019.log.
Latexmk: All targets (3days2019.pdf) are up-to-date
